2025-10-26 01:49:30 | INFO     | HTTP Request: GET https://jqphrrikzkntcyzsrbrc.supabase.co/rest/v1/active_duels?select=%2A "HTTP/2 200 OK"
2025-10-26 01:49:30 | INFO     | HTTP Request: GET https://jqphrrikzkntcyzsrbrc.supabase.co/rest/v1/duel_stats?select=%2A "HTTP/2 200 OK"
2025-10-26 01:49:30 | INFO     | ‚úÖ –î–∞–Ω–Ω—ã–µ –∏–∑ Supabase –∑–∞–≥—Ä—É–∂–µ–Ω—ã
2025-10-26 01:49:33 | SUCCESS  | üéâ –í—Å–µ —Ñ–∞–π–ª—ã cogs —É—Å–ø–µ—à–Ω–æ –∑–∞–≥—Ä—É–∂–µ–Ω—ã!
2025-10-26 01:49:37 | SUCCESS  | ü§ñ –ë–æ—Ç `Void Sentinel#5662` —É—Å–ø–µ—à–Ω–æ –∑–∞–ø—É—â–µ–Ω (ID: 1230464176745480254)
2025-10-26 01:49:37 | INFO     | üõ° –°–µ—Ä–≤–µ—Ä: Legion Of The Damned | ID: 828749346505490503 | –£—á–∞—Å—Ç–Ω–∏–∫–æ–≤: 8
2025-10-26 01:49:37 | INFO     | üõ° –°–µ—Ä–≤–µ—Ä: Space_Marine 2RU | ID: 1118852004786225192 | –£—á–∞—Å—Ç–Ω–∏–∫–æ–≤: 288
2025-10-26 01:49:37 | INFO     | üõ° –°–µ—Ä–≤–µ—Ä: winie's server | ID: 1335265286198263848 | –£—á–∞—Å—Ç–Ω–∏–∫–æ–≤: 56
2025-10-26 01:49:37 | INFO     | üõ° –°–µ—Ä–≤–µ—Ä: –°–µ—Ä–≤–µ—Ä –∫–æ—Ä–∏—Å—Ç—É–≤–∞—á–∞ kraken_5491 | ID: 1411475618343686187 | –£—á–∞—Å—Ç–Ω–∏–∫–æ–≤: 4
2025-10-26 01:49:37 | SUCCESS  | –°–æ–æ–±—â–µ–Ω–∏–µ –≤–µ—Ä–∏—Ñ–∏–∫–∞—Ü–∏–∏ –Ω–∞–π–¥–µ–Ω–æ, —Å–æ–∑–¥–∞–Ω–∏–µ –Ω–µ —Ç—Ä–µ–±—É–µ—Ç—Å—è.
2025-10-26 01:49:38 | SUCCESS  | –ö–æ–º–∞–Ω–¥—ã —É—Å–ø–µ—à–Ω–æ —Å–∏–Ω—Ö—Ä–æ–Ω–∏–∑–∏—Ä–æ–≤–∞–Ω—ã
2025-10-26 01:49:39 | WARNING  | üõë –ó–∞–ø—É—Å–∫ –æ—Å—Ç–∞–Ω–æ–≤–ª–µ–Ω –≤—Ä—É—á–Ω—É—é.
2025-10-26 02:04:05 | INFO     | HTTP Request: GET https://jqphrrikzkntcyzsrbrc.supabase.co/rest/v1/active_duels?select=%2A "HTTP/2 200 OK"
2025-10-26 02:04:05 | INFO     | HTTP Request: GET https://jqphrrikzkntcyzsrbrc.supabase.co/rest/v1/duel_stats?select=%2A "HTTP/2 200 OK"
2025-10-26 02:04:05 | INFO     | ‚úÖ –î–∞–Ω–Ω—ã–µ –∏–∑ Supabase –∑–∞–≥—Ä—É–∂–µ–Ω—ã
2025-10-26 02:04:12 | SUCCESS  | üéâ –í—Å–µ —Ñ–∞–π–ª—ã cogs —É—Å–ø–µ—à–Ω–æ –∑–∞–≥—Ä—É–∂–µ–Ω—ã!
2025-10-26 02:04:15 | SUCCESS  | ü§ñ –ë–æ—Ç `Void Sentinel#5662` —É—Å–ø–µ—à–Ω–æ –∑–∞–ø—É—â–µ–Ω (ID: 1230464176745480254)
2025-10-26 02:04:15 | INFO     | üõ° –°–µ—Ä–≤–µ—Ä: Legion Of The Damned | ID: 828749346505490503 | –£—á–∞—Å—Ç–Ω–∏–∫–æ–≤: 8
2025-10-26 02:04:15 | INFO     | üõ° –°–µ—Ä–≤–µ—Ä: Space_Marine 2RU | ID: 1118852004786225192 | –£—á–∞—Å—Ç–Ω–∏–∫–æ–≤: 288
2025-10-26 02:04:15 | INFO     | üõ° –°–µ—Ä–≤–µ—Ä: winie's server | ID: 1335265286198263848 | –£—á–∞—Å—Ç–Ω–∏–∫–æ–≤: 56
2025-10-26 02:04:15 | INFO     | üõ° –°–µ—Ä–≤–µ—Ä: –°–µ—Ä–≤–µ—Ä –∫–æ—Ä–∏—Å—Ç—É–≤–∞—á–∞ kraken_5491 | ID: 1411475618343686187 | –£—á–∞—Å—Ç–Ω–∏–∫–æ–≤: 4
2025-10-26 02:04:16 | SUCCESS  | –ö–æ–º–∞–Ω–¥—ã —É—Å–ø–µ—à–Ω–æ —Å–∏–Ω—Ö—Ä–æ–Ω–∏–∑–∏—Ä–æ–≤–∞–Ω—ã
2025-10-26 02:04:16 | SUCCESS  | –°–æ–æ–±—â–µ–Ω–∏–µ –≤–µ—Ä–∏—Ñ–∏–∫–∞—Ü–∏–∏ –Ω–∞–π–¥–µ–Ω–æ, —Å–æ–∑–¥–∞–Ω–∏–µ –Ω–µ —Ç—Ä–µ–±—É–µ—Ç—Å—è.
2025-10-26 02:04:59 | WARNING  | üõë –ó–∞–ø—É—Å–∫ –æ—Å—Ç–∞–Ω–æ–≤–ª–µ–Ω –≤—Ä—É—á–Ω—É—é.
2025-10-26 02:05:49 | INFO     | HTTP Request: GET https://jqphrrikzkntcyzsrbrc.supabase.co/rest/v1/active_duels?select=%2A "HTTP/2 200 OK"
2025-10-26 02:05:49 | INFO     | HTTP Request: GET https://jqphrrikzkntcyzsrbrc.supabase.co/rest/v1/duel_stats?select=%2A "HTTP/2 200 OK"
2025-10-26 02:05:49 | INFO     | ‚úÖ –î–∞–Ω–Ω—ã–µ –∏–∑ Supabase –∑–∞–≥—Ä—É–∂–µ–Ω—ã
2025-10-26 02:05:53 | SUCCESS  | üéâ –í—Å–µ —Ñ–∞–π–ª—ã cogs —É—Å–ø–µ—à–Ω–æ –∑–∞–≥—Ä—É–∂–µ–Ω—ã!
2025-10-26 02:05:57 | SUCCESS  | ü§ñ –ë–æ—Ç `Void Sentinel#5662` —É—Å–ø–µ—à–Ω–æ –∑–∞–ø—É—â–µ–Ω (ID: 1230464176745480254)
2025-10-26 02:05:57 | INFO     | üõ° –°–µ—Ä–≤–µ—Ä: Legion Of The Damned | ID: 828749346505490503 | –£—á–∞—Å—Ç–Ω–∏–∫–æ–≤: 8
2025-10-26 02:05:57 | INFO     | üõ° –°–µ—Ä–≤–µ—Ä: Space_Marine 2RU | ID: 1118852004786225192 | –£—á–∞—Å—Ç–Ω–∏–∫–æ–≤: 288
2025-10-26 02:05:57 | INFO     | üõ° –°–µ—Ä–≤–µ—Ä: winie's server | ID: 1335265286198263848 | –£—á–∞—Å—Ç–Ω–∏–∫–æ–≤: 56
2025-10-26 02:05:57 | INFO     | üõ° –°–µ—Ä–≤–µ—Ä: –°–µ—Ä–≤–µ—Ä –∫–æ—Ä–∏—Å—Ç—É–≤–∞—á–∞ kraken_5491 | ID: 1411475618343686187 | –£—á–∞—Å—Ç–Ω–∏–∫–æ–≤: 4
2025-10-26 02:05:57 | SUCCESS  | –°–æ–æ–±—â–µ–Ω–∏–µ –≤–µ—Ä–∏—Ñ–∏–∫–∞—Ü–∏–∏ –Ω–∞–π–¥–µ–Ω–æ, —Å–æ–∑–¥–∞–Ω–∏–µ –Ω–µ —Ç—Ä–µ–±—É–µ—Ç—Å—è.
2025-10-26 02:05:57 | SUCCESS  | –ö–æ–º–∞–Ω–¥—ã —É—Å–ø–µ—à–Ω–æ —Å–∏–Ω—Ö—Ä–æ–Ω–∏–∑–∏—Ä–æ–≤–∞–Ω—ã
2025-10-26 02:06:11 | INFO     | infinite_5491 (1263265959851065528) –ø–æ–∫–∏–Ω—É–ª —Å–µ—Ä–≤–µ—Ä Legion Of The Damned
2025-10-26 02:06:12 | INFO     | Webhook —Å–æ–∑–¥–∞–Ω –≤ –∫–∞–Ω–∞–ª–µ: üí¨—á–∞—Ç-–∫–∞–Ω–∞–ªüí¨ (1400948760632098816)
2025-10-26 02:06:12 | INFO     | ‚úÖ –û—Ç–ø—Ä–∞–≤–ª–µ–Ω–æ —Å–æ–æ–±—â–µ–Ω–∏–µ –æ–± —É—Ö–æ–¥–µ infinite_5491 (1263265959851065528)
2025-10-26 02:06:13 | INFO     | Webhook —É–¥–∞–ª—ë–Ω –∏–∑ –∫–∞–Ω–∞–ª–∞: üí¨—á–∞—Ç-–∫–∞–Ω–∞–ªüí¨ (1400948760632098816)
2025-10-26 02:06:24 | INFO     | infinite_5491 (1263265959851065528) –ø—Ä–∏—Å–æ–µ–¥–∏–Ω–∏–ª—Å—è –∫ —Å–µ—Ä–≤–µ—Ä—É Legion Of The Damned
2025-10-26 02:06:25 | INFO     | Webhook —Å–æ–∑–¥–∞–Ω –≤ –∫–∞–Ω–∞–ª–µ: üí¨—á–∞—Ç-–∫–∞–Ω–∞–ªüí¨ (1400948760632098816)
2025-10-26 02:06:25 | INFO     | ‚úÖ –û—Ç–ø—Ä–∞–≤–ª–µ–Ω–æ –ø—Ä–∏–≤–µ—Ç—Å—Ç–≤–µ–Ω–Ω–æ–µ —Å–æ–æ–±—â–µ–Ω–∏–µ –¥–ª—è infinite_5491 (1263265959851065528)
2025-10-26 02:06:25 | INFO     | Webhook —É–¥–∞–ª—ë–Ω –∏–∑ –∫–∞–Ω–∞–ª–∞: üí¨—á–∞—Ç-–∫–∞–Ω–∞–ªüí¨ (1400948760632098816)
2025-10-26 02:06:34 | INFO     | üí¨ –û—Ç–ø—Ä–∞–≤–ª–µ–Ω–æ –õ–° –ø–æ–ª—å–∑–æ–≤–∞—Ç–µ–ª—é [LOTD] Infinity –æ –≤—Å—Ç—É–ø–ª–µ–Ω–∏–∏ –≤ –∫–ª–∞–Ω.
2025-10-26 02:07:33 | INFO     | –£–≤–µ–¥–æ–º–ª–µ–Ω–∏–µ –æ—Ç–ø—Ä–∞–≤–ª–µ–Ω–æ kraken_5491
2025-10-26 02:07:36 | INFO     | HTTP Request: POST https://jqphrrikzkntcyzsrbrc.supabase.co/rest/v1/applications "HTTP/2 201 Created"
2025-10-26 02:07:36 | SUCCESS  | –ó–∞—è–≤–∫–∞ infinite_5491 —É—Å–ø–µ—à–Ω–æ —Å–æ—Ö—Ä–∞–Ω–µ–Ω–∞ –≤ Supabase
2025-10-26 02:07:47 | SUCCESS  | –ó–∞—è–≤–∫–∞ –æ–¥–æ–±—Ä–µ–Ω–∞: infinite_5491
2025-10-26 02:18:46 | WARNING  | üõë –ó–∞–ø—É—Å–∫ –æ—Å—Ç–∞–Ω–æ–≤–ª–µ–Ω –≤—Ä—É—á–Ω—É—é.
2025-10-26 02:19:26 | INFO     | HTTP Request: GET https://jqphrrikzkntcyzsrbrc.supabase.co/rest/v1/active_duels?select=%2A "HTTP/2 200 OK"
2025-10-26 02:19:26 | INFO     | HTTP Request: GET https://jqphrrikzkntcyzsrbrc.supabase.co/rest/v1/duel_stats?select=%2A "HTTP/2 200 OK"
2025-10-26 02:19:26 | INFO     | ‚úÖ –î–∞–Ω–Ω—ã–µ –∏–∑ Supabase –∑–∞–≥—Ä—É–∂–µ–Ω—ã
2025-10-26 02:19:29 | SUCCESS  | üéâ –í—Å–µ —Ñ–∞–π–ª—ã cogs —É—Å–ø–µ—à–Ω–æ –∑–∞–≥—Ä—É–∂–µ–Ω—ã!
2025-10-26 02:19:34 | SUCCESS  | ü§ñ –ë–æ—Ç `Void Sentinel#5662` —É—Å–ø–µ—à–Ω–æ –∑–∞–ø—É—â–µ–Ω (ID: 1230464176745480254)
2025-10-26 02:19:34 | INFO     | üõ° –°–µ—Ä–≤–µ—Ä: Legion Of The Damned | ID: 828749346505490503 | –£—á–∞—Å—Ç–Ω–∏–∫–æ–≤: 8
2025-10-26 02:19:34 | INFO     | üõ° –°–µ—Ä–≤–µ—Ä: Space_Marine 2RU | ID: 1118852004786225192 | –£—á–∞—Å—Ç–Ω–∏–∫–æ–≤: 288
2025-10-26 02:19:34 | INFO     | üõ° –°–µ—Ä–≤–µ—Ä: winie's server | ID: 1335265286198263848 | –£—á–∞—Å—Ç–Ω–∏–∫–æ–≤: 56
2025-10-26 02:19:34 | INFO     | üõ° –°–µ—Ä–≤–µ—Ä: –°–µ—Ä–≤–µ—Ä –∫–æ—Ä–∏—Å—Ç—É–≤–∞—á–∞ kraken_5491 | ID: 1411475618343686187 | –£—á–∞—Å—Ç–Ω–∏–∫–æ–≤: 4
2025-10-26 02:19:34 | SUCCESS  | –ö–æ–º–∞–Ω–¥—ã —É—Å–ø–µ—à–Ω–æ —Å–∏–Ω—Ö—Ä–æ–Ω–∏–∑–∏—Ä–æ–≤–∞–Ω—ã
2025-10-26 02:21:13 | WARNING  | üõë –ó–∞–ø—É—Å–∫ –æ—Å—Ç–∞–Ω–æ–≤–ª–µ–Ω –≤—Ä—É—á–Ω—É—é.
2025-10-26 02:23:17 | INFO     | HTTP Request: GET https://jqphrrikzkntcyzsrbrc.supabase.co/rest/v1/active_duels?select=%2A "HTTP/2 200 OK"
2025-10-26 02:23:18 | INFO     | HTTP Request: GET https://jqphrrikzkntcyzsrbrc.supabase.co/rest/v1/duel_stats?select=%2A "HTTP/2 200 OK"
2025-10-26 02:23:18 | INFO     | ‚úÖ –î–∞–Ω–Ω—ã–µ –∏–∑ Supabase –∑–∞–≥—Ä—É–∂–µ–Ω—ã
2025-10-26 02:23:20 | SUCCESS  | üéâ –í—Å–µ —Ñ–∞–π–ª—ã cogs —É—Å–ø–µ—à–Ω–æ –∑–∞–≥—Ä—É–∂–µ–Ω—ã!
2025-10-26 02:23:24 | SUCCESS  | ü§ñ –ë–æ—Ç `Void Sentinel#5662` —É—Å–ø–µ—à–Ω–æ –∑–∞–ø—É—â–µ–Ω (ID: 1230464176745480254)
2025-10-26 02:23:24 | INFO     | üõ° –°–µ—Ä–≤–µ—Ä: Legion Of The Damned | ID: 828749346505490503 | –£—á–∞—Å—Ç–Ω–∏–∫–æ–≤: 8
2025-10-26 02:23:24 | INFO     | üõ° –°–µ—Ä–≤–µ—Ä: Space_Marine 2RU | ID: 1118852004786225192 | –£—á–∞—Å—Ç–Ω–∏–∫–æ–≤: 288
2025-10-26 02:23:24 | INFO     | üõ° –°–µ—Ä–≤–µ—Ä: winie's server | ID: 1335265286198263848 | –£—á–∞—Å—Ç–Ω–∏–∫–æ–≤: 56
2025-10-26 02:23:24 | INFO     | üõ° –°–µ—Ä–≤–µ—Ä: –°–µ—Ä–≤–µ—Ä –∫–æ—Ä–∏—Å—Ç—É–≤–∞—á–∞ kraken_5491 | ID: 1411475618343686187 | –£—á–∞—Å—Ç–Ω–∏–∫–æ–≤: 4
2025-10-26 02:23:25 | SUCCESS  | –ö–æ–º–∞–Ω–¥—ã —É—Å–ø–µ—à–Ω–æ —Å–∏–Ω—Ö—Ä–æ–Ω–∏–∑–∏—Ä–æ–≤–∞–Ω—ã
2025-10-26 02:24:09 | WARNING  | üõë –ó–∞–ø—É—Å–∫ –æ—Å—Ç–∞–Ω–æ–≤–ª–µ–Ω –≤—Ä—É—á–Ω—É—é.
2025-10-26 02:24:49 | INFO     | HTTP Request: GET https://jqphrrikzkntcyzsrbrc.supabase.co/rest/v1/active_duels?select=%2A "HTTP/2 200 OK"
2025-10-26 02:24:50 | INFO     | HTTP Request: GET https://jqphrrikzkntcyzsrbrc.supabase.co/rest/v1/duel_stats?select=%2A "HTTP/2 200 OK"
2025-10-26 02:24:50 | INFO     | ‚úÖ –î–∞–Ω–Ω—ã–µ –∏–∑ Supabase –∑–∞–≥—Ä—É–∂–µ–Ω—ã
2025-10-26 02:24:53 | SUCCESS  | üéâ –í—Å–µ —Ñ–∞–π–ª—ã cogs —É—Å–ø–µ—à–Ω–æ –∑–∞–≥—Ä—É–∂–µ–Ω—ã!
2025-10-26 02:24:56 | SUCCESS  | ü§ñ –ë–æ—Ç `Void Sentinel#5662` —É—Å–ø–µ—à–Ω–æ –∑–∞–ø—É—â–µ–Ω (ID: 1230464176745480254)
2025-10-26 02:24:56 | INFO     | üõ° –°–µ—Ä–≤–µ—Ä: Legion Of The Damned | ID: 828749346505490503 | –£—á–∞—Å—Ç–Ω–∏–∫–æ–≤: 8
2025-10-26 02:24:56 | INFO     | üõ° –°–µ—Ä–≤–µ—Ä: Space_Marine 2RU | ID: 1118852004786225192 | –£—á–∞—Å—Ç–Ω–∏–∫–æ–≤: 288
2025-10-26 02:24:56 | INFO     | üõ° –°–µ—Ä–≤–µ—Ä: winie's server | ID: 1335265286198263848 | –£—á–∞—Å—Ç–Ω–∏–∫–æ–≤: 56
2025-10-26 02:24:56 | INFO     | üõ° –°–µ—Ä–≤–µ—Ä: –°–µ—Ä–≤–µ—Ä –∫–æ—Ä–∏—Å—Ç—É–≤–∞—á–∞ kraken_5491 | ID: 1411475618343686187 | –£—á–∞—Å—Ç–Ω–∏–∫–æ–≤: 4
2025-10-26 02:24:57 | SUCCESS  | –ö–æ–º–∞–Ω–¥—ã —É—Å–ø–µ—à–Ω–æ —Å–∏–Ω—Ö—Ä–æ–Ω–∏–∑–∏—Ä–æ–≤–∞–Ω—ã
2025-10-26 02:26:20 | WARNING  | üõë –ó–∞–ø—É—Å–∫ –æ—Å—Ç–∞–Ω–æ–≤–ª–µ–Ω –≤—Ä—É—á–Ω—É—é.
2025-10-26 02:26:52 | INFO     | HTTP Request: GET https://jqphrrikzkntcyzsrbrc.supabase.co/rest/v1/active_duels?select=%2A "HTTP/2 200 OK"
2025-10-26 02:26:53 | INFO     | HTTP Request: GET https://jqphrrikzkntcyzsrbrc.supabase.co/rest/v1/duel_stats?select=%2A "HTTP/2 200 OK"
2025-10-26 02:26:53 | INFO     | ‚úÖ –î–∞–Ω–Ω—ã–µ –∏–∑ Supabase –∑–∞–≥—Ä—É–∂–µ–Ω—ã
2025-10-26 02:26:56 | SUCCESS  | üéâ –í—Å–µ —Ñ–∞–π–ª—ã cogs —É—Å–ø–µ—à–Ω–æ –∑–∞–≥—Ä—É–∂–µ–Ω—ã!
2025-10-26 02:27:00 | SUCCESS  | ü§ñ –ë–æ—Ç `Void Sentinel#5662` —É—Å–ø–µ—à–Ω–æ –∑–∞–ø—É—â–µ–Ω (ID: 1230464176745480254)
2025-10-26 02:27:00 | INFO     | üõ° –°–µ—Ä–≤–µ—Ä: Legion Of The Damned | ID: 828749346505490503 | –£—á–∞—Å—Ç–Ω–∏–∫–æ–≤: 8
2025-10-26 02:27:00 | INFO     | üõ° –°–µ—Ä–≤–µ—Ä: Space_Marine 2RU | ID: 1118852004786225192 | –£—á–∞—Å—Ç–Ω–∏–∫–æ–≤: 288
2025-10-26 02:27:00 | INFO     | üõ° –°–µ—Ä–≤–µ—Ä: winie's server | ID: 1335265286198263848 | –£—á–∞—Å—Ç–Ω–∏–∫–æ–≤: 56
2025-10-26 02:27:00 | INFO     | üõ° –°–µ—Ä–≤–µ—Ä: –°–µ—Ä–≤–µ—Ä –∫–æ—Ä–∏—Å—Ç—É–≤–∞—á–∞ kraken_5491 | ID: 1411475618343686187 | –£—á–∞—Å—Ç–Ω–∏–∫–æ–≤: 4
2025-10-26 02:27:00 | SUCCESS  | –ö–æ–º–∞–Ω–¥—ã —É—Å–ø–µ—à–Ω–æ —Å–∏–Ω—Ö—Ä–æ–Ω–∏–∑–∏—Ä–æ–≤–∞–Ω—ã
2025-10-26 02:28:01 | WARNING  | üõë –ó–∞–ø—É—Å–∫ –æ—Å—Ç–∞–Ω–æ–≤–ª–µ–Ω –≤—Ä—É—á–Ω—É—é.
2025-10-26 02:30:18 | INFO     | HTTP Request: GET https://jqphrrikzkntcyzsrbrc.supabase.co/rest/v1/active_duels?select=%2A "HTTP/2 200 OK"
2025-10-26 02:30:18 | INFO     | HTTP Request: GET https://jqphrrikzkntcyzsrbrc.supabase.co/rest/v1/duel_stats?select=%2A "HTTP/2 200 OK"
2025-10-26 02:30:18 | INFO     | ‚úÖ –î–∞–Ω–Ω—ã–µ –∏–∑ Supabase –∑–∞–≥—Ä—É–∂–µ–Ω—ã
2025-10-26 02:30:22 | SUCCESS  | üéâ –í—Å–µ —Ñ–∞–π–ª—ã cogs —É—Å–ø–µ—à–Ω–æ –∑–∞–≥—Ä—É–∂–µ–Ω—ã!
2025-10-26 02:30:26 | SUCCESS  | ü§ñ –ë–æ—Ç `Void Sentinel#5662` —É—Å–ø–µ—à–Ω–æ –∑–∞–ø—É—â–µ–Ω (ID: 1230464176745480254)
2025-10-26 02:30:26 | INFO     | üõ° –°–µ—Ä–≤–µ—Ä: Legion Of The Damned | ID: 828749346505490503 | –£—á–∞—Å—Ç–Ω–∏–∫–æ–≤: 8
2025-10-26 02:30:26 | INFO     | üõ° –°–µ—Ä–≤–µ—Ä: Space_Marine 2RU | ID: 1118852004786225192 | –£—á–∞—Å—Ç–Ω–∏–∫–æ–≤: 288
2025-10-26 02:30:26 | INFO     | üõ° –°–µ—Ä–≤–µ—Ä: winie's server | ID: 1335265286198263848 | –£—á–∞—Å—Ç–Ω–∏–∫–æ–≤: 56
2025-10-26 02:30:26 | INFO     | üõ° –°–µ—Ä–≤–µ—Ä: –°–µ—Ä–≤–µ—Ä –∫–æ—Ä–∏—Å—Ç—É–≤–∞—á–∞ kraken_5491 | ID: 1411475618343686187 | –£—á–∞—Å—Ç–Ω–∏–∫–æ–≤: 4
2025-10-26 02:30:26 | SUCCESS  | –ö–æ–º–∞–Ω–¥—ã —É—Å–ø–µ—à–Ω–æ —Å–∏–Ω—Ö—Ä–æ–Ω–∏–∑–∏—Ä–æ–≤–∞–Ω—ã
2025-10-26 02:31:00 | WARNING  | üõë –ó–∞–ø—É—Å–∫ –æ—Å—Ç–∞–Ω–æ–≤–ª–µ–Ω –≤—Ä—É—á–Ω—É—é.
2025-10-26 02:34:20 | CRITICAL | ‚ùå –û—à–∏–±–∫–∏ –ø—Ä–∏ –∑–∞–≥—Ä—É–∑–∫–µ –º–æ–¥—É–ª–µ–π: cogs.admin, cogs.applications, cogs.clan_general, cogs.clan_info, cogs.coinflip, cogs.duel, cogs.events, cogs.general, cogs.info, cogs.music, cogs.quiz, cogs.rps, cogs.voting
2025-10-26 02:34:20 | ERROR    | 
--- –û—à–∏–±–∫–∞ –≤ `cogs.admin` ---
Traceback (most recent call last):
  File "C:\Users\KLegi\AppData\Local\Python\pythoncore-3.14-64\Lib\site-packages\discord\cog.py", line 784, in _load_from_module_spec
    spec.loader.exec_module(lib)  # type: ignore
    ~~~~~~~~~~~~~~~~~~~~~~~^^^^^
  File "<frozen importlib._bootstrap_external>", line 762, in exec_module
  File "<frozen importlib._bootstrap>", line 491, in _call_with_frames_removed
  File "C:\Users\KLegi\Desktop\Void-Sentinel-develop\cogs\admin.py", line 3, in <module>
    from discord import app_commands
  File "C:\Users\KLegi\AppData\Local\Python\pythoncore-3.14-64\Lib\site-packages\discord\app_commands\__init__.py", line 12, in <module>
    from .commands import *
  File "C:\Users\KLegi\AppData\Local\Python\pythoncore-3.14-64\Lib\site-packages\discord\app_commands\commands.py", line 51, in <module>
    from ..enums import AppCommandOptionType, AppCommandType, ChannelType, Locale
ImportError: cannot import name 'AppCommandOptionType' from 'discord.enums' (C:\Users\KLegi\AppData\Local\Python\pythoncore-3.14-64\Lib\site-packages\discord\enums.py). Did you mean: 'SlashCommandOptionType'?

The above exception was the direct cause of the following exception:

Traceback (most recent call last):
  File "C:\Users\KLegi\Desktop\Void-Sentinel-develop\main.py", line 48, in load_cogs
    await bot.load_extension(cog)
          ~~~~~~~~~~~~~~~~~~^^^^^
  File "C:\Users\KLegi\AppData\Local\Python\pythoncore-3.14-64\Lib\site-packages\discord\cog.py", line 918, in load_extension
    self._load_from_module_spec(spec, name)
    ~~~~~~~~~~~~~~~~~~~~~~~~~~~^^^^^^^^^^^^
  File "C:\Users\KLegi\AppData\Local\Python\pythoncore-3.14-64\Lib\site-packages\discord\cog.py", line 787, in _load_from_module_spec
    raise errors.ExtensionFailed(key, e) from e
discord.errors.ExtensionFailed: Extension 'cogs.admin' raised an error: ImportError: cannot import name 'AppCommandOptionType' from 'discord.enums' (C:\Users\KLegi\AppData\Local\Python\pythoncore-3.14-64\Lib\site-packages\discord\enums.py)

--- –ö–æ–Ω–µ—Ü –æ—à–∏–±–∫–∏ ---
2025-10-26 02:34:20 | ERROR    | 
--- –û—à–∏–±–∫–∞ –≤ `cogs.applications` ---
Traceback (most recent call last):
  File "C:\Users\KLegi\AppData\Local\Python\pythoncore-3.14-64\Lib\site-packages\discord\cog.py", line 784, in _load_from_module_spec
    spec.loader.exec_module(lib)  # type: ignore
    ~~~~~~~~~~~~~~~~~~~~~~~^^^^^
  File "<frozen importlib._bootstrap_external>", line 762, in exec_module
  File "<frozen importlib._bootstrap>", line 491, in _call_with_frames_removed
  File "C:\Users\KLegi\Desktop\Void-Sentinel-develop\cogs\applications.py", line 3, in <module>
    from discord import app_commands
  File "C:\Users\KLegi\AppData\Local\Python\pythoncore-3.14-64\Lib\site-packages\discord\app_commands\__init__.py", line 12, in <module>
    from .commands import *
  File "C:\Users\KLegi\AppData\Local\Python\pythoncore-3.14-64\Lib\site-packages\discord\app_commands\commands.py", line 51, in <module>
    from ..enums import AppCommandOptionType, AppCommandType, ChannelType, Locale
ImportError: cannot import name 'AppCommandOptionType' from 'discord.enums' (C:\Users\KLegi\AppData\Local\Python\pythoncore-3.14-64\Lib\site-packages\discord\enums.py). Did you mean: 'SlashCommandOptionType'?

The above exception was the direct cause of the following exception:

Traceback (most recent call last):
  File "C:\Users\KLegi\Desktop\Void-Sentinel-develop\main.py", line 48, in load_cogs
    await bot.load_extension(cog)
          ~~~~~~~~~~~~~~~~~~^^^^^
  File "C:\Users\KLegi\AppData\Local\Python\pythoncore-3.14-64\Lib\site-packages\discord\cog.py", line 918, in load_extension
    self._load_from_module_spec(spec, name)
    ~~~~~~~~~~~~~~~~~~~~~~~~~~~^^^^^^^^^^^^
  File "C:\Users\KLegi\AppData\Local\Python\pythoncore-3.14-64\Lib\site-packages\discord\cog.py", line 787, in _load_from_module_spec
    raise errors.ExtensionFailed(key, e) from e
discord.errors.ExtensionFailed: Extension 'cogs.applications' raised an error: ImportError: cannot import name 'AppCommandOptionType' from 'discord.enums' (C:\Users\KLegi\AppData\Local\Python\pythoncore-3.14-64\Lib\site-packages\discord\enums.py)

--- –ö–æ–Ω–µ—Ü –æ—à–∏–±–∫–∏ ---
2025-10-26 02:34:20 | ERROR    | 
--- –û—à–∏–±–∫–∞ –≤ `cogs.clan_general` ---
Traceback (most recent call last):
  File "C:\Users\KLegi\AppData\Local\Python\pythoncore-3.14-64\Lib\site-packages\discord\cog.py", line 784, in _load_from_module_spec
    spec.loader.exec_module(lib)  # type: ignore
    ~~~~~~~~~~~~~~~~~~~~~~~^^^^^
  File "<frozen importlib._bootstrap_external>", line 762, in exec_module
  File "<frozen importlib._bootstrap>", line 491, in _call_with_frames_removed
  File "C:\Users\KLegi\Desktop\Void-Sentinel-develop\cogs\clan_general.py", line 3, in <module>
    from discord import app_commands
  File "C:\Users\KLegi\AppData\Local\Python\pythoncore-3.14-64\Lib\site-packages\discord\app_commands\__init__.py", line 12, in <module>
    from .commands import *
  File "C:\Users\KLegi\AppData\Local\Python\pythoncore-3.14-64\Lib\site-packages\discord\app_commands\commands.py", line 51, in <module>
    from ..enums import AppCommandOptionType, AppCommandType, ChannelType, Locale
ImportError: cannot import name 'AppCommandOptionType' from 'discord.enums' (C:\Users\KLegi\AppData\Local\Python\pythoncore-3.14-64\Lib\site-packages\discord\enums.py). Did you mean: 'SlashCommandOptionType'?

The above exception was the direct cause of the following exception:

Traceback (most recent call last):
  File "C:\Users\KLegi\Desktop\Void-Sentinel-develop\main.py", line 48, in load_cogs
    await bot.load_extension(cog)
          ~~~~~~~~~~~~~~~~~~^^^^^
  File "C:\Users\KLegi\AppData\Local\Python\pythoncore-3.14-64\Lib\site-packages\discord\cog.py", line 918, in load_extension
    self._load_from_module_spec(spec, name)
    ~~~~~~~~~~~~~~~~~~~~~~~~~~~^^^^^^^^^^^^
  File "C:\Users\KLegi\AppData\Local\Python\pythoncore-3.14-64\Lib\site-packages\discord\cog.py", line 787, in _load_from_module_spec
    raise errors.ExtensionFailed(key, e) from e
discord.errors.ExtensionFailed: Extension 'cogs.clan_general' raised an error: ImportError: cannot import name 'AppCommandOptionType' from 'discord.enums' (C:\Users\KLegi\AppData\Local\Python\pythoncore-3.14-64\Lib\site-packages\discord\enums.py)

--- –ö–æ–Ω–µ—Ü –æ—à–∏–±–∫–∏ ---
2025-10-26 02:34:20 | ERROR    | 
--- –û—à–∏–±–∫–∞ –≤ `cogs.clan_info` ---
Traceback (most recent call last):
  File "C:\Users\KLegi\AppData\Local\Python\pythoncore-3.14-64\Lib\site-packages\discord\cog.py", line 784, in _load_from_module_spec
    spec.loader.exec_module(lib)  # type: ignore
    ~~~~~~~~~~~~~~~~~~~~~~~^^^^^
  File "<frozen importlib._bootstrap_external>", line 762, in exec_module
  File "<frozen importlib._bootstrap>", line 491, in _call_with_frames_removed
  File "C:\Users\KLegi\Desktop\Void-Sentinel-develop\cogs\clan_info.py", line 4, in <module>
    from discord import app_commands
  File "C:\Users\KLegi\AppData\Local\Python\pythoncore-3.14-64\Lib\site-packages\discord\app_commands\__init__.py", line 12, in <module>
    from .commands import *
  File "C:\Users\KLegi\AppData\Local\Python\pythoncore-3.14-64\Lib\site-packages\discord\app_commands\commands.py", line 51, in <module>
    from ..enums import AppCommandOptionType, AppCommandType, ChannelType, Locale
ImportError: cannot import name 'AppCommandOptionType' from 'discord.enums' (C:\Users\KLegi\AppData\Local\Python\pythoncore-3.14-64\Lib\site-packages\discord\enums.py). Did you mean: 'SlashCommandOptionType'?

The above exception was the direct cause of the following exception:

Traceback (most recent call last):
  File "C:\Users\KLegi\Desktop\Void-Sentinel-develop\main.py", line 48, in load_cogs
    await bot.load_extension(cog)
          ~~~~~~~~~~~~~~~~~~^^^^^
  File "C:\Users\KLegi\AppData\Local\Python\pythoncore-3.14-64\Lib\site-packages\discord\cog.py", line 918, in load_extension
    self._load_from_module_spec(spec, name)
    ~~~~~~~~~~~~~~~~~~~~~~~~~~~^^^^^^^^^^^^
  File "C:\Users\KLegi\AppData\Local\Python\pythoncore-3.14-64\Lib\site-packages\discord\cog.py", line 787, in _load_from_module_spec
    raise errors.ExtensionFailed(key, e) from e
discord.errors.ExtensionFailed: Extension 'cogs.clan_info' raised an error: ImportError: cannot import name 'AppCommandOptionType' from 'discord.enums' (C:\Users\KLegi\AppData\Local\Python\pythoncore-3.14-64\Lib\site-packages\discord\enums.py)

--- –ö–æ–Ω–µ—Ü –æ—à–∏–±–∫–∏ ---
2025-10-26 02:34:20 | ERROR    | 
--- –û—à–∏–±–∫–∞ –≤ `cogs.coinflip` ---
Traceback (most recent call last):
  File "C:\Users\KLegi\AppData\Local\Python\pythoncore-3.14-64\Lib\site-packages\discord\cog.py", line 784, in _load_from_module_spec
    spec.loader.exec_module(lib)  # type: ignore
    ~~~~~~~~~~~~~~~~~~~~~~~^^^^^
  File "<frozen importlib._bootstrap_external>", line 762, in exec_module
  File "<frozen importlib._bootstrap>", line 491, in _call_with_frames_removed
  File "C:\Users\KLegi\Desktop\Void-Sentinel-develop\cogs\coinflip.py", line 93, in <module>
    class CoinFlip(commands.Cog):
    ...<31 lines>...
            logger.info(f"–ò–≥—Ä–∞ —Å–æ–∑–¥–∞–Ω–∞: {ctx.author} vs {opponent}, —Å–æ–æ–±—â–µ–Ω–∏–µ {msg.id}")
  File "C:\Users\KLegi\Desktop\Void-Sentinel-develop\cogs\coinflip.py", line 97, in CoinFlip
    @commands.hybrid_command(name="–º–æ–Ω–µ—Ç–∫–∞", description="–í—ã–∑–≤–∞—Ç—å –∏–≥—Ä–æ–∫–∞ –∏–ª–∏ –±–æ—Ç–∞ –Ω–∞ –û—Ä—ë–ª –∏–ª–∏ –†–µ—à–∫–∞!")
     ^^^^^^^^^^^^^^^^^^^^^^^
AttributeError: module 'discord.ext.commands' has no attribute 'hybrid_command'

The above exception was the direct cause of the following exception:

Traceback (most recent call last):
  File "C:\Users\KLegi\Desktop\Void-Sentinel-develop\main.py", line 48, in load_cogs
    await bot.load_extension(cog)
          ~~~~~~~~~~~~~~~~~~^^^^^
  File "C:\Users\KLegi\AppData\Local\Python\pythoncore-3.14-64\Lib\site-packages\discord\cog.py", line 918, in load_extension
    self._load_from_module_spec(spec, name)
    ~~~~~~~~~~~~~~~~~~~~~~~~~~~^^^^^^^^^^^^
  File "C:\Users\KLegi\AppData\Local\Python\pythoncore-3.14-64\Lib\site-packages\discord\cog.py", line 787, in _load_from_module_spec
    raise errors.ExtensionFailed(key, e) from e
discord.errors.ExtensionFailed: Extension 'cogs.coinflip' raised an error: AttributeError: module 'discord.ext.commands' has no attribute 'hybrid_command'

--- –ö–æ–Ω–µ—Ü –æ—à–∏–±–∫–∏ ---
2025-10-26 02:34:20 | ERROR    | 
--- –û—à–∏–±–∫–∞ –≤ `cogs.duel` ---
Traceback (most recent call last):
  File "C:\Users\KLegi\AppData\Local\Python\pythoncore-3.14-64\Lib\site-packages\discord\cog.py", line 784, in _load_from_module_spec
    spec.loader.exec_module(lib)  # type: ignore
    ~~~~~~~~~~~~~~~~~~~~~~~^^^^^
  File "<frozen importlib._bootstrap_external>", line 762, in exec_module
  File "<frozen importlib._bootstrap>", line 491, in _call_with_frames_removed
  File "C:\Users\KLegi\Desktop\Void-Sentinel-develop\cogs\duel.py", line 11, in <module>
    class Duel(commands.Cog):
    ...<35 lines>...
                await ctx.send(f"‚ö†Ô∏è {opponent.mention}, —è –Ω–µ —Å–º–æ–≥ –æ—Ç–ø—Ä–∞–≤–∏—Ç—å –õ–°. –ü—Ä–æ–≤–µ—Ä—å –Ω–∞—Å—Ç—Ä–æ–π–∫–∏ –ø—Ä–∏–≤–∞—Ç–Ω–æ—Å—Ç–∏.")
  File "C:\Users\KLegi\Desktop\Void-Sentinel-develop\cogs\duel.py", line 15, in Duel
    @commands.hybrid_command(name="–¥—É—ç–ª—å", description="–í—ã–∑–≤–∞—Ç—å –ø–æ–ª—å–∑–æ–≤–∞—Ç–µ–ª—è –Ω–∞ –¥—É—ç–ª—å")
     ^^^^^^^^^^^^^^^^^^^^^^^
AttributeError: module 'discord.ext.commands' has no attribute 'hybrid_command'

The above exception was the direct cause of the following exception:

Traceback (most recent call last):
  File "C:\Users\KLegi\Desktop\Void-Sentinel-develop\main.py", line 48, in load_cogs
    await bot.load_extension(cog)
          ~~~~~~~~~~~~~~~~~~^^^^^
  File "C:\Users\KLegi\AppData\Local\Python\pythoncore-3.14-64\Lib\site-packages\discord\cog.py", line 918, in load_extension
    self._load_from_module_spec(spec, name)
    ~~~~~~~~~~~~~~~~~~~~~~~~~~~^^^^^^^^^^^^
  File "C:\Users\KLegi\AppData\Local\Python\pythoncore-3.14-64\Lib\site-packages\discord\cog.py", line 787, in _load_from_module_spec
    raise errors.ExtensionFailed(key, e) from e
discord.errors.ExtensionFailed: Extension 'cogs.duel' raised an error: AttributeError: module 'discord.ext.commands' has no attribute 'hybrid_command'

--- –ö–æ–Ω–µ—Ü –æ—à–∏–±–∫–∏ ---
2025-10-26 02:34:20 | ERROR    | 
--- –û—à–∏–±–∫–∞ –≤ `cogs.events` ---
Traceback (most recent call last):
  File "C:\Users\KLegi\Desktop\Void-Sentinel-develop\main.py", line 48, in load_cogs
    await bot.load_extension(cog)
TypeError: 'list' object can't be awaited

--- –ö–æ–Ω–µ—Ü –æ—à–∏–±–∫–∏ ---
2025-10-26 02:34:20 | ERROR    | 
--- –û—à–∏–±–∫–∞ –≤ `cogs.general` ---
Traceback (most recent call last):
  File "C:\Users\KLegi\AppData\Local\Python\pythoncore-3.14-64\Lib\site-packages\discord\cog.py", line 784, in _load_from_module_spec
    spec.loader.exec_module(lib)  # type: ignore
    ~~~~~~~~~~~~~~~~~~~~~~~^^^^^
  File "<frozen importlib._bootstrap_external>", line 762, in exec_module
  File "<frozen importlib._bootstrap>", line 491, in _call_with_frames_removed
  File "C:\Users\KLegi\Desktop\Void-Sentinel-develop\cogs\general.py", line 3, in <module>
    from discord import app_commands
  File "C:\Users\KLegi\AppData\Local\Python\pythoncore-3.14-64\Lib\site-packages\discord\app_commands\__init__.py", line 12, in <module>
    from .commands import *
  File "C:\Users\KLegi\AppData\Local\Python\pythoncore-3.14-64\Lib\site-packages\discord\app_commands\commands.py", line 51, in <module>
    from ..enums import AppCommandOptionType, AppCommandType, ChannelType, Locale
ImportError: cannot import name 'AppCommandOptionType' from 'discord.enums' (C:\Users\KLegi\AppData\Local\Python\pythoncore-3.14-64\Lib\site-packages\discord\enums.py). Did you mean: 'SlashCommandOptionType'?

The above exception was the direct cause of the following exception:

Traceback (most recent call last):
  File "C:\Users\KLegi\Desktop\Void-Sentinel-develop\main.py", line 48, in load_cogs
    await bot.load_extension(cog)
          ~~~~~~~~~~~~~~~~~~^^^^^
  File "C:\Users\KLegi\AppData\Local\Python\pythoncore-3.14-64\Lib\site-packages\discord\cog.py", line 918, in load_extension
    self._load_from_module_spec(spec, name)
    ~~~~~~~~~~~~~~~~~~~~~~~~~~~^^^^^^^^^^^^
  File "C:\Users\KLegi\AppData\Local\Python\pythoncore-3.14-64\Lib\site-packages\discord\cog.py", line 787, in _load_from_module_spec
    raise errors.ExtensionFailed(key, e) from e
discord.errors.ExtensionFailed: Extension 'cogs.general' raised an error: ImportError: cannot import name 'AppCommandOptionType' from 'discord.enums' (C:\Users\KLegi\AppData\Local\Python\pythoncore-3.14-64\Lib\site-packages\discord\enums.py)

--- –ö–æ–Ω–µ—Ü –æ—à–∏–±–∫–∏ ---
2025-10-26 02:34:20 | ERROR    | 
--- –û—à–∏–±–∫–∞ –≤ `cogs.info` ---
Traceback (most recent call last):
  File "C:\Users\KLegi\AppData\Local\Python\pythoncore-3.14-64\Lib\site-packages\discord\cog.py", line 784, in _load_from_module_spec
    spec.loader.exec_module(lib)  # type: ignore
    ~~~~~~~~~~~~~~~~~~~~~~~^^^^^
  File "<frozen importlib._bootstrap_external>", line 762, in exec_module
  File "<frozen importlib._bootstrap>", line 491, in _call_with_frames_removed
  File "C:\Users\KLegi\Desktop\Void-Sentinel-develop\cogs\info.py", line 2, in <module>
    from discord import app_commands
  File "C:\Users\KLegi\AppData\Local\Python\pythoncore-3.14-64\Lib\site-packages\discord\app_commands\__init__.py", line 12, in <module>
    from .commands import *
  File "C:\Users\KLegi\AppData\Local\Python\pythoncore-3.14-64\Lib\site-packages\discord\app_commands\commands.py", line 51, in <module>
    from ..enums import AppCommandOptionType, AppCommandType, ChannelType, Locale
ImportError: cannot import name 'AppCommandOptionType' from 'discord.enums' (C:\Users\KLegi\AppData\Local\Python\pythoncore-3.14-64\Lib\site-packages\discord\enums.py). Did you mean: 'SlashCommandOptionType'?

The above exception was the direct cause of the following exception:

Traceback (most recent call last):
  File "C:\Users\KLegi\Desktop\Void-Sentinel-develop\main.py", line 48, in load_cogs
    await bot.load_extension(cog)
          ~~~~~~~~~~~~~~~~~~^^^^^
  File "C:\Users\KLegi\AppData\Local\Python\pythoncore-3.14-64\Lib\site-packages\discord\cog.py", line 918, in load_extension
    self._load_from_module_spec(spec, name)
    ~~~~~~~~~~~~~~~~~~~~~~~~~~~^^^^^^^^^^^^
  File "C:\Users\KLegi\AppData\Local\Python\pythoncore-3.14-64\Lib\site-packages\discord\cog.py", line 787, in _load_from_module_spec
    raise errors.ExtensionFailed(key, e) from e
discord.errors.ExtensionFailed: Extension 'cogs.info' raised an error: ImportError: cannot import name 'AppCommandOptionType' from 'discord.enums' (C:\Users\KLegi\AppData\Local\Python\pythoncore-3.14-64\Lib\site-packages\discord\enums.py)

--- –ö–æ–Ω–µ—Ü –æ—à–∏–±–∫–∏ ---
2025-10-26 02:34:20 | ERROR    | 
--- –û—à–∏–±–∫–∞ –≤ `cogs.music` ---
Traceback (most recent call last):
  File "C:\Users\KLegi\AppData\Local\Python\pythoncore-3.14-64\Lib\site-packages\discord\cog.py", line 784, in _load_from_module_spec
    spec.loader.exec_module(lib)  # type: ignore
    ~~~~~~~~~~~~~~~~~~~~~~~^^^^^
  File "<frozen importlib._bootstrap_external>", line 762, in exec_module
  File "<frozen importlib._bootstrap>", line 491, in _call_with_frames_removed
  File "C:\Users\KLegi\Desktop\Void-Sentinel-develop\cogs\music.py", line 3, in <module>
    from discord import app_commands
  File "C:\Users\KLegi\AppData\Local\Python\pythoncore-3.14-64\Lib\site-packages\discord\app_commands\__init__.py", line 12, in <module>
    from .commands import *
  File "C:\Users\KLegi\AppData\Local\Python\pythoncore-3.14-64\Lib\site-packages\discord\app_commands\commands.py", line 51, in <module>
    from ..enums import AppCommandOptionType, AppCommandType, ChannelType, Locale
ImportError: cannot import name 'AppCommandOptionType' from 'discord.enums' (C:\Users\KLegi\AppData\Local\Python\pythoncore-3.14-64\Lib\site-packages\discord\enums.py). Did you mean: 'SlashCommandOptionType'?

The above exception was the direct cause of the following exception:

Traceback (most recent call last):
  File "C:\Users\KLegi\Desktop\Void-Sentinel-develop\main.py", line 48, in load_cogs
    await bot.load_extension(cog)
          ~~~~~~~~~~~~~~~~~~^^^^^
  File "C:\Users\KLegi\AppData\Local\Python\pythoncore-3.14-64\Lib\site-packages\discord\cog.py", line 918, in load_extension
    self._load_from_module_spec(spec, name)
    ~~~~~~~~~~~~~~~~~~~~~~~~~~~^^^^^^^^^^^^
  File "C:\Users\KLegi\AppData\Local\Python\pythoncore-3.14-64\Lib\site-packages\discord\cog.py", line 787, in _load_from_module_spec
    raise errors.ExtensionFailed(key, e) from e
discord.errors.ExtensionFailed: Extension 'cogs.music' raised an error: ImportError: cannot import name 'AppCommandOptionType' from 'discord.enums' (C:\Users\KLegi\AppData\Local\Python\pythoncore-3.14-64\Lib\site-packages\discord\enums.py)

--- –ö–æ–Ω–µ—Ü –æ—à–∏–±–∫–∏ ---
2025-10-26 02:34:20 | ERROR    | 
--- –û—à–∏–±–∫–∞ –≤ `cogs.quiz` ---
Traceback (most recent call last):
  File "C:\Users\KLegi\AppData\Local\Python\pythoncore-3.14-64\Lib\site-packages\discord\cog.py", line 784, in _load_from_module_spec
    spec.loader.exec_module(lib)  # type: ignore
    ~~~~~~~~~~~~~~~~~~~~~~~^^^^^
  File "<frozen importlib._bootstrap_external>", line 762, in exec_module
  File "<frozen importlib._bootstrap>", line 491, in _call_with_frames_removed
  File "C:\Users\KLegi\Desktop\Void-Sentinel-develop\cogs\quiz.py", line 3, in <module>
    from discord import app_commands
  File "C:\Users\KLegi\AppData\Local\Python\pythoncore-3.14-64\Lib\site-packages\discord\app_commands\__init__.py", line 12, in <module>
    from .commands import *
  File "C:\Users\KLegi\AppData\Local\Python\pythoncore-3.14-64\Lib\site-packages\discord\app_commands\commands.py", line 51, in <module>
    from ..enums import AppCommandOptionType, AppCommandType, ChannelType, Locale
ImportError: cannot import name 'AppCommandOptionType' from 'discord.enums' (C:\Users\KLegi\AppData\Local\Python\pythoncore-3.14-64\Lib\site-packages\discord\enums.py). Did you mean: 'SlashCommandOptionType'?

The above exception was the direct cause of the following exception:

Traceback (most recent call last):
  File "C:\Users\KLegi\Desktop\Void-Sentinel-develop\main.py", line 48, in load_cogs
    await bot.load_extension(cog)
          ~~~~~~~~~~~~~~~~~~^^^^^
  File "C:\Users\KLegi\AppData\Local\Python\pythoncore-3.14-64\Lib\site-packages\discord\cog.py", line 918, in load_extension
    self._load_from_module_spec(spec, name)
    ~~~~~~~~~~~~~~~~~~~~~~~~~~~^^^^^^^^^^^^
  File "C:\Users\KLegi\AppData\Local\Python\pythoncore-3.14-64\Lib\site-packages\discord\cog.py", line 787, in _load_from_module_spec
    raise errors.ExtensionFailed(key, e) from e
discord.errors.ExtensionFailed: Extension 'cogs.quiz' raised an error: ImportError: cannot import name 'AppCommandOptionType' from 'discord.enums' (C:\Users\KLegi\AppData\Local\Python\pythoncore-3.14-64\Lib\site-packages\discord\enums.py)

--- –ö–æ–Ω–µ—Ü –æ—à–∏–±–∫–∏ ---
2025-10-26 02:34:20 | ERROR    | 
--- –û—à–∏–±–∫–∞ –≤ `cogs.rps` ---
Traceback (most recent call last):
  File "C:\Users\KLegi\AppData\Local\Python\pythoncore-3.14-64\Lib\site-packages\discord\cog.py", line 784, in _load_from_module_spec
    spec.loader.exec_module(lib)  # type: ignore
    ~~~~~~~~~~~~~~~~~~~~~~~^^^^^
  File "<frozen importlib._bootstrap_external>", line 762, in exec_module
  File "<frozen importlib._bootstrap>", line 491, in _call_with_frames_removed
  File "C:\Users\KLegi\Desktop\Void-Sentinel-develop\cogs\rps.py", line 25, in <module>
    class RPSCog(commands.Cog):
    ...<55 lines>...
                await view.start_game(ctx.channel)
  File "C:\Users\KLegi\Desktop\Void-Sentinel-develop\cogs\rps.py", line 29, in RPSCog
    @commands.hybrid_command(
     ^^^^^^^^^^^^^^^^^^^^^^^
AttributeError: module 'discord.ext.commands' has no attribute 'hybrid_command'

The above exception was the direct cause of the following exception:

Traceback (most recent call last):
  File "C:\Users\KLegi\Desktop\Void-Sentinel-develop\main.py", line 48, in load_cogs
    await bot.load_extension(cog)
          ~~~~~~~~~~~~~~~~~~^^^^^
  File "C:\Users\KLegi\AppData\Local\Python\pythoncore-3.14-64\Lib\site-packages\discord\cog.py", line 918, in load_extension
    self._load_from_module_spec(spec, name)
    ~~~~~~~~~~~~~~~~~~~~~~~~~~~^^^^^^^^^^^^
  File "C:\Users\KLegi\AppData\Local\Python\pythoncore-3.14-64\Lib\site-packages\discord\cog.py", line 787, in _load_from_module_spec
    raise errors.ExtensionFailed(key, e) from e
discord.errors.ExtensionFailed: Extension 'cogs.rps' raised an error: AttributeError: module 'discord.ext.commands' has no attribute 'hybrid_command'

--- –ö–æ–Ω–µ—Ü –æ—à–∏–±–∫–∏ ---
2025-10-26 02:34:20 | ERROR    | 
--- –û—à–∏–±–∫–∞ –≤ `cogs.voting` ---
Traceback (most recent call last):
  File "C:\Users\KLegi\Desktop\Void-Sentinel-develop\main.py", line 48, in load_cogs
    await bot.load_extension(cog)
TypeError: 'list' object can't be awaited

--- –ö–æ–Ω–µ—Ü –æ—à–∏–±–∫–∏ ---
2025-10-26 02:34:24 | SUCCESS  | ü§ñ –ë–æ—Ç `Void Sentinel#5662` —É—Å–ø–µ—à–Ω–æ –∑–∞–ø—É—â–µ–Ω (ID: 1230464176745480254)
2025-10-26 02:34:24 | INFO     | üõ° –°–µ—Ä–≤–µ—Ä: Legion Of The Damned | ID: 828749346505490503 | –£—á–∞—Å—Ç–Ω–∏–∫–æ–≤: 8
2025-10-26 02:34:24 | INFO     | üõ° –°–µ—Ä–≤–µ—Ä: Space_Marine 2RU | ID: 1118852004786225192 | –£—á–∞—Å—Ç–Ω–∏–∫–æ–≤: 288
2025-10-26 02:34:24 | INFO     | üõ° –°–µ—Ä–≤–µ—Ä: winie's server | ID: 1335265286198263848 | –£—á–∞—Å—Ç–Ω–∏–∫–æ–≤: 56
2025-10-26 02:34:24 | INFO     | üõ° –°–µ—Ä–≤–µ—Ä: –°–µ—Ä–≤–µ—Ä –∫–æ—Ä–∏—Å—Ç—É–≤–∞—á–∞ kraken_5491 | ID: 1411475618343686187 | –£—á–∞—Å—Ç–Ω–∏–∫–æ–≤: 4
2025-10-26 02:34:45 | WARNING  | üõë –ó–∞–ø—É—Å–∫ –æ—Å—Ç–∞–Ω–æ–≤–ª–µ–Ω –≤—Ä—É—á–Ω—É—é.
2025-10-26 02:37:13 | CRITICAL | ‚ùå –û—à–∏–±–∫–∏ –ø—Ä–∏ –∑–∞–≥—Ä—É–∑–∫–µ –º–æ–¥—É–ª–µ–π: cogs.admin, cogs.applications, cogs.clan_general, cogs.clan_info, cogs.coinflip, cogs.duel, cogs.events, cogs.general, cogs.info, cogs.music, cogs.quiz, cogs.rps, cogs.voting
2025-10-26 02:37:13 | ERROR    | 
--- –û—à–∏–±–∫–∞ –≤ `cogs.admin` ---
Traceback (most recent call last):
  File "C:\Users\KLegi\AppData\Local\Python\pythoncore-3.14-64\Lib\site-packages\discord\cog.py", line 784, in _load_from_module_spec
    spec.loader.exec_module(lib)  # type: ignore
    ~~~~~~~~~~~~~~~~~~~~~~~^^^^^
  File "<frozen importlib._bootstrap_external>", line 762, in exec_module
  File "<frozen importlib._bootstrap>", line 491, in _call_with_frames_removed
  File "C:\Users\KLegi\Desktop\Void-Sentinel-develop\cogs\admin.py", line 3, in <module>
    from discord import app_commands
  File "C:\Users\KLegi\AppData\Local\Python\pythoncore-3.14-64\Lib\site-packages\discord\app_commands\__init__.py", line 12, in <module>
    from .commands import *
  File "C:\Users\KLegi\AppData\Local\Python\pythoncore-3.14-64\Lib\site-packages\discord\app_commands\commands.py", line 51, in <module>
    from ..enums import AppCommandOptionType, AppCommandType, ChannelType, Locale
ImportError: cannot import name 'AppCommandOptionType' from 'discord.enums' (C:\Users\KLegi\AppData\Local\Python\pythoncore-3.14-64\Lib\site-packages\discord\enums.py). Did you mean: 'SlashCommandOptionType'?

The above exception was the direct cause of the following exception:

Traceback (most recent call last):
  File "C:\Users\KLegi\Desktop\Void-Sentinel-develop\main.py", line 48, in load_cogs
    await bot.load_extension(cog)
          ~~~~~~~~~~~~~~~~~~^^^^^
  File "C:\Users\KLegi\AppData\Local\Python\pythoncore-3.14-64\Lib\site-packages\discord\cog.py", line 918, in load_extension
    self._load_from_module_spec(spec, name)
    ~~~~~~~~~~~~~~~~~~~~~~~~~~~^^^^^^^^^^^^
  File "C:\Users\KLegi\AppData\Local\Python\pythoncore-3.14-64\Lib\site-packages\discord\cog.py", line 787, in _load_from_module_spec
    raise errors.ExtensionFailed(key, e) from e
discord.errors.ExtensionFailed: Extension 'cogs.admin' raised an error: ImportError: cannot import name 'AppCommandOptionType' from 'discord.enums' (C:\Users\KLegi\AppData\Local\Python\pythoncore-3.14-64\Lib\site-packages\discord\enums.py)

--- –ö–æ–Ω–µ—Ü –æ—à–∏–±–∫–∏ ---
2025-10-26 02:37:13 | ERROR    | 
--- –û—à–∏–±–∫–∞ –≤ `cogs.applications` ---
Traceback (most recent call last):
  File "C:\Users\KLegi\AppData\Local\Python\pythoncore-3.14-64\Lib\site-packages\discord\cog.py", line 784, in _load_from_module_spec
    spec.loader.exec_module(lib)  # type: ignore
    ~~~~~~~~~~~~~~~~~~~~~~~^^^^^
  File "<frozen importlib._bootstrap_external>", line 762, in exec_module
  File "<frozen importlib._bootstrap>", line 491, in _call_with_frames_removed
  File "C:\Users\KLegi\Desktop\Void-Sentinel-develop\cogs\applications.py", line 3, in <module>
    from discord import app_commands
  File "C:\Users\KLegi\AppData\Local\Python\pythoncore-3.14-64\Lib\site-packages\discord\app_commands\__init__.py", line 12, in <module>
    from .commands import *
  File "C:\Users\KLegi\AppData\Local\Python\pythoncore-3.14-64\Lib\site-packages\discord\app_commands\commands.py", line 51, in <module>
    from ..enums import AppCommandOptionType, AppCommandType, ChannelType, Locale
ImportError: cannot import name 'AppCommandOptionType' from 'discord.enums' (C:\Users\KLegi\AppData\Local\Python\pythoncore-3.14-64\Lib\site-packages\discord\enums.py). Did you mean: 'SlashCommandOptionType'?

The above exception was the direct cause of the following exception:

Traceback (most recent call last):
  File "C:\Users\KLegi\Desktop\Void-Sentinel-develop\main.py", line 48, in load_cogs
    await bot.load_extension(cog)
          ~~~~~~~~~~~~~~~~~~^^^^^
  File "C:\Users\KLegi\AppData\Local\Python\pythoncore-3.14-64\Lib\site-packages\discord\cog.py", line 918, in load_extension
    self._load_from_module_spec(spec, name)
    ~~~~~~~~~~~~~~~~~~~~~~~~~~~^^^^^^^^^^^^
  File "C:\Users\KLegi\AppData\Local\Python\pythoncore-3.14-64\Lib\site-packages\discord\cog.py", line 787, in _load_from_module_spec
    raise errors.ExtensionFailed(key, e) from e
discord.errors.ExtensionFailed: Extension 'cogs.applications' raised an error: ImportError: cannot import name 'AppCommandOptionType' from 'discord.enums' (C:\Users\KLegi\AppData\Local\Python\pythoncore-3.14-64\Lib\site-packages\discord\enums.py)

--- –ö–æ–Ω–µ—Ü –æ—à–∏–±–∫–∏ ---
2025-10-26 02:37:13 | ERROR    | 
--- –û—à–∏–±–∫–∞ –≤ `cogs.clan_general` ---
Traceback (most recent call last):
  File "C:\Users\KLegi\AppData\Local\Python\pythoncore-3.14-64\Lib\site-packages\discord\cog.py", line 784, in _load_from_module_spec
    spec.loader.exec_module(lib)  # type: ignore
    ~~~~~~~~~~~~~~~~~~~~~~~^^^^^
  File "<frozen importlib._bootstrap_external>", line 762, in exec_module
  File "<frozen importlib._bootstrap>", line 491, in _call_with_frames_removed
  File "C:\Users\KLegi\Desktop\Void-Sentinel-develop\cogs\clan_general.py", line 3, in <module>
    from discord import app_commands
  File "C:\Users\KLegi\AppData\Local\Python\pythoncore-3.14-64\Lib\site-packages\discord\app_commands\__init__.py", line 12, in <module>
    from .commands import *
  File "C:\Users\KLegi\AppData\Local\Python\pythoncore-3.14-64\Lib\site-packages\discord\app_commands\commands.py", line 51, in <module>
    from ..enums import AppCommandOptionType, AppCommandType, ChannelType, Locale
ImportError: cannot import name 'AppCommandOptionType' from 'discord.enums' (C:\Users\KLegi\AppData\Local\Python\pythoncore-3.14-64\Lib\site-packages\discord\enums.py). Did you mean: 'SlashCommandOptionType'?

The above exception was the direct cause of the following exception:

Traceback (most recent call last):
  File "C:\Users\KLegi\Desktop\Void-Sentinel-develop\main.py", line 48, in load_cogs
    await bot.load_extension(cog)
          ~~~~~~~~~~~~~~~~~~^^^^^
  File "C:\Users\KLegi\AppData\Local\Python\pythoncore-3.14-64\Lib\site-packages\discord\cog.py", line 918, in load_extension
    self._load_from_module_spec(spec, name)
    ~~~~~~~~~~~~~~~~~~~~~~~~~~~^^^^^^^^^^^^
  File "C:\Users\KLegi\AppData\Local\Python\pythoncore-3.14-64\Lib\site-packages\discord\cog.py", line 787, in _load_from_module_spec
    raise errors.ExtensionFailed(key, e) from e
discord.errors.ExtensionFailed: Extension 'cogs.clan_general' raised an error: ImportError: cannot import name 'AppCommandOptionType' from 'discord.enums' (C:\Users\KLegi\AppData\Local\Python\pythoncore-3.14-64\Lib\site-packages\discord\enums.py)

--- –ö–æ–Ω–µ—Ü –æ—à–∏–±–∫–∏ ---
2025-10-26 02:37:13 | ERROR    | 
--- –û—à–∏–±–∫–∞ –≤ `cogs.clan_info` ---
Traceback (most recent call last):
  File "C:\Users\KLegi\AppData\Local\Python\pythoncore-3.14-64\Lib\site-packages\discord\cog.py", line 784, in _load_from_module_spec
    spec.loader.exec_module(lib)  # type: ignore
    ~~~~~~~~~~~~~~~~~~~~~~~^^^^^
  File "<frozen importlib._bootstrap_external>", line 762, in exec_module
  File "<frozen importlib._bootstrap>", line 491, in _call_with_frames_removed
  File "C:\Users\KLegi\Desktop\Void-Sentinel-develop\cogs\clan_info.py", line 4, in <module>
    from discord import app_commands
  File "C:\Users\KLegi\AppData\Local\Python\pythoncore-3.14-64\Lib\site-packages\discord\app_commands\__init__.py", line 12, in <module>
    from .commands import *
  File "C:\Users\KLegi\AppData\Local\Python\pythoncore-3.14-64\Lib\site-packages\discord\app_commands\commands.py", line 51, in <module>
    from ..enums import AppCommandOptionType, AppCommandType, ChannelType, Locale
ImportError: cannot import name 'AppCommandOptionType' from 'discord.enums' (C:\Users\KLegi\AppData\Local\Python\pythoncore-3.14-64\Lib\site-packages\discord\enums.py). Did you mean: 'SlashCommandOptionType'?

The above exception was the direct cause of the following exception:

Traceback (most recent call last):
  File "C:\Users\KLegi\Desktop\Void-Sentinel-develop\main.py", line 48, in load_cogs
    await bot.load_extension(cog)
          ~~~~~~~~~~~~~~~~~~^^^^^
  File "C:\Users\KLegi\AppData\Local\Python\pythoncore-3.14-64\Lib\site-packages\discord\cog.py", line 918, in load_extension
    self._load_from_module_spec(spec, name)
    ~~~~~~~~~~~~~~~~~~~~~~~~~~~^^^^^^^^^^^^
  File "C:\Users\KLegi\AppData\Local\Python\pythoncore-3.14-64\Lib\site-packages\discord\cog.py", line 787, in _load_from_module_spec
    raise errors.ExtensionFailed(key, e) from e
discord.errors.ExtensionFailed: Extension 'cogs.clan_info' raised an error: ImportError: cannot import name 'AppCommandOptionType' from 'discord.enums' (C:\Users\KLegi\AppData\Local\Python\pythoncore-3.14-64\Lib\site-packages\discord\enums.py)

--- –ö–æ–Ω–µ—Ü –æ—à–∏–±–∫–∏ ---
2025-10-26 02:37:13 | ERROR    | 
--- –û—à–∏–±–∫–∞ –≤ `cogs.coinflip` ---
Traceback (most recent call last):
  File "C:\Users\KLegi\AppData\Local\Python\pythoncore-3.14-64\Lib\site-packages\discord\cog.py", line 784, in _load_from_module_spec
    spec.loader.exec_module(lib)  # type: ignore
    ~~~~~~~~~~~~~~~~~~~~~~~^^^^^
  File "<frozen importlib._bootstrap_external>", line 762, in exec_module
  File "<frozen importlib._bootstrap>", line 491, in _call_with_frames_removed
  File "C:\Users\KLegi\Desktop\Void-Sentinel-develop\cogs\coinflip.py", line 93, in <module>
    class CoinFlip(commands.Cog):
    ...<31 lines>...
            logger.info(f"–ò–≥—Ä–∞ —Å–æ–∑–¥–∞–Ω–∞: {ctx.author} vs {opponent}, —Å–æ–æ–±—â–µ–Ω–∏–µ {msg.id}")
  File "C:\Users\KLegi\Desktop\Void-Sentinel-develop\cogs\coinflip.py", line 97, in CoinFlip
    @commands.hybrid_command(name="–º–æ–Ω–µ—Ç–∫–∞", description="–í—ã–∑–≤–∞—Ç—å –∏–≥—Ä–æ–∫–∞ –∏–ª–∏ –±–æ—Ç–∞ –Ω–∞ –û—Ä—ë–ª –∏–ª–∏ –†–µ—à–∫–∞!")
     ^^^^^^^^^^^^^^^^^^^^^^^
AttributeError: module 'discord.ext.commands' has no attribute 'hybrid_command'

The above exception was the direct cause of the following exception:

Traceback (most recent call last):
  File "C:\Users\KLegi\Desktop\Void-Sentinel-develop\main.py", line 48, in load_cogs
    await bot.load_extension(cog)
          ~~~~~~~~~~~~~~~~~~^^^^^
  File "C:\Users\KLegi\AppData\Local\Python\pythoncore-3.14-64\Lib\site-packages\discord\cog.py", line 918, in load_extension
    self._load_from_module_spec(spec, name)
    ~~~~~~~~~~~~~~~~~~~~~~~~~~~^^^^^^^^^^^^
  File "C:\Users\KLegi\AppData\Local\Python\pythoncore-3.14-64\Lib\site-packages\discord\cog.py", line 787, in _load_from_module_spec
    raise errors.ExtensionFailed(key, e) from e
discord.errors.ExtensionFailed: Extension 'cogs.coinflip' raised an error: AttributeError: module 'discord.ext.commands' has no attribute 'hybrid_command'

--- –ö–æ–Ω–µ—Ü –æ—à–∏–±–∫–∏ ---
2025-10-26 02:37:13 | ERROR    | 
--- –û—à–∏–±–∫–∞ –≤ `cogs.duel` ---
Traceback (most recent call last):
  File "C:\Users\KLegi\AppData\Local\Python\pythoncore-3.14-64\Lib\site-packages\discord\cog.py", line 784, in _load_from_module_spec
    spec.loader.exec_module(lib)  # type: ignore
    ~~~~~~~~~~~~~~~~~~~~~~~^^^^^
  File "<frozen importlib._bootstrap_external>", line 762, in exec_module
  File "<frozen importlib._bootstrap>", line 491, in _call_with_frames_removed
  File "C:\Users\KLegi\Desktop\Void-Sentinel-develop\cogs\duel.py", line 11, in <module>
    class Duel(commands.Cog):
    ...<35 lines>...
                await ctx.send(f"‚ö†Ô∏è {opponent.mention}, —è –Ω–µ —Å–º–æ–≥ –æ—Ç–ø—Ä–∞–≤–∏—Ç—å –õ–°. –ü—Ä–æ–≤–µ—Ä—å –Ω–∞—Å—Ç—Ä–æ–π–∫–∏ –ø—Ä–∏–≤–∞—Ç–Ω–æ—Å—Ç–∏.")
  File "C:\Users\KLegi\Desktop\Void-Sentinel-develop\cogs\duel.py", line 15, in Duel
    @commands.hybrid_command(name="–¥—É—ç–ª—å", description="–í—ã–∑–≤–∞—Ç—å –ø–æ–ª—å–∑–æ–≤–∞—Ç–µ–ª—è –Ω–∞ –¥—É—ç–ª—å")
     ^^^^^^^^^^^^^^^^^^^^^^^
AttributeError: module 'discord.ext.commands' has no attribute 'hybrid_command'

The above exception was the direct cause of the following exception:

Traceback (most recent call last):
  File "C:\Users\KLegi\Desktop\Void-Sentinel-develop\main.py", line 48, in load_cogs
    await bot.load_extension(cog)
          ~~~~~~~~~~~~~~~~~~^^^^^
  File "C:\Users\KLegi\AppData\Local\Python\pythoncore-3.14-64\Lib\site-packages\discord\cog.py", line 918, in load_extension
    self._load_from_module_spec(spec, name)
    ~~~~~~~~~~~~~~~~~~~~~~~~~~~^^^^^^^^^^^^
  File "C:\Users\KLegi\AppData\Local\Python\pythoncore-3.14-64\Lib\site-packages\discord\cog.py", line 787, in _load_from_module_spec
    raise errors.ExtensionFailed(key, e) from e
discord.errors.ExtensionFailed: Extension 'cogs.duel' raised an error: AttributeError: module 'discord.ext.commands' has no attribute 'hybrid_command'

--- –ö–æ–Ω–µ—Ü –æ—à–∏–±–∫–∏ ---
2025-10-26 02:37:13 | ERROR    | 
--- –û—à–∏–±–∫–∞ –≤ `cogs.events` ---
Traceback (most recent call last):
  File "C:\Users\KLegi\Desktop\Void-Sentinel-develop\main.py", line 48, in load_cogs
    await bot.load_extension(cog)
TypeError: 'list' object can't be awaited

--- –ö–æ–Ω–µ—Ü –æ—à–∏–±–∫–∏ ---
2025-10-26 02:37:13 | ERROR    | 
--- –û—à–∏–±–∫–∞ –≤ `cogs.general` ---
Traceback (most recent call last):
  File "C:\Users\KLegi\AppData\Local\Python\pythoncore-3.14-64\Lib\site-packages\discord\cog.py", line 784, in _load_from_module_spec
    spec.loader.exec_module(lib)  # type: ignore
    ~~~~~~~~~~~~~~~~~~~~~~~^^^^^
  File "<frozen importlib._bootstrap_external>", line 762, in exec_module
  File "<frozen importlib._bootstrap>", line 491, in _call_with_frames_removed
  File "C:\Users\KLegi\Desktop\Void-Sentinel-develop\cogs\general.py", line 3, in <module>
    from discord import app_commands
  File "C:\Users\KLegi\AppData\Local\Python\pythoncore-3.14-64\Lib\site-packages\discord\app_commands\__init__.py", line 12, in <module>
    from .commands import *
  File "C:\Users\KLegi\AppData\Local\Python\pythoncore-3.14-64\Lib\site-packages\discord\app_commands\commands.py", line 51, in <module>
    from ..enums import AppCommandOptionType, AppCommandType, ChannelType, Locale
ImportError: cannot import name 'AppCommandOptionType' from 'discord.enums' (C:\Users\KLegi\AppData\Local\Python\pythoncore-3.14-64\Lib\site-packages\discord\enums.py). Did you mean: 'SlashCommandOptionType'?

The above exception was the direct cause of the following exception:

Traceback (most recent call last):
  File "C:\Users\KLegi\Desktop\Void-Sentinel-develop\main.py", line 48, in load_cogs
    await bot.load_extension(cog)
          ~~~~~~~~~~~~~~~~~~^^^^^
  File "C:\Users\KLegi\AppData\Local\Python\pythoncore-3.14-64\Lib\site-packages\discord\cog.py", line 918, in load_extension
    self._load_from_module_spec(spec, name)
    ~~~~~~~~~~~~~~~~~~~~~~~~~~~^^^^^^^^^^^^
  File "C:\Users\KLegi\AppData\Local\Python\pythoncore-3.14-64\Lib\site-packages\discord\cog.py", line 787, in _load_from_module_spec
    raise errors.ExtensionFailed(key, e) from e
discord.errors.ExtensionFailed: Extension 'cogs.general' raised an error: ImportError: cannot import name 'AppCommandOptionType' from 'discord.enums' (C:\Users\KLegi\AppData\Local\Python\pythoncore-3.14-64\Lib\site-packages\discord\enums.py)

--- –ö–æ–Ω–µ—Ü –æ—à–∏–±–∫–∏ ---
2025-10-26 02:37:13 | ERROR    | 
--- –û—à–∏–±–∫–∞ –≤ `cogs.info` ---
Traceback (most recent call last):
  File "C:\Users\KLegi\AppData\Local\Python\pythoncore-3.14-64\Lib\site-packages\discord\cog.py", line 784, in _load_from_module_spec
    spec.loader.exec_module(lib)  # type: ignore
    ~~~~~~~~~~~~~~~~~~~~~~~^^^^^
  File "<frozen importlib._bootstrap_external>", line 762, in exec_module
  File "<frozen importlib._bootstrap>", line 491, in _call_with_frames_removed
  File "C:\Users\KLegi\Desktop\Void-Sentinel-develop\cogs\info.py", line 2, in <module>
    from discord import app_commands
  File "C:\Users\KLegi\AppData\Local\Python\pythoncore-3.14-64\Lib\site-packages\discord\app_commands\__init__.py", line 12, in <module>
    from .commands import *
  File "C:\Users\KLegi\AppData\Local\Python\pythoncore-3.14-64\Lib\site-packages\discord\app_commands\commands.py", line 51, in <module>
    from ..enums import AppCommandOptionType, AppCommandType, ChannelType, Locale
ImportError: cannot import name 'AppCommandOptionType' from 'discord.enums' (C:\Users\KLegi\AppData\Local\Python\pythoncore-3.14-64\Lib\site-packages\discord\enums.py). Did you mean: 'SlashCommandOptionType'?

The above exception was the direct cause of the following exception:

Traceback (most recent call last):
  File "C:\Users\KLegi\Desktop\Void-Sentinel-develop\main.py", line 48, in load_cogs
    await bot.load_extension(cog)
          ~~~~~~~~~~~~~~~~~~^^^^^
  File "C:\Users\KLegi\AppData\Local\Python\pythoncore-3.14-64\Lib\site-packages\discord\cog.py", line 918, in load_extension
    self._load_from_module_spec(spec, name)
    ~~~~~~~~~~~~~~~~~~~~~~~~~~~^^^^^^^^^^^^
  File "C:\Users\KLegi\AppData\Local\Python\pythoncore-3.14-64\Lib\site-packages\discord\cog.py", line 787, in _load_from_module_spec
    raise errors.ExtensionFailed(key, e) from e
discord.errors.ExtensionFailed: Extension 'cogs.info' raised an error: ImportError: cannot import name 'AppCommandOptionType' from 'discord.enums' (C:\Users\KLegi\AppData\Local\Python\pythoncore-3.14-64\Lib\site-packages\discord\enums.py)

--- –ö–æ–Ω–µ—Ü –æ—à–∏–±–∫–∏ ---
2025-10-26 02:37:13 | ERROR    | 
--- –û—à–∏–±–∫–∞ –≤ `cogs.music` ---
Traceback (most recent call last):
  File "C:\Users\KLegi\AppData\Local\Python\pythoncore-3.14-64\Lib\site-packages\discord\cog.py", line 784, in _load_from_module_spec
    spec.loader.exec_module(lib)  # type: ignore
    ~~~~~~~~~~~~~~~~~~~~~~~^^^^^
  File "<frozen importlib._bootstrap_external>", line 762, in exec_module
  File "<frozen importlib._bootstrap>", line 491, in _call_with_frames_removed
  File "C:\Users\KLegi\Desktop\Void-Sentinel-develop\cogs\music.py", line 3, in <module>
    from discord import app_commands
  File "C:\Users\KLegi\AppData\Local\Python\pythoncore-3.14-64\Lib\site-packages\discord\app_commands\__init__.py", line 12, in <module>
    from .commands import *
  File "C:\Users\KLegi\AppData\Local\Python\pythoncore-3.14-64\Lib\site-packages\discord\app_commands\commands.py", line 51, in <module>
    from ..enums import AppCommandOptionType, AppCommandType, ChannelType, Locale
ImportError: cannot import name 'AppCommandOptionType' from 'discord.enums' (C:\Users\KLegi\AppData\Local\Python\pythoncore-3.14-64\Lib\site-packages\discord\enums.py). Did you mean: 'SlashCommandOptionType'?

The above exception was the direct cause of the following exception:

Traceback (most recent call last):
  File "C:\Users\KLegi\Desktop\Void-Sentinel-develop\main.py", line 48, in load_cogs
    await bot.load_extension(cog)
          ~~~~~~~~~~~~~~~~~~^^^^^
  File "C:\Users\KLegi\AppData\Local\Python\pythoncore-3.14-64\Lib\site-packages\discord\cog.py", line 918, in load_extension
    self._load_from_module_spec(spec, name)
    ~~~~~~~~~~~~~~~~~~~~~~~~~~~^^^^^^^^^^^^
  File "C:\Users\KLegi\AppData\Local\Python\pythoncore-3.14-64\Lib\site-packages\discord\cog.py", line 787, in _load_from_module_spec
    raise errors.ExtensionFailed(key, e) from e
discord.errors.ExtensionFailed: Extension 'cogs.music' raised an error: ImportError: cannot import name 'AppCommandOptionType' from 'discord.enums' (C:\Users\KLegi\AppData\Local\Python\pythoncore-3.14-64\Lib\site-packages\discord\enums.py)

--- –ö–æ–Ω–µ—Ü –æ—à–∏–±–∫–∏ ---
2025-10-26 02:37:13 | ERROR    | 
--- –û—à–∏–±–∫–∞ –≤ `cogs.quiz` ---
Traceback (most recent call last):
  File "C:\Users\KLegi\AppData\Local\Python\pythoncore-3.14-64\Lib\site-packages\discord\cog.py", line 784, in _load_from_module_spec
    spec.loader.exec_module(lib)  # type: ignore
    ~~~~~~~~~~~~~~~~~~~~~~~^^^^^
  File "<frozen importlib._bootstrap_external>", line 762, in exec_module
  File "<frozen importlib._bootstrap>", line 491, in _call_with_frames_removed
  File "C:\Users\KLegi\Desktop\Void-Sentinel-develop\cogs\quiz.py", line 3, in <module>
    from discord import app_commands
  File "C:\Users\KLegi\AppData\Local\Python\pythoncore-3.14-64\Lib\site-packages\discord\app_commands\__init__.py", line 12, in <module>
    from .commands import *
  File "C:\Users\KLegi\AppData\Local\Python\pythoncore-3.14-64\Lib\site-packages\discord\app_commands\commands.py", line 51, in <module>
    from ..enums import AppCommandOptionType, AppCommandType, ChannelType, Locale
ImportError: cannot import name 'AppCommandOptionType' from 'discord.enums' (C:\Users\KLegi\AppData\Local\Python\pythoncore-3.14-64\Lib\site-packages\discord\enums.py). Did you mean: 'SlashCommandOptionType'?

The above exception was the direct cause of the following exception:

Traceback (most recent call last):
  File "C:\Users\KLegi\Desktop\Void-Sentinel-develop\main.py", line 48, in load_cogs
    await bot.load_extension(cog)
          ~~~~~~~~~~~~~~~~~~^^^^^
  File "C:\Users\KLegi\AppData\Local\Python\pythoncore-3.14-64\Lib\site-packages\discord\cog.py", line 918, in load_extension
    self._load_from_module_spec(spec, name)
    ~~~~~~~~~~~~~~~~~~~~~~~~~~~^^^^^^^^^^^^
  File "C:\Users\KLegi\AppData\Local\Python\pythoncore-3.14-64\Lib\site-packages\discord\cog.py", line 787, in _load_from_module_spec
    raise errors.ExtensionFailed(key, e) from e
discord.errors.ExtensionFailed: Extension 'cogs.quiz' raised an error: ImportError: cannot import name 'AppCommandOptionType' from 'discord.enums' (C:\Users\KLegi\AppData\Local\Python\pythoncore-3.14-64\Lib\site-packages\discord\enums.py)

--- –ö–æ–Ω–µ—Ü –æ—à–∏–±–∫–∏ ---
2025-10-26 02:37:13 | ERROR    | 
--- –û—à–∏–±–∫–∞ –≤ `cogs.rps` ---
Traceback (most recent call last):
  File "C:\Users\KLegi\AppData\Local\Python\pythoncore-3.14-64\Lib\site-packages\discord\cog.py", line 784, in _load_from_module_spec
    spec.loader.exec_module(lib)  # type: ignore
    ~~~~~~~~~~~~~~~~~~~~~~~^^^^^
  File "<frozen importlib._bootstrap_external>", line 762, in exec_module
  File "<frozen importlib._bootstrap>", line 491, in _call_with_frames_removed
  File "C:\Users\KLegi\Desktop\Void-Sentinel-develop\cogs\rps.py", line 25, in <module>
    class RPSCog(commands.Cog):
    ...<55 lines>...
                await view.start_game(ctx.channel)
  File "C:\Users\KLegi\Desktop\Void-Sentinel-develop\cogs\rps.py", line 29, in RPSCog
    @commands.hybrid_command(
     ^^^^^^^^^^^^^^^^^^^^^^^
AttributeError: module 'discord.ext.commands' has no attribute 'hybrid_command'

The above exception was the direct cause of the following exception:

Traceback (most recent call last):
  File "C:\Users\KLegi\Desktop\Void-Sentinel-develop\main.py", line 48, in load_cogs
    await bot.load_extension(cog)
          ~~~~~~~~~~~~~~~~~~^^^^^
  File "C:\Users\KLegi\AppData\Local\Python\pythoncore-3.14-64\Lib\site-packages\discord\cog.py", line 918, in load_extension
    self._load_from_module_spec(spec, name)
    ~~~~~~~~~~~~~~~~~~~~~~~~~~~^^^^^^^^^^^^
  File "C:\Users\KLegi\AppData\Local\Python\pythoncore-3.14-64\Lib\site-packages\discord\cog.py", line 787, in _load_from_module_spec
    raise errors.ExtensionFailed(key, e) from e
discord.errors.ExtensionFailed: Extension 'cogs.rps' raised an error: AttributeError: module 'discord.ext.commands' has no attribute 'hybrid_command'

--- –ö–æ–Ω–µ—Ü –æ—à–∏–±–∫–∏ ---
2025-10-26 02:37:13 | ERROR    | 
--- –û—à–∏–±–∫–∞ –≤ `cogs.voting` ---
Traceback (most recent call last):
  File "C:\Users\KLegi\Desktop\Void-Sentinel-develop\main.py", line 48, in load_cogs
    await bot.load_extension(cog)
TypeError: 'list' object can't be awaited

--- –ö–æ–Ω–µ—Ü –æ—à–∏–±–∫–∏ ---
2025-10-26 02:37:16 | SUCCESS  | ü§ñ –ë–æ—Ç `Void Sentinel#5662` —É—Å–ø–µ—à–Ω–æ –∑–∞–ø—É—â–µ–Ω (ID: 1230464176745480254)
2025-10-26 02:37:16 | INFO     | üõ° –°–µ—Ä–≤–µ—Ä: Legion Of The Damned | ID: 828749346505490503 | –£—á–∞—Å—Ç–Ω–∏–∫–æ–≤: 8
2025-10-26 02:37:16 | INFO     | üõ° –°–µ—Ä–≤–µ—Ä: Space_Marine 2RU | ID: 1118852004786225192 | –£—á–∞—Å—Ç–Ω–∏–∫–æ–≤: 288
2025-10-26 02:37:16 | INFO     | üõ° –°–µ—Ä–≤–µ—Ä: winie's server | ID: 1335265286198263848 | –£—á–∞—Å—Ç–Ω–∏–∫–æ–≤: 56
2025-10-26 02:37:16 | INFO     | üõ° –°–µ—Ä–≤–µ—Ä: –°–µ—Ä–≤–µ—Ä –∫–æ—Ä–∏—Å—Ç—É–≤–∞—á–∞ kraken_5491 | ID: 1411475618343686187 | –£—á–∞—Å—Ç–Ω–∏–∫–æ–≤: 4
2025-10-26 02:37:28 | WARNING  | üõë –ó–∞–ø—É—Å–∫ –æ—Å—Ç–∞–Ω–æ–≤–ª–µ–Ω –≤—Ä—É—á–Ω—É—é.
2025-10-26 02:46:16 | INFO     | HTTP Request: GET https://jqphrrikzkntcyzsrbrc.supabase.co/rest/v1/active_duels?select=%2A "HTTP/2 200 OK"
2025-10-26 02:46:16 | INFO     | HTTP Request: GET https://jqphrrikzkntcyzsrbrc.supabase.co/rest/v1/duel_stats?select=%2A "HTTP/2 200 OK"
2025-10-26 02:46:16 | INFO     | ‚úÖ –î–∞–Ω–Ω—ã–µ –∏–∑ Supabase –∑–∞–≥—Ä—É–∂–µ–Ω—ã
2025-10-26 02:46:20 | SUCCESS  | üéâ –í—Å–µ —Ñ–∞–π–ª—ã cogs —É—Å–ø–µ—à–Ω–æ –∑–∞–≥—Ä—É–∂–µ–Ω—ã!
2025-10-26 02:46:23 | SUCCESS  | ü§ñ –ë–æ—Ç `Void Sentinel#5662` —É—Å–ø–µ—à–Ω–æ –∑–∞–ø—É—â–µ–Ω (ID: 1230464176745480254)
2025-10-26 02:46:23 | INFO     | üõ° –°–µ—Ä–≤–µ—Ä: Legion Of The Damned | ID: 828749346505490503 | –£—á–∞—Å—Ç–Ω–∏–∫–æ–≤: 8
2025-10-26 02:46:23 | INFO     | üõ° –°–µ—Ä–≤–µ—Ä: Space_Marine 2RU | ID: 1118852004786225192 | –£—á–∞—Å—Ç–Ω–∏–∫–æ–≤: 288
2025-10-26 02:46:23 | INFO     | üõ° –°–µ—Ä–≤–µ—Ä: winie's server | ID: 1335265286198263848 | –£—á–∞—Å—Ç–Ω–∏–∫–æ–≤: 56
2025-10-26 02:46:23 | INFO     | üõ° –°–µ—Ä–≤–µ—Ä: –°–µ—Ä–≤–µ—Ä –∫–æ—Ä–∏—Å—Ç—É–≤–∞—á–∞ kraken_5491 | ID: 1411475618343686187 | –£—á–∞—Å—Ç–Ω–∏–∫–æ–≤: 4
2025-10-26 02:46:24 | SUCCESS  | –ö–æ–º–∞–Ω–¥—ã —É—Å–ø–µ—à–Ω–æ —Å–∏–Ω—Ö—Ä–æ–Ω–∏–∑–∏—Ä–æ–≤–∞–Ω—ã
2025-10-26 02:47:15 | WARNING  | üõë –ó–∞–ø—É—Å–∫ –æ—Å—Ç–∞–Ω–æ–≤–ª–µ–Ω –≤—Ä—É—á–Ω—É—é.
2025-10-26 02:50:15 | INFO     | HTTP Request: GET https://jqphrrikzkntcyzsrbrc.supabase.co/rest/v1/active_duels?select=%2A "HTTP/2 200 OK"
2025-10-26 02:50:15 | INFO     | HTTP Request: GET https://jqphrrikzkntcyzsrbrc.supabase.co/rest/v1/duel_stats?select=%2A "HTTP/2 200 OK"
2025-10-26 02:50:15 | INFO     | ‚úÖ –î–∞–Ω–Ω—ã–µ –∏–∑ Supabase –∑–∞–≥—Ä—É–∂–µ–Ω—ã
2025-10-26 02:50:17 | SUCCESS  | üéâ –í—Å–µ —Ñ–∞–π–ª—ã cogs —É—Å–ø–µ—à–Ω–æ –∑–∞–≥—Ä—É–∂–µ–Ω—ã!
2025-10-26 02:50:21 | SUCCESS  | ü§ñ –ë–æ—Ç `Void Sentinel#5662` —É—Å–ø–µ—à–Ω–æ –∑–∞–ø—É—â–µ–Ω (ID: 1230464176745480254)
2025-10-26 02:50:21 | INFO     | üõ° –°–µ—Ä–≤–µ—Ä: Legion Of The Damned | ID: 828749346505490503 | –£—á–∞—Å—Ç–Ω–∏–∫–æ–≤: 8
2025-10-26 02:50:21 | INFO     | üõ° –°–µ—Ä–≤–µ—Ä: Space_Marine 2RU | ID: 1118852004786225192 | –£—á–∞—Å—Ç–Ω–∏–∫–æ–≤: 288
2025-10-26 02:50:21 | INFO     | üõ° –°–µ—Ä–≤–µ—Ä: winie's server | ID: 1335265286198263848 | –£—á–∞—Å—Ç–Ω–∏–∫–æ–≤: 56
2025-10-26 02:50:21 | INFO     | üõ° –°–µ—Ä–≤–µ—Ä: –°–µ—Ä–≤–µ—Ä –∫–æ—Ä–∏—Å—Ç—É–≤–∞—á–∞ kraken_5491 | ID: 1411475618343686187 | –£—á–∞—Å—Ç–Ω–∏–∫–æ–≤: 4
2025-10-26 02:50:21 | SUCCESS  | –ö–æ–º–∞–Ω–¥—ã —É—Å–ø–µ—à–Ω–æ —Å–∏–Ω—Ö—Ä–æ–Ω–∏–∑–∏—Ä–æ–≤–∞–Ω—ã
2025-10-26 02:51:09 | WARNING  | üõë –ó–∞–ø—É—Å–∫ –æ—Å—Ç–∞–Ω–æ–≤–ª–µ–Ω –≤—Ä—É—á–Ω—É—é.
