2025-11-14 04:33:49 | ERROR    | ‚ö†Ô∏è –û—à–∏–±–∫–∞ –∑–∞–≥—Ä—É–∑–∫–∏ –¥–∞–Ω–Ω—ã—Ö –∏–∑ Supabase: [Errno 11001] getaddrinfo failed
2025-11-14 04:33:50 | CRITICAL | ‚ùå –û—à–∏–±–∫–∏ –ø—Ä–∏ –∑–∞–≥—Ä—É–∑–∫–µ –º–æ–¥—É–ª–µ–π: cogs.general, cogs.music
2025-11-14 04:33:50 | ERROR    | 
--- –û—à–∏–±–∫–∞ –≤ `cogs.general` ---
Traceback (most recent call last):
  File "C:\Users\KLegi\AppData\Local\Packages\PythonSoftwareFoundation.Python.3.13_qbz5n2kfra8p0\LocalCache\local-packages\Python313\site-packages\discord\ext\commands\bot.py", line 962, in _load_from_module_spec
    spec.loader.exec_module(lib)  # type: ignore
    ~~~~~~~~~~~~~~~~~~~~~~~^^^^^
  File "<frozen importlib._bootstrap_external>", line 1027, in exec_module
  File "<frozen importlib._bootstrap>", line 488, in _call_with_frames_removed
  File "C:\Users\KLegi\Desktop\Void-Sentinel-develop\cogs\general.py", line 6, in <module>
    import psutil
ModuleNotFoundError: No module named 'psutil'

The above exception was the direct cause of the following exception:

Traceback (most recent call last):
  File "C:\Users\KLegi\Desktop\Void-Sentinel-develop\main.py", line 48, in load_cogs
    await bot.load_extension(cog)
  File "C:\Users\KLegi\AppData\Local\Packages\PythonSoftwareFoundation.Python.3.13_qbz5n2kfra8p0\LocalCache\local-packages\Python313\site-packages\discord\ext\commands\bot.py", line 1040, in load_extension
    await self._load_from_module_spec(spec, name)
  File "C:\Users\KLegi\AppData\Local\Packages\PythonSoftwareFoundation.Python.3.13_qbz5n2kfra8p0\LocalCache\local-packages\Python313\site-packages\discord\ext\commands\bot.py", line 965, in _load_from_module_spec
    raise errors.ExtensionFailed(key, e) from e
discord.ext.commands.errors.ExtensionFailed: Extension 'cogs.general' raised an error: ModuleNotFoundError: No module named 'psutil'

--- –ö–æ–Ω–µ—Ü –æ—à–∏–±–∫–∏ ---
2025-11-14 04:33:50 | ERROR    | 
--- –û—à–∏–±–∫–∞ –≤ `cogs.music` ---
Traceback (most recent call last):
  File "C:\Users\KLegi\AppData\Local\Packages\PythonSoftwareFoundation.Python.3.13_qbz5n2kfra8p0\LocalCache\local-packages\Python313\site-packages\discord\ext\commands\bot.py", line 962, in _load_from_module_spec
    spec.loader.exec_module(lib)  # type: ignore
    ~~~~~~~~~~~~~~~~~~~~~~~^^^^^
  File "<frozen importlib._bootstrap_external>", line 1027, in exec_module
  File "<frozen importlib._bootstrap>", line 488, in _call_with_frames_removed
  File "C:\Users\KLegi\Desktop\Void-Sentinel-develop\cogs\music.py", line 5, in <module>
    import yt_dlp
ModuleNotFoundError: No module named 'yt_dlp'

The above exception was the direct cause of the following exception:

Traceback (most recent call last):
  File "C:\Users\KLegi\Desktop\Void-Sentinel-develop\main.py", line 48, in load_cogs
    await bot.load_extension(cog)
  File "C:\Users\KLegi\AppData\Local\Packages\PythonSoftwareFoundation.Python.3.13_qbz5n2kfra8p0\LocalCache\local-packages\Python313\site-packages\discord\ext\commands\bot.py", line 1040, in load_extension
    await self._load_from_module_spec(spec, name)
  File "C:\Users\KLegi\AppData\Local\Packages\PythonSoftwareFoundation.Python.3.13_qbz5n2kfra8p0\LocalCache\local-packages\Python313\site-packages\discord\ext\commands\bot.py", line 965, in _load_from_module_spec
    raise errors.ExtensionFailed(key, e) from e
discord.ext.commands.errors.ExtensionFailed: Extension 'cogs.music' raised an error: ModuleNotFoundError: No module named 'yt_dlp'

--- –ö–æ–Ω–µ—Ü –æ—à–∏–±–∫–∏ ---
2025-11-14 04:33:53 | SUCCESS  | ü§ñ –ë–æ—Ç `Void Sentinel#5662` —É—Å–ø–µ—à–Ω–æ –∑–∞–ø—É—â–µ–Ω (ID: 1230464176745480254)
2025-11-14 04:33:53 | INFO     | üõ° –°–µ—Ä–≤–µ—Ä: Legion Of The Damned | ID: 828749346505490503 | –£—á–∞—Å—Ç–Ω–∏–∫–æ–≤: 9
2025-11-14 04:33:53 | INFO     | üõ° –°–µ—Ä–≤–µ—Ä: Space_Marine 2RU | ID: 1118852004786225192 | –£—á–∞—Å—Ç–Ω–∏–∫–æ–≤: 282
2025-11-14 04:33:53 | INFO     | üõ° –°–µ—Ä–≤–µ—Ä: winie's server | ID: 1335265286198263848 | –£—á–∞—Å—Ç–Ω–∏–∫–æ–≤: 56
2025-11-14 04:33:53 | INFO     | üõ° –°–µ—Ä–≤–µ—Ä: –°–µ—Ä–≤–µ—Ä –∫–æ—Ä–∏—Å—Ç—É–≤–∞—á–∞ kraken_5491 | ID: 1411475618343686187 | –£—á–∞—Å—Ç–Ω–∏–∫–æ–≤: 4
2025-11-14 04:33:54 | SUCCESS  | –ö–æ–º–∞–Ω–¥—ã —É—Å–ø–µ—à–Ω–æ —Å–∏–Ω—Ö—Ä–æ–Ω–∏–∑–∏—Ä–æ–≤–∞–Ω—ã
2025-11-14 04:34:02 | WARNING  | üõë –ó–∞–ø—É—Å–∫ –æ—Å—Ç–∞–Ω–æ–≤–ª–µ–Ω –≤—Ä—É—á–Ω—É—é.
2025-11-14 04:35:18 | INFO     | HTTP Request: GET https://jqphrrikzkntcyzsrbrc.supabase.co/rest/v1/active_duels?select=%2A "HTTP/2 404 Not Found"
2025-11-14 04:35:18 | ERROR    | ‚ö†Ô∏è –û—à–∏–±–∫–∞ –∑–∞–≥—Ä—É–∑–∫–∏ –¥–∞–Ω–Ω—ã—Ö –∏–∑ Supabase: {'message': "Could not find the table 'public.active_duels' in the schema cache", 'code': 'PGRST205', 'hint': None, 'details': None}
2025-11-14 04:35:20 | CRITICAL | ‚ùå –û—à–∏–±–∫–∏ –ø—Ä–∏ –∑–∞–≥—Ä—É–∑–∫–µ –º–æ–¥—É–ª–µ–π: cogs.general
2025-11-14 04:35:20 | ERROR    | 
--- –û—à–∏–±–∫–∞ –≤ `cogs.general` ---
Traceback (most recent call last):
  File "C:\Users\KLegi\AppData\Local\Packages\PythonSoftwareFoundation.Python.3.13_qbz5n2kfra8p0\LocalCache\local-packages\Python313\site-packages\discord\ext\commands\bot.py", line 962, in _load_from_module_spec
    spec.loader.exec_module(lib)  # type: ignore
    ~~~~~~~~~~~~~~~~~~~~~~~^^^^^
  File "<frozen importlib._bootstrap_external>", line 1027, in exec_module
  File "<frozen importlib._bootstrap>", line 488, in _call_with_frames_removed
  File "C:\Users\KLegi\Desktop\Void-Sentinel-develop\cogs\general.py", line 6, in <module>
    import psutil
ModuleNotFoundError: No module named 'psutil'

The above exception was the direct cause of the following exception:

Traceback (most recent call last):
  File "C:\Users\KLegi\Desktop\Void-Sentinel-develop\main.py", line 48, in load_cogs
    await bot.load_extension(cog)
  File "C:\Users\KLegi\AppData\Local\Packages\PythonSoftwareFoundation.Python.3.13_qbz5n2kfra8p0\LocalCache\local-packages\Python313\site-packages\discord\ext\commands\bot.py", line 1040, in load_extension
    await self._load_from_module_spec(spec, name)
  File "C:\Users\KLegi\AppData\Local\Packages\PythonSoftwareFoundation.Python.3.13_qbz5n2kfra8p0\LocalCache\local-packages\Python313\site-packages\discord\ext\commands\bot.py", line 965, in _load_from_module_spec
    raise errors.ExtensionFailed(key, e) from e
discord.ext.commands.errors.ExtensionFailed: Extension 'cogs.general' raised an error: ModuleNotFoundError: No module named 'psutil'

--- –ö–æ–Ω–µ—Ü –æ—à–∏–±–∫–∏ ---
2025-11-14 04:35:22 | WARNING  | üõë –ó–∞–ø—É—Å–∫ –æ—Å—Ç–∞–Ω–æ–≤–ª–µ–Ω –≤—Ä—É—á–Ω—É—é.
2025-11-14 04:36:20 | INFO     | HTTP Request: GET https://jqphrrikzkntcyzsrbrc.supabase.co/rest/v1/active_duels?select=%2A "HTTP/2 200 OK"
2025-11-14 04:36:22 | INFO     | HTTP Request: GET https://jqphrrikzkntcyzsrbrc.supabase.co/rest/v1/duel_stats?select=%2A "HTTP/2 200 OK"
2025-11-14 04:36:22 | INFO     | ‚úÖ –î–∞–Ω–Ω—ã–µ –∏–∑ Supabase –∑–∞–≥—Ä—É–∂–µ–Ω—ã
2025-11-14 04:36:23 | SUCCESS  | üéâ –í—Å–µ —Ñ–∞–π–ª—ã cogs —É—Å–ø–µ—à–Ω–æ –∑–∞–≥—Ä—É–∂–µ–Ω—ã!
2025-11-14 04:36:27 | SUCCESS  | ü§ñ –ë–æ—Ç `Void Sentinel#5662` —É—Å–ø–µ—à–Ω–æ –∑–∞–ø—É—â–µ–Ω (ID: 1230464176745480254)
2025-11-14 04:36:27 | INFO     | üõ° –°–µ—Ä–≤–µ—Ä: Legion Of The Damned | ID: 828749346505490503 | –£—á–∞—Å—Ç–Ω–∏–∫–æ–≤: 9
2025-11-14 04:36:27 | INFO     | üõ° –°–µ—Ä–≤–µ—Ä: Space_Marine 2RU | ID: 1118852004786225192 | –£—á–∞—Å—Ç–Ω–∏–∫–æ–≤: 282
2025-11-14 04:36:27 | INFO     | üõ° –°–µ—Ä–≤–µ—Ä: winie's server | ID: 1335265286198263848 | –£—á–∞—Å—Ç–Ω–∏–∫–æ–≤: 56
2025-11-14 04:36:27 | INFO     | üõ° –°–µ—Ä–≤–µ—Ä: –°–µ—Ä–≤–µ—Ä –∫–æ—Ä–∏—Å—Ç—É–≤–∞—á–∞ kraken_5491 | ID: 1411475618343686187 | –£—á–∞—Å—Ç–Ω–∏–∫–æ–≤: 4
2025-11-14 04:36:27 | SUCCESS  | –ö–æ–º–∞–Ω–¥—ã —É—Å–ø–µ—à–Ω–æ —Å–∏–Ω—Ö—Ä–æ–Ω–∏–∑–∏—Ä–æ–≤–∞–Ω—ã
2025-11-14 04:40:08 | WARNING  | üõë –ó–∞–ø—É—Å–∫ –æ—Å—Ç–∞–Ω–æ–≤–ª–µ–Ω –≤—Ä—É—á–Ω—É—é.
2025-11-14 04:42:46 | INFO     | HTTP Request: GET https://jqphrrikzkntcyzsrbrc.supabase.co/rest/v1/active_duels?select=%2A "HTTP/2 200 OK"
2025-11-14 04:42:47 | INFO     | HTTP Request: GET https://jqphrrikzkntcyzsrbrc.supabase.co/rest/v1/duel_stats?select=%2A "HTTP/2 200 OK"
2025-11-14 04:42:47 | INFO     | ‚úÖ –î–∞–Ω–Ω—ã–µ –∏–∑ Supabase –∑–∞–≥—Ä—É–∂–µ–Ω—ã
2025-11-14 04:42:49 | SUCCESS  | üéâ –í—Å–µ —Ñ–∞–π–ª—ã cogs —É—Å–ø–µ—à–Ω–æ –∑–∞–≥—Ä—É–∂–µ–Ω—ã!
2025-11-14 04:42:52 | SUCCESS  | ü§ñ –ë–æ—Ç `Void Sentinel#5662` —É—Å–ø–µ—à–Ω–æ –∑–∞–ø—É—â–µ–Ω (ID: 1230464176745480254)
2025-11-14 04:42:52 | INFO     | üõ° –°–µ—Ä–≤–µ—Ä: Legion Of The Damned | ID: 828749346505490503 | –£—á–∞—Å—Ç–Ω–∏–∫–æ–≤: 9
2025-11-14 04:42:52 | INFO     | üõ° –°–µ—Ä–≤–µ—Ä: Space_Marine 2RU | ID: 1118852004786225192 | –£—á–∞—Å—Ç–Ω–∏–∫–æ–≤: 282
2025-11-14 04:42:52 | INFO     | üõ° –°–µ—Ä–≤–µ—Ä: winie's server | ID: 1335265286198263848 | –£—á–∞—Å—Ç–Ω–∏–∫–æ–≤: 56
2025-11-14 04:42:52 | INFO     | üõ° –°–µ—Ä–≤–µ—Ä: –°–µ—Ä–≤–µ—Ä –∫–æ—Ä–∏—Å—Ç—É–≤–∞—á–∞ kraken_5491 | ID: 1411475618343686187 | –£—á–∞—Å—Ç–Ω–∏–∫–æ–≤: 4
2025-11-14 04:42:52 | SUCCESS  | –ö–æ–º–∞–Ω–¥—ã —É—Å–ø–µ—à–Ω–æ —Å–∏–Ω—Ö—Ä–æ–Ω–∏–∑–∏—Ä–æ–≤–∞–Ω—ã
2025-11-14 04:43:42 | WARNING  | üõë –ó–∞–ø—É—Å–∫ –æ—Å—Ç–∞–Ω–æ–≤–ª–µ–Ω –≤—Ä—É—á–Ω—É—é.
2025-11-14 04:45:02 | INFO     | HTTP Request: GET https://jqphrrikzkntcyzsrbrc.supabase.co/rest/v1/active_duels?select=%2A "HTTP/2 200 OK"
2025-11-14 04:45:02 | INFO     | HTTP Request: GET https://jqphrrikzkntcyzsrbrc.supabase.co/rest/v1/duel_stats?select=%2A "HTTP/2 200 OK"
2025-11-14 04:45:02 | INFO     | ‚úÖ –î–∞–Ω–Ω—ã–µ –∏–∑ Supabase –∑–∞–≥—Ä—É–∂–µ–Ω—ã
2025-11-14 04:45:04 | SUCCESS  | üéâ –í—Å–µ —Ñ–∞–π–ª—ã cogs —É—Å–ø–µ—à–Ω–æ –∑–∞–≥—Ä—É–∂–µ–Ω—ã!
2025-11-14 04:45:08 | SUCCESS  | ü§ñ –ë–æ—Ç `Void Sentinel#5662` —É—Å–ø–µ—à–Ω–æ –∑–∞–ø—É—â–µ–Ω (ID: 1230464176745480254)
2025-11-14 04:45:08 | INFO     | üõ° –°–µ—Ä–≤–µ—Ä: Legion Of The Damned | ID: 828749346505490503 | –£—á–∞—Å—Ç–Ω–∏–∫–æ–≤: 9
2025-11-14 04:45:08 | INFO     | üõ° –°–µ—Ä–≤–µ—Ä: Space_Marine 2RU | ID: 1118852004786225192 | –£—á–∞—Å—Ç–Ω–∏–∫–æ–≤: 282
2025-11-14 04:45:08 | INFO     | üõ° –°–µ—Ä–≤–µ—Ä: winie's server | ID: 1335265286198263848 | –£—á–∞—Å—Ç–Ω–∏–∫–æ–≤: 56
2025-11-14 04:45:08 | INFO     | üõ° –°–µ—Ä–≤–µ—Ä: –°–µ—Ä–≤–µ—Ä –∫–æ—Ä–∏—Å—Ç—É–≤–∞—á–∞ kraken_5491 | ID: 1411475618343686187 | –£—á–∞—Å—Ç–Ω–∏–∫–æ–≤: 4
2025-11-14 04:45:08 | SUCCESS  | –ö–æ–º–∞–Ω–¥—ã —É—Å–ø–µ—à–Ω–æ —Å–∏–Ω—Ö—Ä–æ–Ω–∏–∑–∏—Ä–æ–≤–∞–Ω—ã
2025-11-14 04:46:06 | WARNING  | üõë –ó–∞–ø—É—Å–∫ –æ—Å—Ç–∞–Ω–æ–≤–ª–µ–Ω –≤—Ä—É—á–Ω—É—é.
2025-11-14 04:46:25 | INFO     | HTTP Request: GET https://jqphrrikzkntcyzsrbrc.supabase.co/rest/v1/active_duels?select=%2A "HTTP/2 200 OK"
2025-11-14 04:46:25 | INFO     | HTTP Request: GET https://jqphrrikzkntcyzsrbrc.supabase.co/rest/v1/duel_stats?select=%2A "HTTP/2 200 OK"
2025-11-14 04:46:25 | INFO     | ‚úÖ –î–∞–Ω–Ω—ã–µ –∏–∑ Supabase –∑–∞–≥—Ä—É–∂–µ–Ω—ã
2025-11-14 04:46:28 | SUCCESS  | üéâ –í—Å–µ —Ñ–∞–π–ª—ã cogs —É—Å–ø–µ—à–Ω–æ –∑–∞–≥—Ä—É–∂–µ–Ω—ã!
2025-11-14 04:46:31 | SUCCESS  | ü§ñ –ë–æ—Ç `Void Sentinel#5662` —É—Å–ø–µ—à–Ω–æ –∑–∞–ø—É—â–µ–Ω (ID: 1230464176745480254)
2025-11-14 04:46:31 | INFO     | üõ° –°–µ—Ä–≤–µ—Ä: Legion Of The Damned | ID: 828749346505490503 | –£—á–∞—Å—Ç–Ω–∏–∫–æ–≤: 9
2025-11-14 04:46:31 | INFO     | üõ° –°–µ—Ä–≤–µ—Ä: Space_Marine 2RU | ID: 1118852004786225192 | –£—á–∞—Å—Ç–Ω–∏–∫–æ–≤: 282
2025-11-14 04:46:31 | INFO     | üõ° –°–µ—Ä–≤–µ—Ä: winie's server | ID: 1335265286198263848 | –£—á–∞—Å—Ç–Ω–∏–∫–æ–≤: 56
2025-11-14 04:46:31 | INFO     | üõ° –°–µ—Ä–≤–µ—Ä: –°–µ—Ä–≤–µ—Ä –∫–æ—Ä–∏—Å—Ç—É–≤–∞—á–∞ kraken_5491 | ID: 1411475618343686187 | –£—á–∞—Å—Ç–Ω–∏–∫–æ–≤: 4
2025-11-14 04:46:32 | SUCCESS  | –ö–æ–º–∞–Ω–¥—ã —É—Å–ø–µ—à–Ω–æ —Å–∏–Ω—Ö—Ä–æ–Ω–∏–∑–∏—Ä–æ–≤–∞–Ω—ã
2025-11-14 04:49:03 | WARNING  | üõë –ó–∞–ø—É—Å–∫ –æ—Å—Ç–∞–Ω–æ–≤–ª–µ–Ω –≤—Ä—É—á–Ω—É—é.
2025-11-14 04:49:18 | INFO     | HTTP Request: GET https://jqphrrikzkntcyzsrbrc.supabase.co/rest/v1/active_duels?select=%2A "HTTP/2 200 OK"
2025-11-14 04:49:18 | INFO     | HTTP Request: GET https://jqphrrikzkntcyzsrbrc.supabase.co/rest/v1/duel_stats?select=%2A "HTTP/2 200 OK"
2025-11-14 04:49:18 | INFO     | ‚úÖ –î–∞–Ω–Ω—ã–µ –∏–∑ Supabase –∑–∞–≥—Ä—É–∂–µ–Ω—ã
2025-11-14 04:49:20 | SUCCESS  | üéâ –í—Å–µ —Ñ–∞–π–ª—ã cogs —É—Å–ø–µ—à–Ω–æ –∑–∞–≥—Ä—É–∂–µ–Ω—ã!
2025-11-14 04:49:24 | SUCCESS  | ü§ñ –ë–æ—Ç `Void Sentinel#5662` —É—Å–ø–µ—à–Ω–æ –∑–∞–ø—É—â–µ–Ω (ID: 1230464176745480254)
2025-11-14 04:49:24 | INFO     | üõ° –°–µ—Ä–≤–µ—Ä: Legion Of The Damned | ID: 828749346505490503 | –£—á–∞—Å—Ç–Ω–∏–∫–æ–≤: 9
2025-11-14 04:49:24 | INFO     | üõ° –°–µ—Ä–≤–µ—Ä: Space_Marine 2RU | ID: 1118852004786225192 | –£—á–∞—Å—Ç–Ω–∏–∫–æ–≤: 282
2025-11-14 04:49:24 | INFO     | üõ° –°–µ—Ä–≤–µ—Ä: winie's server | ID: 1335265286198263848 | –£—á–∞—Å—Ç–Ω–∏–∫–æ–≤: 56
2025-11-14 04:49:24 | INFO     | üõ° –°–µ—Ä–≤–µ—Ä: –°–µ—Ä–≤–µ—Ä –∫–æ—Ä–∏—Å—Ç—É–≤–∞—á–∞ kraken_5491 | ID: 1411475618343686187 | –£—á–∞—Å—Ç–Ω–∏–∫–æ–≤: 4
2025-11-14 04:49:24 | SUCCESS  | –ö–æ–º–∞–Ω–¥—ã —É—Å–ø–µ—à–Ω–æ —Å–∏–Ω—Ö—Ä–æ–Ω–∏–∑–∏—Ä–æ–≤–∞–Ω—ã
2025-11-14 04:49:40 | WARNING  | üõë –ó–∞–ø—É—Å–∫ –æ—Å—Ç–∞–Ω–æ–≤–ª–µ–Ω –≤—Ä—É—á–Ω—É—é.
2025-11-14 04:52:28 | INFO     | HTTP Request: GET https://jqphrrikzkntcyzsrbrc.supabase.co/rest/v1/active_duels?select=%2A "HTTP/2 200 OK"
2025-11-14 04:52:28 | INFO     | HTTP Request: GET https://jqphrrikzkntcyzsrbrc.supabase.co/rest/v1/duel_stats?select=%2A "HTTP/2 200 OK"
2025-11-14 04:52:28 | INFO     | ‚úÖ –î–∞–Ω–Ω—ã–µ –∏–∑ Supabase –∑–∞–≥—Ä—É–∂–µ–Ω—ã
2025-11-14 04:52:30 | SUCCESS  | üéâ –í—Å–µ —Ñ–∞–π–ª—ã cogs —É—Å–ø–µ—à–Ω–æ –∑–∞–≥—Ä—É–∂–µ–Ω—ã!
2025-11-14 04:52:33 | SUCCESS  | ü§ñ –ë–æ—Ç `Void Sentinel#5662` —É—Å–ø–µ—à–Ω–æ –∑–∞–ø—É—â–µ–Ω (ID: 1230464176745480254)
2025-11-14 04:52:33 | INFO     | üõ° –°–µ—Ä–≤–µ—Ä: Legion Of The Damned | ID: 828749346505490503 | –£—á–∞—Å—Ç–Ω–∏–∫–æ–≤: 9
2025-11-14 04:52:33 | INFO     | üõ° –°–µ—Ä–≤–µ—Ä: Space_Marine 2RU | ID: 1118852004786225192 | –£—á–∞—Å—Ç–Ω–∏–∫–æ–≤: 282
2025-11-14 04:52:33 | INFO     | üõ° –°–µ—Ä–≤–µ—Ä: winie's server | ID: 1335265286198263848 | –£—á–∞—Å—Ç–Ω–∏–∫–æ–≤: 56
2025-11-14 04:52:33 | INFO     | üõ° –°–µ—Ä–≤–µ—Ä: –°–µ—Ä–≤–µ—Ä –∫–æ—Ä–∏—Å—Ç—É–≤–∞—á–∞ kraken_5491 | ID: 1411475618343686187 | –£—á–∞—Å—Ç–Ω–∏–∫–æ–≤: 4
2025-11-14 04:52:34 | SUCCESS  | –ö–æ–º–∞–Ω–¥—ã —É—Å–ø–µ—à–Ω–æ —Å–∏–Ω—Ö—Ä–æ–Ω–∏–∑–∏—Ä–æ–≤–∞–Ω—ã
2025-11-14 04:53:56 | WARNING  | üõë –ó–∞–ø—É—Å–∫ –æ—Å—Ç–∞–Ω–æ–≤–ª–µ–Ω –≤—Ä—É—á–Ω—É—é.
