2025-10-23 02:06:34 | INFO     | HTTP Request: GET https://jqphrrikzkntcyzsrbrc.supabase.co/rest/v1/active_duels?select=%2A "HTTP/2 200 OK"
2025-10-23 02:06:34 | INFO     | HTTP Request: GET https://jqphrrikzkntcyzsrbrc.supabase.co/rest/v1/duel_stats?select=%2A "HTTP/2 200 OK"
2025-10-23 02:06:34 | INFO     | ‚úÖ –î–∞–Ω–Ω—ã–µ –∏–∑ Supabase –∑–∞–≥—Ä—É–∂–µ–Ω—ã
2025-10-23 02:06:34 | SUCCESS  | –ó–∞–≥—Ä—É–∂–µ–Ω ID —Å–æ–æ–±—â–µ–Ω–∏—è –¥–ª—è —Ä–æ–ª–µ–π: 1416566500638330941
2025-10-23 02:06:36 | CRITICAL | ‚ùå –û—à–∏–±–∫–∏ –ø—Ä–∏ –∑–∞–≥—Ä—É–∑–∫–µ –º–æ–¥—É–ª–µ–π: cogs.general
2025-10-23 02:06:36 | ERROR    | 
--- –û—à–∏–±–∫–∞ –≤ `cogs.general` ---
Traceback (most recent call last):
  File "C:\Users\KLegi\AppData\Local\Python\pythoncore-3.14-64\Lib\site-packages\discord\ext\commands\bot.py", line 962, in _load_from_module_spec
    spec.loader.exec_module(lib)  # type: ignore
    ~~~~~~~~~~~~~~~~~~~~~~~^^^^^
  File "<frozen importlib._bootstrap_external>", line 762, in exec_module
  File "<frozen importlib._bootstrap>", line 491, in _call_with_frames_removed
  File "D:\–ó–∞–≤–∞–Ω—Ç–∞–∂–µ–Ω–Ω—è\Void-Sentinel-develop\cogs\general.py", line 6, in <module>
    import psutil
ModuleNotFoundError: No module named 'psutil'

The above exception was the direct cause of the following exception:

Traceback (most recent call last):
  File "D:\–ó–∞–≤–∞–Ω—Ç–∞–∂–µ–Ω–Ω—è\Void-Sentinel-develop\main.py", line 46, in load_cogs
    await bot.load_extension(cog)
  File "C:\Users\KLegi\AppData\Local\Python\pythoncore-3.14-64\Lib\site-packages\discord\ext\commands\bot.py", line 1040, in load_extension
    await self._load_from_module_spec(spec, name)
  File "C:\Users\KLegi\AppData\Local\Python\pythoncore-3.14-64\Lib\site-packages\discord\ext\commands\bot.py", line 965, in _load_from_module_spec
    raise errors.ExtensionFailed(key, e) from e
discord.ext.commands.errors.ExtensionFailed: Extension 'cogs.general' raised an error: ModuleNotFoundError: No module named 'psutil'

--- –ö–æ–Ω–µ—Ü –æ—à–∏–±–∫–∏ ---
2025-10-23 02:06:39 | SUCCESS  | ü§ñ –ë–æ—Ç `Void Sentinel#5662` —É—Å–ø–µ—à–Ω–æ –∑–∞–ø—É—â–µ–Ω (ID: 1230464176745480254)
2025-10-23 02:06:39 | INFO     | üõ° –°–µ—Ä–≤–µ—Ä: Legion Of The Damned | ID: 828749346505490503 | –£—á–∞—Å—Ç–Ω–∏–∫–æ–≤: 8
2025-10-23 02:06:39 | INFO     | üõ° –°–µ—Ä–≤–µ—Ä: Space_Marine 2RU | ID: 1118852004786225192 | –£—á–∞—Å—Ç–Ω–∏–∫–æ–≤: 288
2025-10-23 02:06:39 | INFO     | üõ° –°–µ—Ä–≤–µ—Ä: winie's server | ID: 1335265286198263848 | –£—á–∞—Å—Ç–Ω–∏–∫–æ–≤: 56
2025-10-23 02:06:39 | INFO     | üõ° –°–µ—Ä–≤–µ—Ä: –°–µ—Ä–≤–µ—Ä –∫–æ—Ä–∏—Å—Ç—É–≤–∞—á–∞ kraken_5491 | ID: 1411475618343686187 | –£—á–∞—Å—Ç–Ω–∏–∫–æ–≤: 4
2025-10-23 02:06:40 | SUCCESS  | –°–æ–æ–±—â–µ–Ω–∏–µ –≤–µ—Ä–∏—Ñ–∏–∫–∞—Ü–∏–∏ –Ω–∞–π–¥–µ–Ω–æ, —Å–æ–∑–¥–∞–Ω–∏–µ –Ω–µ —Ç—Ä–µ–±—É–µ—Ç—Å—è.
2025-10-23 02:06:40 | INFO     | –ò—Å–ø–æ–ª—å–∑—É–µ–º —Å—É—â–µ—Å—Ç–≤—É—é—â–µ–µ —Å–æ–æ–±—â–µ–Ω–∏–µ —Å ID 1416566500638330941
2025-10-23 02:06:40 | SUCCESS  | –ö–æ–º–∞–Ω–¥—ã —É—Å–ø–µ—à–Ω–æ —Å–∏–Ω—Ö—Ä–æ–Ω–∏–∑–∏—Ä–æ–≤–∞–Ω—ã
2025-10-23 02:06:40 | WARNING  | üõë –ó–∞–ø—É—Å–∫ –æ—Å—Ç–∞–Ω–æ–≤–ª–µ–Ω –≤—Ä—É—á–Ω—É—é.
2025-10-23 02:09:11 | INFO     | HTTP Request: GET https://jqphrrikzkntcyzsrbrc.supabase.co/rest/v1/active_duels?select=%2A "HTTP/2 200 OK"
2025-10-23 02:09:11 | INFO     | HTTP Request: GET https://jqphrrikzkntcyzsrbrc.supabase.co/rest/v1/duel_stats?select=%2A "HTTP/2 200 OK"
2025-10-23 02:09:11 | INFO     | ‚úÖ –î–∞–Ω–Ω—ã–µ –∏–∑ Supabase –∑–∞–≥—Ä—É–∂–µ–Ω—ã
2025-10-23 02:09:12 | SUCCESS  | –ó–∞–≥—Ä—É–∂–µ–Ω ID —Å–æ–æ–±—â–µ–Ω–∏—è –¥–ª—è —Ä–æ–ª–µ–π: 1416566500638330941
2025-10-23 02:09:13 | SUCCESS  | üéâ –í—Å–µ —Ñ–∞–π–ª—ã cogs —É—Å–ø–µ—à–Ω–æ –∑–∞–≥—Ä—É–∂–µ–Ω—ã!
2025-10-23 02:09:16 | WARNING  | üõë –ó–∞–ø—É—Å–∫ –æ—Å—Ç–∞–Ω–æ–≤–ª–µ–Ω –≤—Ä—É—á–Ω—É—é.
2025-10-23 02:09:32 | INFO     | HTTP Request: GET https://jqphrrikzkntcyzsrbrc.supabase.co/rest/v1/active_duels?select=%2A "HTTP/2 200 OK"
2025-10-23 02:09:32 | INFO     | HTTP Request: GET https://jqphrrikzkntcyzsrbrc.supabase.co/rest/v1/duel_stats?select=%2A "HTTP/2 200 OK"
2025-10-23 02:09:32 | INFO     | ‚úÖ –î–∞–Ω–Ω—ã–µ –∏–∑ Supabase –∑–∞–≥—Ä—É–∂–µ–Ω—ã
2025-10-23 02:09:33 | SUCCESS  | –ó–∞–≥—Ä—É–∂–µ–Ω ID —Å–æ–æ–±—â–µ–Ω–∏—è –¥–ª—è —Ä–æ–ª–µ–π: 1416566500638330941
2025-10-23 02:09:34 | SUCCESS  | üéâ –í—Å–µ —Ñ–∞–π–ª—ã cogs —É—Å–ø–µ—à–Ω–æ –∑–∞–≥—Ä—É–∂–µ–Ω—ã!
2025-10-23 02:09:37 | SUCCESS  | ü§ñ –ë–æ—Ç `Void Sentinel#5662` —É—Å–ø–µ—à–Ω–æ –∑–∞–ø—É—â–µ–Ω (ID: 1230464176745480254)
2025-10-23 02:09:37 | INFO     | üõ° –°–µ—Ä–≤–µ—Ä: Legion Of The Damned | ID: 828749346505490503 | –£—á–∞—Å—Ç–Ω–∏–∫–æ–≤: 8
2025-10-23 02:09:37 | INFO     | üõ° –°–µ—Ä–≤–µ—Ä: Space_Marine 2RU | ID: 1118852004786225192 | –£—á–∞—Å—Ç–Ω–∏–∫–æ–≤: 288
2025-10-23 02:09:37 | INFO     | üõ° –°–µ—Ä–≤–µ—Ä: winie's server | ID: 1335265286198263848 | –£—á–∞—Å—Ç–Ω–∏–∫–æ–≤: 56
2025-10-23 02:09:37 | INFO     | üõ° –°–µ—Ä–≤–µ—Ä: –°–µ—Ä–≤–µ—Ä –∫–æ—Ä–∏—Å—Ç—É–≤–∞—á–∞ kraken_5491 | ID: 1411475618343686187 | –£—á–∞—Å—Ç–Ω–∏–∫–æ–≤: 4
2025-10-23 02:09:37 | SUCCESS  | –°–æ–æ–±—â–µ–Ω–∏–µ –≤–µ—Ä–∏—Ñ–∏–∫–∞—Ü–∏–∏ –Ω–∞–π–¥–µ–Ω–æ, —Å–æ–∑–¥–∞–Ω–∏–µ –Ω–µ —Ç—Ä–µ–±—É–µ—Ç—Å—è.
2025-10-23 02:09:37 | INFO     | –ò—Å–ø–æ–ª—å–∑—É–µ–º —Å—É—â–µ—Å—Ç–≤—É—é—â–µ–µ —Å–æ–æ–±—â–µ–Ω–∏–µ —Å ID 1416566500638330941
2025-10-23 02:10:37 | WARNING  | üõë –ó–∞–ø—É—Å–∫ –æ—Å—Ç–∞–Ω–æ–≤–ª–µ–Ω –≤—Ä—É—á–Ω—É—é.
2025-10-23 02:11:24 | INFO     | HTTP Request: GET https://jqphrrikzkntcyzsrbrc.supabase.co/rest/v1/active_duels?select=%2A "HTTP/2 200 OK"
2025-10-23 02:11:25 | INFO     | HTTP Request: GET https://jqphrrikzkntcyzsrbrc.supabase.co/rest/v1/duel_stats?select=%2A "HTTP/2 200 OK"
2025-10-23 02:11:25 | INFO     | ‚úÖ –î–∞–Ω–Ω—ã–µ –∏–∑ Supabase –∑–∞–≥—Ä—É–∂–µ–Ω—ã
2025-10-23 02:11:26 | SUCCESS  | –ó–∞–≥—Ä—É–∂–µ–Ω ID —Å–æ–æ–±—â–µ–Ω–∏—è –¥–ª—è —Ä–æ–ª–µ–π: 1416566500638330941
2025-10-23 02:11:27 | SUCCESS  | üéâ –í—Å–µ —Ñ–∞–π–ª—ã cogs —É—Å–ø–µ—à–Ω–æ –∑–∞–≥—Ä—É–∂–µ–Ω—ã!
2025-10-23 02:11:30 | SUCCESS  | ü§ñ –ë–æ—Ç `Void Sentinel#5662` —É—Å–ø–µ—à–Ω–æ –∑–∞–ø—É—â–µ–Ω (ID: 1230464176745480254)
2025-10-23 02:11:30 | INFO     | üõ° –°–µ—Ä–≤–µ—Ä: Legion Of The Damned | ID: 828749346505490503 | –£—á–∞—Å—Ç–Ω–∏–∫–æ–≤: 8
2025-10-23 02:11:30 | INFO     | üõ° –°–µ—Ä–≤–µ—Ä: Space_Marine 2RU | ID: 1118852004786225192 | –£—á–∞—Å—Ç–Ω–∏–∫–æ–≤: 288
2025-10-23 02:11:30 | INFO     | üõ° –°–µ—Ä–≤–µ—Ä: winie's server | ID: 1335265286198263848 | –£—á–∞—Å—Ç–Ω–∏–∫–æ–≤: 56
2025-10-23 02:11:30 | INFO     | üõ° –°–µ—Ä–≤–µ—Ä: –°–µ—Ä–≤–µ—Ä –∫–æ—Ä–∏—Å—Ç—É–≤–∞—á–∞ kraken_5491 | ID: 1411475618343686187 | –£—á–∞—Å—Ç–Ω–∏–∫–æ–≤: 4
2025-10-23 02:11:30 | SUCCESS  | –°–æ–æ–±—â–µ–Ω–∏–µ –≤–µ—Ä–∏—Ñ–∏–∫–∞—Ü–∏–∏ –Ω–∞–π–¥–µ–Ω–æ, —Å–æ–∑–¥–∞–Ω–∏–µ –Ω–µ —Ç—Ä–µ–±—É–µ—Ç—Å—è.
2025-10-23 02:11:30 | INFO     | –ò—Å–ø–æ–ª—å–∑—É–µ–º —Å—É—â–µ—Å—Ç–≤—É—é—â–µ–µ —Å–æ–æ–±—â–µ–Ω–∏–µ —Å ID 1416566500638330941
2025-10-23 02:12:31 | SUCCESS  | –ö–æ–º–∞–Ω–¥—ã —É—Å–ø–µ—à–Ω–æ —Å–∏–Ω—Ö—Ä–æ–Ω–∏–∑–∏—Ä–æ–≤–∞–Ω—ã
2025-10-23 02:16:10 | INFO     | –°–æ–∑–¥–∞–Ω–∞ –∏–≥—Ä–∞ –ú–æ–Ω–µ—Ç–∫–∞: kraken_5491 vs Void Sentinel#5662
2025-10-23 02:16:12 | INFO     | –ò–≥—Ä–∞ —Å–æ–∑–¥–∞–Ω–∞: kraken_5491 vs Void Sentinel#5662, —Å–æ–æ–±—â–µ–Ω–∏–µ 1430696267306111020
2025-10-23 02:16:14 | INFO     | kraken_5491 –≤—ã–±—Ä–∞–ª –æ—Ä—ë–ª
2025-10-23 02:16:14 | INFO     | Void Sentinel#5662 –∞–≤—Ç–æ–º–∞—Ç–∏—á–µ—Å–∫–∏ –≤—ã–±—Ä–∞–ª –æ—Ä—ë–ª
2025-10-23 02:16:14 | INFO     | –ù–∏—á—å—è –≤ –∏–≥—Ä–µ –ú–æ–Ω–µ—Ç–∫–∞: —Ä–µ–∑—É–ª—å—Ç–∞—Ç —Ä–µ—à–∫–∞
2025-10-23 02:16:36 | INFO     | –°–æ–∑–¥–∞–Ω–∞ –∏–≥—Ä–∞ –ú–æ–Ω–µ—Ç–∫–∞: kraken_5491 vs Void Sentinel#5662
2025-10-23 02:16:36 | INFO     | –ò–≥—Ä–∞ —Å–æ–∑–¥–∞–Ω–∞: kraken_5491 vs Void Sentinel#5662, —Å–æ–æ–±—â–µ–Ω–∏–µ 1430696370162897028
2025-10-23 02:16:38 | INFO     | kraken_5491 –≤—ã–±—Ä–∞–ª –æ—Ä—ë–ª
2025-10-23 02:16:38 | INFO     | Void Sentinel#5662 –∞–≤—Ç–æ–º–∞—Ç–∏—á–µ—Å–∫–∏ –≤—ã–±—Ä–∞–ª –æ—Ä—ë–ª
2025-10-23 02:16:38 | INFO     | –ù–∏—á—å—è –≤ –∏–≥—Ä–µ –ú–æ–Ω–µ—Ç–∫–∞: —Ä–µ–∑—É–ª—å—Ç–∞—Ç —Ä–µ—à–∫–∞
2025-10-23 02:16:58 | INFO     | –°–æ–∑–¥–∞–Ω–∞ –∏–≥—Ä–∞ –ú–æ–Ω–µ—Ç–∫–∞: kraken_5491 vs Void Sentinel#5662
2025-10-23 02:16:58 | INFO     | –ò–≥—Ä–∞ —Å–æ–∑–¥–∞–Ω–∞: kraken_5491 vs Void Sentinel#5662, —Å–æ–æ–±—â–µ–Ω–∏–µ 1430696462588710912
2025-10-23 02:17:00 | INFO     | kraken_5491 –≤—ã–±—Ä–∞–ª –æ—Ä—ë–ª
2025-10-23 02:17:00 | INFO     | Void Sentinel#5662 –∞–≤—Ç–æ–º–∞—Ç–∏—á–µ—Å–∫–∏ –≤—ã–±—Ä–∞–ª –æ—Ä—ë–ª
2025-10-23 02:17:00 | INFO     | –ù–∏—á—å—è –≤ –∏–≥—Ä–µ –ú–æ–Ω–µ—Ç–∫–∞: —Ä–µ–∑—É–ª—å—Ç–∞—Ç —Ä–µ—à–∫–∞
2025-10-23 02:17:12 | INFO     | –°–æ–∑–¥–∞–Ω–∞ –∏–≥—Ä–∞ –ú–æ–Ω–µ—Ç–∫–∞: kraken_5491 vs Music Disc#0631
2025-10-23 02:17:12 | INFO     | –ò–≥—Ä–∞ —Å–æ–∑–¥–∞–Ω–∞: kraken_5491 vs Music Disc#0631, —Å–æ–æ–±—â–µ–Ω–∏–µ 1430696522546417725
2025-10-23 02:17:17 | INFO     | kraken_5491 –≤—ã–±—Ä–∞–ª –æ—Ä—ë–ª
2025-10-23 02:17:17 | INFO     | Void Sentinel#5662 –∞–≤—Ç–æ–º–∞—Ç–∏—á–µ—Å–∫–∏ –≤—ã–±—Ä–∞–ª —Ä–µ—à–∫–∞
2025-10-23 02:17:17 | SUCCESS  | kraken_5491 –ø–æ–±–µ–¥–∏–ª –≤ –∏–≥—Ä–µ –ú–æ–Ω–µ—Ç–∫–∞ (–æ—Ä—ë–ª)
2025-10-23 02:17:26 | INFO     | –°–æ–∑–¥–∞–Ω–∞ –∏–≥—Ä–∞ –ú–æ–Ω–µ—Ç–∫–∞: kraken_5491 vs Void Sentinel#5662
2025-10-23 02:17:27 | INFO     | –ò–≥—Ä–∞ —Å–æ–∑–¥–∞–Ω–∞: kraken_5491 vs Void Sentinel#5662, —Å–æ–æ–±—â–µ–Ω–∏–µ 1430696582583685310
2025-10-23 02:17:29 | INFO     | kraken_5491 –≤—ã–±—Ä–∞–ª –æ—Ä—ë–ª
2025-10-23 02:17:29 | INFO     | Void Sentinel#5662 –∞–≤—Ç–æ–º–∞—Ç–∏—á–µ—Å–∫–∏ –≤—ã–±—Ä–∞–ª –æ—Ä—ë–ª
2025-10-23 02:17:29 | SUCCESS  | kraken_5491 –ø–æ–±–µ–¥–∏–ª –≤ –∏–≥—Ä–µ –ú–æ–Ω–µ—Ç–∫–∞ (–æ—Ä—ë–ª)
2025-10-23 02:17:36 | INFO     | –°–æ–∑–¥–∞–Ω–∞ –∏–≥—Ä–∞ –ú–æ–Ω–µ—Ç–∫–∞: kraken_5491 vs Void Sentinel#5662
2025-10-23 02:17:36 | INFO     | –ò–≥—Ä–∞ —Å–æ–∑–¥–∞–Ω–∞: kraken_5491 vs Void Sentinel#5662, —Å–æ–æ–±—â–µ–Ω–∏–µ 1430696623163572304
2025-10-23 02:17:38 | INFO     | kraken_5491 –≤—ã–±—Ä–∞–ª —Ä–µ—à–∫–∞
2025-10-23 02:17:38 | INFO     | Void Sentinel#5662 –∞–≤—Ç–æ–º–∞—Ç–∏—á–µ—Å–∫–∏ –≤—ã–±—Ä–∞–ª —Ä–µ—à–∫–∞
2025-10-23 02:17:38 | SUCCESS  | kraken_5491 –ø–æ–±–µ–¥–∏–ª –≤ –∏–≥—Ä–µ –ú–æ–Ω–µ—Ç–∫–∞ (—Ä–µ—à–∫–∞)
2025-10-23 14:37:57 | WARNING  | üõë –ó–∞–ø—É—Å–∫ –æ—Å—Ç–∞–Ω–æ–≤–ª–µ–Ω –≤—Ä—É—á–Ω—É—é.
2025-10-23 14:38:07 | INFO     | HTTP Request: GET https://jqphrrikzkntcyzsrbrc.supabase.co/rest/v1/active_duels?select=%2A "HTTP/2 200 OK"
2025-10-23 14:38:08 | INFO     | HTTP Request: GET https://jqphrrikzkntcyzsrbrc.supabase.co/rest/v1/duel_stats?select=%2A "HTTP/2 200 OK"
2025-10-23 14:38:08 | INFO     | ‚úÖ –î–∞–Ω–Ω—ã–µ –∏–∑ Supabase –∑–∞–≥—Ä—É–∂–µ–Ω—ã
2025-10-23 14:38:08 | SUCCESS  | –ó–∞–≥—Ä—É–∂–µ–Ω ID —Å–æ–æ–±—â–µ–Ω–∏—è –¥–ª—è —Ä–æ–ª–µ–π: 1416566500638330941
2025-10-23 14:38:09 | SUCCESS  | üéâ –í—Å–µ —Ñ–∞–π–ª—ã cogs —É—Å–ø–µ—à–Ω–æ –∑–∞–≥—Ä—É–∂–µ–Ω—ã!
2025-10-23 14:38:13 | SUCCESS  | ü§ñ –ë–æ—Ç `Void Sentinel#5662` —É—Å–ø–µ—à–Ω–æ –∑–∞–ø—É—â–µ–Ω (ID: 1230464176745480254)
2025-10-23 14:38:13 | INFO     | üõ° –°–µ—Ä–≤–µ—Ä: Legion Of The Damned | ID: 828749346505490503 | –£—á–∞—Å—Ç–Ω–∏–∫–æ–≤: 8
2025-10-23 14:38:13 | INFO     | üõ° –°–µ—Ä–≤–µ—Ä: Space_Marine 2RU | ID: 1118852004786225192 | –£—á–∞—Å—Ç–Ω–∏–∫–æ–≤: 288
2025-10-23 14:38:13 | INFO     | üõ° –°–µ—Ä–≤–µ—Ä: winie's server | ID: 1335265286198263848 | –£—á–∞—Å—Ç–Ω–∏–∫–æ–≤: 56
2025-10-23 14:38:13 | INFO     | üõ° –°–µ—Ä–≤–µ—Ä: –°–µ—Ä–≤–µ—Ä –∫–æ—Ä–∏—Å—Ç—É–≤–∞—á–∞ kraken_5491 | ID: 1411475618343686187 | –£—á–∞—Å—Ç–Ω–∏–∫–æ–≤: 4
2025-10-23 14:38:13 | INFO     | –ò—Å–ø–æ–ª—å–∑—É–µ–º —Å—É—â–µ—Å—Ç–≤—É—é—â–µ–µ —Å–æ–æ–±—â–µ–Ω–∏–µ —Å ID 1416566500638330941
2025-10-23 14:38:13 | SUCCESS  | –°–æ–æ–±—â–µ–Ω–∏–µ –≤–µ—Ä–∏—Ñ–∏–∫–∞—Ü–∏–∏ –Ω–∞–π–¥–µ–Ω–æ, —Å–æ–∑–¥–∞–Ω–∏–µ –Ω–µ —Ç—Ä–µ–±—É–µ—Ç—Å—è.
2025-10-23 14:39:13 | SUCCESS  | –ö–æ–º–∞–Ω–¥—ã —É—Å–ø–µ—à–Ω–æ —Å–∏–Ω—Ö—Ä–æ–Ω–∏–∑–∏—Ä–æ–≤–∞–Ω—ã
2025-10-23 14:44:32 | WARNING  | üõë –ó–∞–ø—É—Å–∫ –æ—Å—Ç–∞–Ω–æ–≤–ª–µ–Ω –≤—Ä—É—á–Ω—É—é.
2025-10-23 14:44:44 | INFO     | HTTP Request: GET https://jqphrrikzkntcyzsrbrc.supabase.co/rest/v1/active_duels?select=%2A "HTTP/2 200 OK"
2025-10-23 14:44:45 | INFO     | HTTP Request: GET https://jqphrrikzkntcyzsrbrc.supabase.co/rest/v1/duel_stats?select=%2A "HTTP/2 200 OK"
2025-10-23 14:44:45 | INFO     | ‚úÖ –î–∞–Ω–Ω—ã–µ –∏–∑ Supabase –∑–∞–≥—Ä—É–∂–µ–Ω—ã
2025-10-23 14:44:45 | SUCCESS  | –ó–∞–≥—Ä—É–∂–µ–Ω ID —Å–æ–æ–±—â–µ–Ω–∏—è –¥–ª—è —Ä–æ–ª–µ–π: 1416566500638330941
2025-10-23 14:44:47 | SUCCESS  | üéâ –í—Å–µ —Ñ–∞–π–ª—ã cogs —É—Å–ø–µ—à–Ω–æ –∑–∞–≥—Ä—É–∂–µ–Ω—ã!
2025-10-23 14:44:51 | SUCCESS  | ü§ñ –ë–æ—Ç `Void Sentinel#5662` —É—Å–ø–µ—à–Ω–æ –∑–∞–ø—É—â–µ–Ω (ID: 1230464176745480254)
2025-10-23 14:44:51 | INFO     | üõ° –°–µ—Ä–≤–µ—Ä: Legion Of The Damned | ID: 828749346505490503 | –£—á–∞—Å—Ç–Ω–∏–∫–æ–≤: 8
2025-10-23 14:44:51 | INFO     | üõ° –°–µ—Ä–≤–µ—Ä: Space_Marine 2RU | ID: 1118852004786225192 | –£—á–∞—Å—Ç–Ω–∏–∫–æ–≤: 288
2025-10-23 14:44:51 | INFO     | üõ° –°–µ—Ä–≤–µ—Ä: winie's server | ID: 1335265286198263848 | –£—á–∞—Å—Ç–Ω–∏–∫–æ–≤: 56
2025-10-23 14:44:51 | INFO     | üõ° –°–µ—Ä–≤–µ—Ä: –°–µ—Ä–≤–µ—Ä –∫–æ—Ä–∏—Å—Ç—É–≤–∞—á–∞ kraken_5491 | ID: 1411475618343686187 | –£—á–∞—Å—Ç–Ω–∏–∫–æ–≤: 4
2025-10-23 14:44:51 | SUCCESS  | –°–æ–æ–±—â–µ–Ω–∏–µ –≤–µ—Ä–∏—Ñ–∏–∫–∞—Ü–∏–∏ –Ω–∞–π–¥–µ–Ω–æ, —Å–æ–∑–¥–∞–Ω–∏–µ –Ω–µ —Ç—Ä–µ–±—É–µ—Ç—Å—è.
2025-10-23 14:44:51 | INFO     | –ò—Å–ø–æ–ª—å–∑—É–µ–º —Å—É—â–µ—Å—Ç–≤—É—é—â–µ–µ —Å–æ–æ–±—â–µ–Ω–∏–µ —Å ID 1416566500638330941
2025-10-23 14:45:51 | SUCCESS  | –ö–æ–º–∞–Ω–¥—ã —É—Å–ø–µ—à–Ω–æ —Å–∏–Ω—Ö—Ä–æ–Ω–∏–∑–∏—Ä–æ–≤–∞–Ω—ã
2025-10-23 14:51:20 | INFO     | HTTP Request: GET https://jqphrrikzkntcyzsrbrc.supabase.co/rest/v1/active_duels?select=%2A "HTTP/2 200 OK"
2025-10-23 14:51:21 | INFO     | HTTP Request: GET https://jqphrrikzkntcyzsrbrc.supabase.co/rest/v1/duel_stats?select=%2A "HTTP/2 200 OK"
2025-10-23 14:51:21 | INFO     | ‚úÖ –î–∞–Ω–Ω—ã–µ –∏–∑ Supabase –∑–∞–≥—Ä—É–∂–µ–Ω—ã
2025-10-23 14:51:22 | SUCCESS  | –ó–∞–≥—Ä—É–∂–µ–Ω ID —Å–æ–æ–±—â–µ–Ω–∏—è –¥–ª—è —Ä–æ–ª–µ–π: 1416566500638330941
2025-10-23 14:51:23 | SUCCESS  | üéâ –í—Å–µ —Ñ–∞–π–ª—ã cogs —É—Å–ø–µ—à–Ω–æ –∑–∞–≥—Ä—É–∂–µ–Ω—ã!
2025-10-23 14:51:28 | WARNING  | üõë –ó–∞–ø—É—Å–∫ –æ—Å—Ç–∞–Ω–æ–≤–ª–µ–Ω –≤—Ä—É—á–Ω—É—é.
2025-10-23 14:51:43 | INFO     | HTTP Request: GET https://jqphrrikzkntcyzsrbrc.supabase.co/rest/v1/active_duels?select=%2A "HTTP/2 200 OK"
2025-10-23 14:51:44 | INFO     | HTTP Request: GET https://jqphrrikzkntcyzsrbrc.supabase.co/rest/v1/duel_stats?select=%2A "HTTP/2 200 OK"
2025-10-23 14:51:44 | INFO     | ‚úÖ –î–∞–Ω–Ω—ã–µ –∏–∑ Supabase –∑–∞–≥—Ä—É–∂–µ–Ω—ã
2025-10-23 14:51:45 | SUCCESS  | –ó–∞–≥—Ä—É–∂–µ–Ω ID —Å–æ–æ–±—â–µ–Ω–∏—è –¥–ª—è —Ä–æ–ª–µ–π: 1416566500638330941
2025-10-23 14:51:47 | SUCCESS  | üéâ –í—Å–µ —Ñ–∞–π–ª—ã cogs —É—Å–ø–µ—à–Ω–æ –∑–∞–≥—Ä—É–∂–µ–Ω—ã!
2025-10-23 14:51:50 | SUCCESS  | ü§ñ –ë–æ—Ç `Void Sentinel#5662` —É—Å–ø–µ—à–Ω–æ –∑–∞–ø—É—â–µ–Ω (ID: 1230464176745480254)
2025-10-23 14:51:50 | INFO     | üõ° –°–µ—Ä–≤–µ—Ä: Legion Of The Damned | ID: 828749346505490503 | –£—á–∞—Å—Ç–Ω–∏–∫–æ–≤: 8
2025-10-23 14:51:50 | INFO     | üõ° –°–µ—Ä–≤–µ—Ä: Space_Marine 2RU | ID: 1118852004786225192 | –£—á–∞—Å—Ç–Ω–∏–∫–æ–≤: 288
2025-10-23 14:51:50 | INFO     | üõ° –°–µ—Ä–≤–µ—Ä: winie's server | ID: 1335265286198263848 | –£—á–∞—Å—Ç–Ω–∏–∫–æ–≤: 56
2025-10-23 14:51:50 | INFO     | üõ° –°–µ—Ä–≤–µ—Ä: –°–µ—Ä–≤–µ—Ä –∫–æ—Ä–∏—Å—Ç—É–≤–∞—á–∞ kraken_5491 | ID: 1411475618343686187 | –£—á–∞—Å—Ç–Ω–∏–∫–æ–≤: 4
2025-10-23 14:51:50 | INFO     | –ò—Å–ø–æ–ª—å–∑—É–µ–º —Å—É—â–µ—Å—Ç–≤—É—é—â–µ–µ —Å–æ–æ–±—â–µ–Ω–∏–µ —Å ID 1416566500638330941
2025-10-23 14:51:50 | SUCCESS  | –°–æ–æ–±—â–µ–Ω–∏–µ –≤–µ—Ä–∏—Ñ–∏–∫–∞—Ü–∏–∏ –Ω–∞–π–¥–µ–Ω–æ, —Å–æ–∑–¥–∞–Ω–∏–µ –Ω–µ —Ç—Ä–µ–±—É–µ—Ç—Å—è.
2025-10-23 14:52:50 | SUCCESS  | –ö–æ–º–∞–Ω–¥—ã —É—Å–ø–µ—à–Ω–æ —Å–∏–Ω—Ö—Ä–æ–Ω–∏–∑–∏—Ä–æ–≤–∞–Ω—ã
2025-10-23 14:52:58 | WARNING  | üõë –ó–∞–ø—É—Å–∫ –æ—Å—Ç–∞–Ω–æ–≤–ª–µ–Ω –≤—Ä—É—á–Ω—É—é.
2025-10-23 14:53:50 | INFO     | HTTP Request: GET https://jqphrrikzkntcyzsrbrc.supabase.co/rest/v1/active_duels?select=%2A "HTTP/2 200 OK"
2025-10-23 14:53:50 | INFO     | HTTP Request: GET https://jqphrrikzkntcyzsrbrc.supabase.co/rest/v1/duel_stats?select=%2A "HTTP/2 200 OK"
2025-10-23 14:53:50 | INFO     | ‚úÖ –î–∞–Ω–Ω—ã–µ –∏–∑ Supabase –∑–∞–≥—Ä—É–∂–µ–Ω—ã
2025-10-23 14:53:51 | SUCCESS  | –ó–∞–≥—Ä—É–∂–µ–Ω ID —Å–æ–æ–±—â–µ–Ω–∏—è –¥–ª—è —Ä–æ–ª–µ–π: 1416566500638330941
2025-10-23 14:53:53 | SUCCESS  | üéâ –í—Å–µ —Ñ–∞–π–ª—ã cogs —É—Å–ø–µ—à–Ω–æ –∑–∞–≥—Ä—É–∂–µ–Ω—ã!
2025-10-23 14:53:57 | SUCCESS  | ü§ñ –ë–æ—Ç `Void Sentinel#5662` —É—Å–ø–µ—à–Ω–æ –∑–∞–ø—É—â–µ–Ω (ID: 1230464176745480254)
2025-10-23 14:53:57 | INFO     | üõ° –°–µ—Ä–≤–µ—Ä: Legion Of The Damned | ID: 828749346505490503 | –£—á–∞—Å—Ç–Ω–∏–∫–æ–≤: 8
2025-10-23 14:53:57 | INFO     | üõ° –°–µ—Ä–≤–µ—Ä: Space_Marine 2RU | ID: 1118852004786225192 | –£—á–∞—Å—Ç–Ω–∏–∫–æ–≤: 288
2025-10-23 14:53:57 | INFO     | üõ° –°–µ—Ä–≤–µ—Ä: winie's server | ID: 1335265286198263848 | –£—á–∞—Å—Ç–Ω–∏–∫–æ–≤: 56
2025-10-23 14:53:57 | INFO     | üõ° –°–µ—Ä–≤–µ—Ä: –°–µ—Ä–≤–µ—Ä –∫–æ—Ä–∏—Å—Ç—É–≤–∞—á–∞ kraken_5491 | ID: 1411475618343686187 | –£—á–∞—Å—Ç–Ω–∏–∫–æ–≤: 4
2025-10-23 14:53:57 | SUCCESS  | –°–æ–æ–±—â–µ–Ω–∏–µ –≤–µ—Ä–∏—Ñ–∏–∫–∞—Ü–∏–∏ –Ω–∞–π–¥–µ–Ω–æ, —Å–æ–∑–¥–∞–Ω–∏–µ –Ω–µ —Ç—Ä–µ–±—É–µ—Ç—Å—è.
2025-10-23 14:53:57 | INFO     | –ò—Å–ø–æ–ª—å–∑—É–µ–º —Å—É—â–µ—Å—Ç–≤—É—é—â–µ–µ —Å–æ–æ–±—â–µ–Ω–∏–µ —Å ID 1416566500638330941
2025-10-23 14:54:02 | WARNING  | üõë –ó–∞–ø—É—Å–∫ –æ—Å—Ç–∞–Ω–æ–≤–ª–µ–Ω –≤—Ä—É—á–Ω—É—é.
2025-10-23 14:56:40 | INFO     | HTTP Request: GET https://jqphrrikzkntcyzsrbrc.supabase.co/rest/v1/active_duels?select=%2A "HTTP/2 200 OK"
2025-10-23 14:56:40 | INFO     | HTTP Request: GET https://jqphrrikzkntcyzsrbrc.supabase.co/rest/v1/duel_stats?select=%2A "HTTP/2 200 OK"
2025-10-23 14:56:40 | INFO     | ‚úÖ –î–∞–Ω–Ω—ã–µ –∏–∑ Supabase –∑–∞–≥—Ä—É–∂–µ–Ω—ã
2025-10-23 14:56:41 | SUCCESS  | –ó–∞–≥—Ä—É–∂–µ–Ω ID —Å–æ–æ–±—â–µ–Ω–∏—è –¥–ª—è —Ä–æ–ª–µ–π: 1416566500638330941
2025-10-23 14:56:43 | SUCCESS  | üéâ –í—Å–µ —Ñ–∞–π–ª—ã cogs —É—Å–ø–µ—à–Ω–æ –∑–∞–≥—Ä—É–∂–µ–Ω—ã!
2025-10-23 14:56:47 | SUCCESS  | ü§ñ –ë–æ—Ç `Void Sentinel#5662` —É—Å–ø–µ—à–Ω–æ –∑–∞–ø—É—â–µ–Ω (ID: 1230464176745480254)
2025-10-23 14:56:47 | INFO     | üõ° –°–µ—Ä–≤–µ—Ä: Legion Of The Damned | ID: 828749346505490503 | –£—á–∞—Å—Ç–Ω–∏–∫–æ–≤: 8
2025-10-23 14:56:47 | INFO     | üõ° –°–µ—Ä–≤–µ—Ä: Space_Marine 2RU | ID: 1118852004786225192 | –£—á–∞—Å—Ç–Ω–∏–∫–æ–≤: 288
2025-10-23 14:56:47 | INFO     | üõ° –°–µ—Ä–≤–µ—Ä: winie's server | ID: 1335265286198263848 | –£—á–∞—Å—Ç–Ω–∏–∫–æ–≤: 56
2025-10-23 14:56:47 | INFO     | üõ° –°–µ—Ä–≤–µ—Ä: –°–µ—Ä–≤–µ—Ä –∫–æ—Ä–∏—Å—Ç—É–≤–∞—á–∞ kraken_5491 | ID: 1411475618343686187 | –£—á–∞—Å—Ç–Ω–∏–∫–æ–≤: 4
2025-10-23 14:56:47 | INFO     | –ò—Å–ø–æ–ª—å–∑—É–µ–º —Å—É—â–µ—Å—Ç–≤—É—é—â–µ–µ —Å–æ–æ–±—â–µ–Ω–∏–µ —Å ID 1416566500638330941
2025-10-23 14:56:47 | SUCCESS  | –°–æ–æ–±—â–µ–Ω–∏–µ –≤–µ—Ä–∏—Ñ–∏–∫–∞—Ü–∏–∏ –Ω–∞–π–¥–µ–Ω–æ, —Å–æ–∑–¥–∞–Ω–∏–µ –Ω–µ —Ç—Ä–µ–±—É–µ—Ç—Å—è.
2025-10-23 14:57:47 | SUCCESS  | –ö–æ–º–∞–Ω–¥—ã —É—Å–ø–µ—à–Ω–æ —Å–∏–Ω—Ö—Ä–æ–Ω–∏–∑–∏—Ä–æ–≤–∞–Ω—ã
2025-10-23 14:57:47 | WARNING  | üõë –ó–∞–ø—É—Å–∫ –æ—Å—Ç–∞–Ω–æ–≤–ª–µ–Ω –≤—Ä—É—á–Ω—É—é.
2025-10-23 15:03:54 | INFO     | HTTP Request: GET https://jqphrrikzkntcyzsrbrc.supabase.co/rest/v1/active_duels?select=%2A "HTTP/2 200 OK"
2025-10-23 15:03:54 | INFO     | HTTP Request: GET https://jqphrrikzkntcyzsrbrc.supabase.co/rest/v1/duel_stats?select=%2A "HTTP/2 200 OK"
2025-10-23 15:03:54 | INFO     | ‚úÖ –î–∞–Ω–Ω—ã–µ –∏–∑ Supabase –∑–∞–≥—Ä—É–∂–µ–Ω—ã
2025-10-23 15:03:56 | SUCCESS  | –ó–∞–≥—Ä—É–∂–µ–Ω ID —Å–æ–æ–±—â–µ–Ω–∏—è –¥–ª—è —Ä–æ–ª–µ–π: 1416566500638330941
2025-10-23 15:03:58 | SUCCESS  | üéâ –í—Å–µ —Ñ–∞–π–ª—ã cogs —É—Å–ø–µ—à–Ω–æ –∑–∞–≥—Ä—É–∂–µ–Ω—ã!
2025-10-23 15:04:01 | SUCCESS  | ü§ñ –ë–æ—Ç `Void Sentinel#5662` —É—Å–ø–µ—à–Ω–æ –∑–∞–ø—É—â–µ–Ω (ID: 1230464176745480254)
2025-10-23 15:04:01 | INFO     | üõ° –°–µ—Ä–≤–µ—Ä: Legion Of The Damned | ID: 828749346505490503 | –£—á–∞—Å—Ç–Ω–∏–∫–æ–≤: 8
2025-10-23 15:04:01 | INFO     | üõ° –°–µ—Ä–≤–µ—Ä: Space_Marine 2RU | ID: 1118852004786225192 | –£—á–∞—Å—Ç–Ω–∏–∫–æ–≤: 288
2025-10-23 15:04:01 | INFO     | üõ° –°–µ—Ä–≤–µ—Ä: winie's server | ID: 1335265286198263848 | –£—á–∞—Å—Ç–Ω–∏–∫–æ–≤: 56
2025-10-23 15:04:01 | INFO     | üõ° –°–µ—Ä–≤–µ—Ä: –°–µ—Ä–≤–µ—Ä –∫–æ—Ä–∏—Å—Ç—É–≤–∞—á–∞ kraken_5491 | ID: 1411475618343686187 | –£—á–∞—Å—Ç–Ω–∏–∫–æ–≤: 4
2025-10-23 15:04:01 | SUCCESS  | –°–æ–æ–±—â–µ–Ω–∏–µ –≤–µ—Ä–∏—Ñ–∏–∫–∞—Ü–∏–∏ –Ω–∞–π–¥–µ–Ω–æ, —Å–æ–∑–¥–∞–Ω–∏–µ –Ω–µ —Ç—Ä–µ–±—É–µ—Ç—Å—è.
2025-10-23 15:04:02 | INFO     | –ò—Å–ø–æ–ª—å–∑—É–µ–º —Å—É—â–µ—Å—Ç–≤—É—é—â–µ–µ —Å–æ–æ–±—â–µ–Ω–∏–µ —Å ID 1416566500638330941
2025-10-23 15:05:02 | SUCCESS  | –ö–æ–º–∞–Ω–¥—ã —É—Å–ø–µ—à–Ω–æ —Å–∏–Ω—Ö—Ä–æ–Ω–∏–∑–∏—Ä–æ–≤–∞–Ω—ã
2025-10-23 15:18:14 | INFO     | HTTP Request: GET https://jqphrrikzkntcyzsrbrc.supabase.co/rest/v1/active_duels?select=%2A "HTTP/2 200 OK"
2025-10-23 15:18:15 | INFO     | HTTP Request: GET https://jqphrrikzkntcyzsrbrc.supabase.co/rest/v1/duel_stats?select=%2A "HTTP/2 200 OK"
2025-10-23 15:18:15 | INFO     | ‚úÖ –î–∞–Ω–Ω—ã–µ –∏–∑ Supabase –∑–∞–≥—Ä—É–∂–µ–Ω—ã
2025-10-23 15:18:20 | SUCCESS  | –ó–∞–≥—Ä—É–∂–µ–Ω ID —Å–æ–æ–±—â–µ–Ω–∏—è –¥–ª—è —Ä–æ–ª–µ–π: 1416566500638330941
2025-10-23 15:18:27 | SUCCESS  | üéâ –í—Å–µ —Ñ–∞–π–ª—ã cogs —É—Å–ø–µ—à–Ω–æ –∑–∞–≥—Ä—É–∂–µ–Ω—ã!
2025-10-23 15:18:32 | SUCCESS  | ü§ñ –ë–æ—Ç `Void Sentinel#5662` —É—Å–ø–µ—à–Ω–æ –∑–∞–ø—É—â–µ–Ω (ID: 1230464176745480254)
2025-10-23 15:18:32 | INFO     | üõ° –°–µ—Ä–≤–µ—Ä: Legion Of The Damned | ID: 828749346505490503 | –£—á–∞—Å—Ç–Ω–∏–∫–æ–≤: 8
2025-10-23 15:18:32 | INFO     | üõ° –°–µ—Ä–≤–µ—Ä: Space_Marine 2RU | ID: 1118852004786225192 | –£—á–∞—Å—Ç–Ω–∏–∫–æ–≤: 288
2025-10-23 15:18:32 | INFO     | üõ° –°–µ—Ä–≤–µ—Ä: winie's server | ID: 1335265286198263848 | –£—á–∞—Å—Ç–Ω–∏–∫–æ–≤: 56
2025-10-23 15:18:32 | INFO     | üõ° –°–µ—Ä–≤–µ—Ä: –°–µ—Ä–≤–µ—Ä –∫–æ—Ä–∏—Å—Ç—É–≤–∞—á–∞ kraken_5491 | ID: 1411475618343686187 | –£—á–∞—Å—Ç–Ω–∏–∫–æ–≤: 4
2025-10-23 15:18:33 | SUCCESS  | –°–æ–æ–±—â–µ–Ω–∏–µ –≤–µ—Ä–∏—Ñ–∏–∫–∞—Ü–∏–∏ –Ω–∞–π–¥–µ–Ω–æ, —Å–æ–∑–¥–∞–Ω–∏–µ –Ω–µ —Ç—Ä–µ–±—É–µ—Ç—Å—è.
2025-10-23 15:18:33 | INFO     | –ò—Å–ø–æ–ª—å–∑—É–µ–º —Å—É—â–µ—Å—Ç–≤—É—é—â–µ–µ —Å–æ–æ–±—â–µ–Ω–∏–µ —Å ID 1416566500638330941
2025-10-23 15:19:33 | SUCCESS  | –ö–æ–º–∞–Ω–¥—ã —É—Å–ø–µ—à–Ω–æ —Å–∏–Ω—Ö—Ä–æ–Ω–∏–∑–∏—Ä–æ–≤–∞–Ω—ã
2025-10-23 19:40:35 | WARNING  | üõë –ó–∞–ø—É—Å–∫ –æ—Å—Ç–∞–Ω–æ–≤–ª–µ–Ω –≤—Ä—É—á–Ω—É—é.
2025-10-23 19:40:53 | INFO     | HTTP Request: GET https://jqphrrikzkntcyzsrbrc.supabase.co/rest/v1/active_duels?select=%2A "HTTP/2 200 OK"
2025-10-23 19:40:53 | INFO     | HTTP Request: GET https://jqphrrikzkntcyzsrbrc.supabase.co/rest/v1/duel_stats?select=%2A "HTTP/2 200 OK"
2025-10-23 19:40:53 | INFO     | ‚úÖ –î–∞–Ω–Ω—ã–µ –∏–∑ Supabase –∑–∞–≥—Ä—É–∂–µ–Ω—ã
2025-10-23 19:40:55 | SUCCESS  | –ó–∞–≥—Ä—É–∂–µ–Ω ID —Å–æ–æ–±—â–µ–Ω–∏—è –¥–ª—è —Ä–æ–ª–µ–π: 1416566500638330941
2025-10-23 19:40:56 | SUCCESS  | üéâ –í—Å–µ —Ñ–∞–π–ª—ã cogs —É—Å–ø–µ—à–Ω–æ –∑–∞–≥—Ä—É–∂–µ–Ω—ã!
2025-10-23 19:41:00 | SUCCESS  | ü§ñ –ë–æ—Ç `Void Sentinel#5662` —É—Å–ø–µ—à–Ω–æ –∑–∞–ø—É—â–µ–Ω (ID: 1230464176745480254)
2025-10-23 19:41:00 | INFO     | üõ° –°–µ—Ä–≤–µ—Ä: Legion Of The Damned | ID: 828749346505490503 | –£—á–∞—Å—Ç–Ω–∏–∫–æ–≤: 8
2025-10-23 19:41:00 | INFO     | üõ° –°–µ—Ä–≤–µ—Ä: Space_Marine 2RU | ID: 1118852004786225192 | –£—á–∞—Å—Ç–Ω–∏–∫–æ–≤: 288
2025-10-23 19:41:00 | INFO     | üõ° –°–µ—Ä–≤–µ—Ä: winie's server | ID: 1335265286198263848 | –£—á–∞—Å—Ç–Ω–∏–∫–æ–≤: 56
2025-10-23 19:41:00 | INFO     | üõ° –°–µ—Ä–≤–µ—Ä: –°–µ—Ä–≤–µ—Ä –∫–æ—Ä–∏—Å—Ç—É–≤–∞—á–∞ kraken_5491 | ID: 1411475618343686187 | –£—á–∞—Å—Ç–Ω–∏–∫–æ–≤: 4
2025-10-23 19:41:00 | SUCCESS  | –°–æ–æ–±—â–µ–Ω–∏–µ –≤–µ—Ä–∏—Ñ–∏–∫–∞—Ü–∏–∏ –Ω–∞–π–¥–µ–Ω–æ, —Å–æ–∑–¥–∞–Ω–∏–µ –Ω–µ —Ç—Ä–µ–±—É–µ—Ç—Å—è.
2025-10-23 19:41:00 | INFO     | –ò—Å–ø–æ–ª—å–∑—É–µ–º —Å—É—â–µ—Å—Ç–≤—É—é—â–µ–µ —Å–æ–æ–±—â–µ–Ω–∏–µ —Å ID 1416566500638330941
2025-10-23 19:42:00 | SUCCESS  | –ö–æ–º–∞–Ω–¥—ã —É—Å–ø–µ—à–Ω–æ —Å–∏–Ω—Ö—Ä–æ–Ω–∏–∑–∏—Ä–æ–≤–∞–Ω—ã
2025-10-23 21:39:27 | INFO     | –°–æ–∑–¥–∞–Ω–∞ –∏–≥—Ä–∞ –ú–æ–Ω–µ—Ç–∫–∞: kraken_5491 vs Void Sentinel#5662
2025-10-23 21:39:32 | INFO     | –ò–≥—Ä–∞ —Å–æ–∑–¥–∞–Ω–∞: kraken_5491 vs Void Sentinel#5662, —Å–æ–æ–±—â–µ–Ω–∏–µ 1430989013858123896
2025-10-23 21:39:43 | INFO     | kraken_5491 –≤—ã–±—Ä–∞–ª —Ä–µ—à–∫–∞
2025-10-23 21:39:43 | INFO     | Void Sentinel#5662 –∞–≤—Ç–æ–º–∞—Ç–∏—á–µ—Å–∫–∏ –≤—ã–±—Ä–∞–ª —Ä–µ—à–∫–∞
2025-10-23 21:39:43 | SUCCESS  | kraken_5491 –ø–æ–±–µ–¥–∏–ª –≤ –∏–≥—Ä–µ –ú–æ–Ω–µ—Ç–∫–∞ (—Ä–µ—à–∫–∞)
2025-10-23 21:43:59 | INFO     | –°–æ–∑–¥–∞–Ω–∞ –∏–≥—Ä–∞ –ú–æ–Ω–µ—Ç–∫–∞: kraken_5491 vs Void Sentinel#5662
2025-10-23 21:44:03 | INFO     | –ò–≥—Ä–∞ —Å–æ–∑–¥–∞–Ω–∞: kraken_5491 vs Void Sentinel#5662, —Å–æ–æ–±—â–µ–Ω–∏–µ 1430990162019750106
2025-10-23 21:44:06 | INFO     | kraken_5491 –≤—ã–±—Ä–∞–ª –æ—Ä—ë–ª
2025-10-23 21:44:06 | INFO     | Void Sentinel#5662 –∞–≤—Ç–æ–º–∞—Ç–∏—á–µ—Å–∫–∏ –≤—ã–±—Ä–∞–ª –æ—Ä—ë–ª
2025-10-23 21:44:06 | SUCCESS  | kraken_5491 –ø–æ–±–µ–¥–∏–ª –≤ –∏–≥—Ä–µ –ú–æ–Ω–µ—Ç–∫–∞ (–æ—Ä—ë–ª)
2025-10-24 07:49:20 | WARNING  | üõë –ó–∞–ø—É—Å–∫ –æ—Å—Ç–∞–Ω–æ–≤–ª–µ–Ω –≤—Ä—É—á–Ω—É—é.
