2025-11-18 16:43:48 | INFO     | HTTP Request: GET https://jqphrrikzkntcyzsrbrc.supabase.co/rest/v1/active_duels?select=%2A "HTTP/2 200 OK"
2025-11-18 16:43:48 | INFO     | HTTP Request: GET https://jqphrrikzkntcyzsrbrc.supabase.co/rest/v1/duel_stats?select=%2A "HTTP/2 200 OK"
2025-11-18 16:43:48 | INFO     | ‚úÖ –î–∞–Ω–Ω—ã–µ –∏–∑ Supabase –∑–∞–≥—Ä—É–∂–µ–Ω—ã
2025-11-18 16:43:52 | SUCCESS  | üéâ –í—Å–µ —Ñ–∞–π–ª—ã cogs —É—Å–ø–µ—à–Ω–æ –∑–∞–≥—Ä—É–∂–µ–Ω—ã!
2025-11-18 16:43:55 | SUCCESS  | ü§ñ –ë–æ—Ç `Void Sentinel#5662` —É—Å–ø–µ—à–Ω–æ –∑–∞–ø—É—â–µ–Ω (ID: 1230464176745480254)
2025-11-18 16:43:55 | INFO     | üõ° –°–µ—Ä–≤–µ—Ä: Legion Of The Damned | ID: 828749346505490503 | –£—á–∞—Å—Ç–Ω–∏–∫–æ–≤: 9
2025-11-18 16:43:55 | INFO     | üõ° –°–µ—Ä–≤–µ—Ä: Space_Marine 2RU | ID: 1118852004786225192 | –£—á–∞—Å—Ç–Ω–∏–∫–æ–≤: 280
2025-11-18 16:43:55 | INFO     | üõ° –°–µ—Ä–≤–µ—Ä: winie's server | ID: 1335265286198263848 | –£—á–∞—Å—Ç–Ω–∏–∫–æ–≤: 56
2025-11-18 16:43:55 | INFO     | üõ° –°–µ—Ä–≤–µ—Ä: –°–µ—Ä–≤–µ—Ä –∫–æ—Ä–∏—Å—Ç—É–≤–∞—á–∞ kraken_5491 | ID: 1411475618343686187 | –£—á–∞—Å—Ç–Ω–∏–∫–æ–≤: 4
2025-11-18 16:43:55 | SUCCESS  | –ö–æ–º–∞–Ω–¥—ã —É—Å–ø–µ—à–Ω–æ —Å–∏–Ω—Ö—Ä–æ–Ω–∏–∑–∏—Ä–æ–≤–∞–Ω—ã
2025-11-18 16:44:24 | INFO     | HTTP Request: GET https://jqphrrikzkntcyzsrbrc.supabase.co/rest/v1/server_info?select=%2A "HTTP/2 200 OK"
2025-11-18 16:44:24 | INFO     | –î–∞–Ω–Ω—ã–µ —Å Supabase —É—Å–ø–µ—à–Ω–æ –∑–∞–≥—Ä—É–∂–µ–Ω—ã
2025-11-18 16:44:24 | INFO     | kraken_5491 –æ—Ç–∫—Ä—ã–ª –º–µ–Ω—é –∏–Ω—Ñ–æ—Ä–º–∞—Ü–∏–∏ –æ —Å–µ—Ä–≤–µ—Ä–µ
2025-11-18 16:44:30 | INFO     | kraken_5491 –≤—ã–±—Ä–∞–ª –∫–∞—Ç–µ–≥–æ—Ä–∏—é '–ü—Ä–∞–≤–∏–ª–∞'
2025-11-18 16:44:32 | INFO     | kraken_5491 –≤—ã–±—Ä–∞–ª –∫–∞—Ç–µ–≥–æ—Ä–∏—é '–†–æ–ª–∏'
2025-11-18 16:45:00 | SUCCESS  | kraken_5491 –æ—Ç–ø—Ä–∞–≤–∏–ª –∏–Ω—Ñ–æ—Ä–º–∞—Ü–∏—é –æ —Å–æ—Å—Ç–∞–≤–µ –∫–ª–∞–Ω–∞ —á–µ—Ä–µ–∑ –≤–µ–±—Ö—É–∫
2025-11-18 16:52:34 | WARNING  | üõë –ó–∞–ø—É—Å–∫ –æ—Å—Ç–∞–Ω–æ–≤–ª–µ–Ω –≤—Ä—É—á–Ω—É—é.
2025-11-18 16:52:46 | INFO     | HTTP Request: GET https://jqphrrikzkntcyzsrbrc.supabase.co/rest/v1/active_duels?select=%2A "HTTP/2 200 OK"
2025-11-18 16:52:46 | INFO     | HTTP Request: GET https://jqphrrikzkntcyzsrbrc.supabase.co/rest/v1/duel_stats?select=%2A "HTTP/2 200 OK"
2025-11-18 16:52:47 | INFO     | ‚úÖ –î–∞–Ω–Ω—ã–µ –∏–∑ Supabase –∑–∞–≥—Ä—É–∂–µ–Ω—ã
2025-11-18 16:52:49 | SUCCESS  | üéâ –í—Å–µ —Ñ–∞–π–ª—ã cogs —É—Å–ø–µ—à–Ω–æ –∑–∞–≥—Ä—É–∂–µ–Ω—ã!
2025-11-18 16:52:52 | SUCCESS  | ü§ñ –ë–æ—Ç `Void Sentinel#5662` —É—Å–ø–µ—à–Ω–æ –∑–∞–ø—É—â–µ–Ω (ID: 1230464176745480254)
2025-11-18 16:52:52 | INFO     | üõ° –°–µ—Ä–≤–µ—Ä: Legion Of The Damned | ID: 828749346505490503 | –£—á–∞—Å—Ç–Ω–∏–∫–æ–≤: 9
2025-11-18 16:52:52 | INFO     | üõ° –°–µ—Ä–≤–µ—Ä: Space_Marine 2RU | ID: 1118852004786225192 | –£—á–∞—Å—Ç–Ω–∏–∫–æ–≤: 280
2025-11-18 16:52:52 | INFO     | üõ° –°–µ—Ä–≤–µ—Ä: winie's server | ID: 1335265286198263848 | –£—á–∞—Å—Ç–Ω–∏–∫–æ–≤: 56
2025-11-18 16:52:52 | INFO     | üõ° –°–µ—Ä–≤–µ—Ä: –°–µ—Ä–≤–µ—Ä –∫–æ—Ä–∏—Å—Ç—É–≤–∞—á–∞ kraken_5491 | ID: 1411475618343686187 | –£—á–∞—Å—Ç–Ω–∏–∫–æ–≤: 4
2025-11-18 16:52:52 | SUCCESS  | –ö–æ–º–∞–Ω–¥—ã —É—Å–ø–µ—à–Ω–æ —Å–∏–Ω—Ö—Ä–æ–Ω–∏–∑–∏—Ä–æ–≤–∞–Ω—ã
2025-11-18 17:02:36 | INFO     | HTTP Request: GET https://jqphrrikzkntcyzsrbrc.supabase.co/rest/v1/active_duels?select=%2A "HTTP/2 200 OK"
2025-11-18 17:02:36 | INFO     | HTTP Request: GET https://jqphrrikzkntcyzsrbrc.supabase.co/rest/v1/duel_stats?select=%2A "HTTP/2 200 OK"
2025-11-18 17:02:36 | INFO     | ‚úÖ –î–∞–Ω–Ω—ã–µ –∏–∑ Supabase –∑–∞–≥—Ä—É–∂–µ–Ω—ã
2025-11-18 17:02:39 | SUCCESS  | üéâ –í—Å–µ —Ñ–∞–π–ª—ã cogs —É—Å–ø–µ—à–Ω–æ –∑–∞–≥—Ä—É–∂–µ–Ω—ã!
2025-11-18 17:02:42 | SUCCESS  | ü§ñ –ë–æ—Ç `Void Sentinel#5662` —É—Å–ø–µ—à–Ω–æ –∑–∞–ø—É—â–µ–Ω (ID: 1230464176745480254)
2025-11-18 17:02:42 | INFO     | üõ° –°–µ—Ä–≤–µ—Ä: Legion Of The Damned | ID: 828749346505490503 | –£—á–∞—Å—Ç–Ω–∏–∫–æ–≤: 9
2025-11-18 17:02:42 | INFO     | üõ° –°–µ—Ä–≤–µ—Ä: Space_Marine 2RU | ID: 1118852004786225192 | –£—á–∞—Å—Ç–Ω–∏–∫–æ–≤: 280
2025-11-18 17:02:42 | INFO     | üõ° –°–µ—Ä–≤–µ—Ä: winie's server | ID: 1335265286198263848 | –£—á–∞—Å—Ç–Ω–∏–∫–æ–≤: 56
2025-11-18 17:02:42 | INFO     | üõ° –°–µ—Ä–≤–µ—Ä: –°–µ—Ä–≤–µ—Ä –∫–æ—Ä–∏—Å—Ç—É–≤–∞—á–∞ kraken_5491 | ID: 1411475618343686187 | –£—á–∞—Å—Ç–Ω–∏–∫–æ–≤: 4
2025-11-18 17:02:43 | SUCCESS  | –ö–æ–º–∞–Ω–¥—ã —É—Å–ø–µ—à–Ω–æ —Å–∏–Ω—Ö—Ä–æ–Ω–∏–∑–∏—Ä–æ–≤–∞–Ω—ã
2025-11-18 17:03:37 | WARNING  | üõë –ó–∞–ø—É—Å–∫ –æ—Å—Ç–∞–Ω–æ–≤–ª–µ–Ω –≤—Ä—É—á–Ω—É—é.
2025-11-18 17:03:39 | WARNING  | üõë –ó–∞–ø—É—Å–∫ –æ—Å—Ç–∞–Ω–æ–≤–ª–µ–Ω –≤—Ä—É—á–Ω—É—é.
2025-11-18 17:03:53 | INFO     | HTTP Request: GET https://jqphrrikzkntcyzsrbrc.supabase.co/rest/v1/active_duels?select=%2A "HTTP/2 200 OK"
2025-11-18 17:03:53 | INFO     | HTTP Request: GET https://jqphrrikzkntcyzsrbrc.supabase.co/rest/v1/duel_stats?select=%2A "HTTP/2 200 OK"
2025-11-18 17:03:53 | INFO     | ‚úÖ –î–∞–Ω–Ω—ã–µ –∏–∑ Supabase –∑–∞–≥—Ä—É–∂–µ–Ω—ã
2025-11-18 17:03:56 | SUCCESS  | üéâ –í—Å–µ —Ñ–∞–π–ª—ã cogs —É—Å–ø–µ—à–Ω–æ –∑–∞–≥—Ä—É–∂–µ–Ω—ã!
2025-11-18 17:03:59 | SUCCESS  | ü§ñ –ë–æ—Ç `Void Sentinel#5662` —É—Å–ø–µ—à–Ω–æ –∑–∞–ø—É—â–µ–Ω (ID: 1230464176745480254)
2025-11-18 17:03:59 | INFO     | üõ° –°–µ—Ä–≤–µ—Ä: Legion Of The Damned | ID: 828749346505490503 | –£—á–∞—Å—Ç–Ω–∏–∫–æ–≤: 9
2025-11-18 17:03:59 | INFO     | üõ° –°–µ—Ä–≤–µ—Ä: Space_Marine 2RU | ID: 1118852004786225192 | –£—á–∞—Å—Ç–Ω–∏–∫–æ–≤: 280
2025-11-18 17:03:59 | INFO     | üõ° –°–µ—Ä–≤–µ—Ä: winie's server | ID: 1335265286198263848 | –£—á–∞—Å—Ç–Ω–∏–∫–æ–≤: 56
2025-11-18 17:03:59 | INFO     | üõ° –°–µ—Ä–≤–µ—Ä: –°–µ—Ä–≤–µ—Ä –∫–æ—Ä–∏—Å—Ç—É–≤–∞—á–∞ kraken_5491 | ID: 1411475618343686187 | –£—á–∞—Å—Ç–Ω–∏–∫–æ–≤: 4
2025-11-18 17:04:00 | SUCCESS  | –ö–æ–º–∞–Ω–¥—ã —É—Å–ø–µ—à–Ω–æ —Å–∏–Ω—Ö—Ä–æ–Ω–∏–∑–∏—Ä–æ–≤–∞–Ω—ã
2025-11-18 17:07:16 | WARNING  | üõë –ó–∞–ø—É—Å–∫ –æ—Å—Ç–∞–Ω–æ–≤–ª–µ–Ω –≤—Ä—É—á–Ω—É—é.
2025-11-18 17:09:39 | INFO     | HTTP Request: GET https://jqphrrikzkntcyzsrbrc.supabase.co/rest/v1/active_duels?select=%2A "HTTP/2 200 OK"
2025-11-18 17:09:40 | INFO     | HTTP Request: GET https://jqphrrikzkntcyzsrbrc.supabase.co/rest/v1/duel_stats?select=%2A "HTTP/2 200 OK"
2025-11-18 17:09:40 | INFO     | ‚úÖ –î–∞–Ω–Ω—ã–µ –∏–∑ Supabase –∑–∞–≥—Ä—É–∂–µ–Ω—ã
2025-11-18 17:09:42 | SUCCESS  | üéâ –í—Å–µ —Ñ–∞–π–ª—ã cogs —É—Å–ø–µ—à–Ω–æ –∑–∞–≥—Ä—É–∂–µ–Ω—ã!
2025-11-18 17:09:45 | SUCCESS  | ü§ñ –ë–æ—Ç `Void Sentinel#5662` —É—Å–ø–µ—à–Ω–æ –∑–∞–ø—É—â–µ–Ω (ID: 1230464176745480254)
2025-11-18 17:09:45 | INFO     | üõ° –°–µ—Ä–≤–µ—Ä: Legion Of The Damned | ID: 828749346505490503 | –£—á–∞—Å—Ç–Ω–∏–∫–æ–≤: 9
2025-11-18 17:09:45 | INFO     | üõ° –°–µ—Ä–≤–µ—Ä: Space_Marine 2RU | ID: 1118852004786225192 | –£—á–∞—Å—Ç–Ω–∏–∫–æ–≤: 280
2025-11-18 17:09:45 | INFO     | üõ° –°–µ—Ä–≤–µ—Ä: winie's server | ID: 1335265286198263848 | –£—á–∞—Å—Ç–Ω–∏–∫–æ–≤: 56
2025-11-18 17:09:45 | INFO     | üõ° –°–µ—Ä–≤–µ—Ä: –°–µ—Ä–≤–µ—Ä –∫–æ—Ä–∏—Å—Ç—É–≤–∞—á–∞ kraken_5491 | ID: 1411475618343686187 | –£—á–∞—Å—Ç–Ω–∏–∫–æ–≤: 4
2025-11-18 17:09:45 | SUCCESS  | –ö–æ–º–∞–Ω–¥—ã —É—Å–ø–µ—à–Ω–æ —Å–∏–Ω—Ö—Ä–æ–Ω–∏–∑–∏—Ä–æ–≤–∞–Ω—ã
2025-11-18 17:21:00 | WARNING  | üõë –ó–∞–ø—É—Å–∫ –æ—Å—Ç–∞–Ω–æ–≤–ª–µ–Ω –≤—Ä—É—á–Ω—É—é.
2025-11-18 17:21:21 | INFO     | HTTP Request: GET https://jqphrrikzkntcyzsrbrc.supabase.co/rest/v1/active_duels?select=%2A "HTTP/2 200 OK"
2025-11-18 17:21:22 | INFO     | HTTP Request: GET https://jqphrrikzkntcyzsrbrc.supabase.co/rest/v1/duel_stats?select=%2A "HTTP/2 200 OK"
2025-11-18 17:21:22 | INFO     | ‚úÖ –î–∞–Ω–Ω—ã–µ –∏–∑ Supabase –∑–∞–≥—Ä—É–∂–µ–Ω—ã
2025-11-18 17:21:26 | SUCCESS  | üéâ –í—Å–µ —Ñ–∞–π–ª—ã cogs —É—Å–ø–µ—à–Ω–æ –∑–∞–≥—Ä—É–∂–µ–Ω—ã!
2025-11-18 17:21:30 | SUCCESS  | ü§ñ –ë–æ—Ç `Void Sentinel#5662` —É—Å–ø–µ—à–Ω–æ –∑–∞–ø—É—â–µ–Ω (ID: 1230464176745480254)
2025-11-18 17:21:30 | INFO     | üõ° –°–µ—Ä–≤–µ—Ä: Legion Of The Damned | ID: 828749346505490503 | –£—á–∞—Å—Ç–Ω–∏–∫–æ–≤: 9
2025-11-18 17:21:30 | INFO     | üõ° –°–µ—Ä–≤–µ—Ä: Space_Marine 2RU | ID: 1118852004786225192 | –£—á–∞—Å—Ç–Ω–∏–∫–æ–≤: 280
2025-11-18 17:21:30 | INFO     | üõ° –°–µ—Ä–≤–µ—Ä: winie's server | ID: 1335265286198263848 | –£—á–∞—Å—Ç–Ω–∏–∫–æ–≤: 56
2025-11-18 17:21:30 | INFO     | üõ° –°–µ—Ä–≤–µ—Ä: –°–µ—Ä–≤–µ—Ä –∫–æ—Ä–∏—Å—Ç—É–≤–∞—á–∞ kraken_5491 | ID: 1411475618343686187 | –£—á–∞—Å—Ç–Ω–∏–∫–æ–≤: 4
2025-11-18 17:21:30 | SUCCESS  | –ö–æ–º–∞–Ω–¥—ã —É—Å–ø–µ—à–Ω–æ —Å–∏–Ω—Ö—Ä–æ–Ω–∏–∑–∏—Ä–æ–≤–∞–Ω—ã
2025-11-18 17:27:34 | WARNING  | üõë –ó–∞–ø—É—Å–∫ –æ—Å—Ç–∞–Ω–æ–≤–ª–µ–Ω –≤—Ä—É—á–Ω—É—é.
2025-11-18 17:32:27 | INFO     | HTTP Request: GET https://jqphrrikzkntcyzsrbrc.supabase.co/rest/v1/active_duels?select=%2A "HTTP/2 200 OK"
2025-11-18 17:32:27 | INFO     | HTTP Request: GET https://jqphrrikzkntcyzsrbrc.supabase.co/rest/v1/duel_stats?select=%2A "HTTP/2 200 OK"
2025-11-18 17:32:27 | INFO     | ‚úÖ –î–∞–Ω–Ω—ã–µ –∏–∑ Supabase –∑–∞–≥—Ä—É–∂–µ–Ω—ã
2025-11-18 17:32:30 | SUCCESS  | üéâ –í—Å–µ —Ñ–∞–π–ª—ã cogs —É—Å–ø–µ—à–Ω–æ –∑–∞–≥—Ä—É–∂–µ–Ω—ã!
2025-11-18 17:32:34 | SUCCESS  | ü§ñ –ë–æ—Ç `Void Sentinel#5662` —É—Å–ø–µ—à–Ω–æ –∑–∞–ø—É—â–µ–Ω (ID: 1230464176745480254)
2025-11-18 17:32:34 | INFO     | üõ° –°–µ—Ä–≤–µ—Ä: Legion Of The Damned | ID: 828749346505490503 | –£—á–∞—Å—Ç–Ω–∏–∫–æ–≤: 9
2025-11-18 17:32:34 | INFO     | üõ° –°–µ—Ä–≤–µ—Ä: Space_Marine 2RU | ID: 1118852004786225192 | –£—á–∞—Å—Ç–Ω–∏–∫–æ–≤: 280
2025-11-18 17:32:34 | INFO     | üõ° –°–µ—Ä–≤–µ—Ä: winie's server | ID: 1335265286198263848 | –£—á–∞—Å—Ç–Ω–∏–∫–æ–≤: 56
2025-11-18 17:32:34 | INFO     | üõ° –°–µ—Ä–≤–µ—Ä: –°–µ—Ä–≤–µ—Ä –∫–æ—Ä–∏—Å—Ç—É–≤–∞—á–∞ kraken_5491 | ID: 1411475618343686187 | –£—á–∞—Å—Ç–Ω–∏–∫–æ–≤: 4
2025-11-18 17:32:34 | SUCCESS  | –ö–æ–º–∞–Ω–¥—ã —É—Å–ø–µ—à–Ω–æ —Å–∏–Ω—Ö—Ä–æ–Ω–∏–∑–∏—Ä–æ–≤–∞–Ω—ã
2025-11-18 17:36:57 | ERROR    | Task exception was never retrieved
future: <Task finished name='Task-114' coro=<Music.player_loop() done, defined at C:\Users\KLegi\Desktop\Void-Sentinel-develop\cogs\music.py:180> exception=IndexError('pop from empty list')>
Traceback (most recent call last):
  File "C:\Users\KLegi\Desktop\Void-Sentinel-develop\cogs\music.py", line 209, in player_loop
    queue_data["queue"].pop(0)
    ~~~~~~~~~~~~~~~~~~~~~~~^^^
IndexError: pop from empty list
2025-11-18 17:37:05 | WARNING  | üõë –ó–∞–ø—É—Å–∫ –æ—Å—Ç–∞–Ω–æ–≤–ª–µ–Ω –≤—Ä—É—á–Ω—É—é.
2025-11-18 17:40:00 | INFO     | HTTP Request: GET https://jqphrrikzkntcyzsrbrc.supabase.co/rest/v1/active_duels?select=%2A "HTTP/2 200 OK"
2025-11-18 17:40:00 | INFO     | HTTP Request: GET https://jqphrrikzkntcyzsrbrc.supabase.co/rest/v1/duel_stats?select=%2A "HTTP/2 200 OK"
2025-11-18 17:40:00 | INFO     | ‚úÖ –î–∞–Ω–Ω—ã–µ –∏–∑ Supabase –∑–∞–≥—Ä—É–∂–µ–Ω—ã
2025-11-18 17:40:03 | SUCCESS  | üéâ –í—Å–µ —Ñ–∞–π–ª—ã cogs —É—Å–ø–µ—à–Ω–æ –∑–∞–≥—Ä—É–∂–µ–Ω—ã!
2025-11-18 17:40:06 | SUCCESS  | ü§ñ –ë–æ—Ç `Void Sentinel#5662` —É—Å–ø–µ—à–Ω–æ –∑–∞–ø—É—â–µ–Ω (ID: 1230464176745480254)
2025-11-18 17:40:06 | INFO     | üõ° –°–µ—Ä–≤–µ—Ä: Legion Of The Damned | ID: 828749346505490503 | –£—á–∞—Å—Ç–Ω–∏–∫–æ–≤: 9
2025-11-18 17:40:06 | INFO     | üõ° –°–µ—Ä–≤–µ—Ä: Space_Marine 2RU | ID: 1118852004786225192 | –£—á–∞—Å—Ç–Ω–∏–∫–æ–≤: 280
2025-11-18 17:40:06 | INFO     | üõ° –°–µ—Ä–≤–µ—Ä: winie's server | ID: 1335265286198263848 | –£—á–∞—Å—Ç–Ω–∏–∫–æ–≤: 56
2025-11-18 17:40:06 | INFO     | üõ° –°–µ—Ä–≤–µ—Ä: –°–µ—Ä–≤–µ—Ä –∫–æ—Ä–∏—Å—Ç—É–≤–∞—á–∞ kraken_5491 | ID: 1411475618343686187 | –£—á–∞—Å—Ç–Ω–∏–∫–æ–≤: 4
2025-11-18 17:40:07 | SUCCESS  | –ö–æ–º–∞–Ω–¥—ã —É—Å–ø–µ—à–Ω–æ —Å–∏–Ω—Ö—Ä–æ–Ω–∏–∑–∏—Ä–æ–≤–∞–Ω—ã
2025-11-18 17:45:04 | WARNING  | üõë –ó–∞–ø—É—Å–∫ –æ—Å—Ç–∞–Ω–æ–≤–ª–µ–Ω –≤—Ä—É—á–Ω—É—é.
2025-11-18 17:46:44 | INFO     | HTTP Request: GET https://jqphrrikzkntcyzsrbrc.supabase.co/rest/v1/active_duels?select=%2A "HTTP/2 200 OK"
2025-11-18 17:46:44 | INFO     | HTTP Request: GET https://jqphrrikzkntcyzsrbrc.supabase.co/rest/v1/duel_stats?select=%2A "HTTP/2 200 OK"
2025-11-18 17:46:44 | INFO     | ‚úÖ –î–∞–Ω–Ω—ã–µ –∏–∑ Supabase –∑–∞–≥—Ä—É–∂–µ–Ω—ã
2025-11-18 17:46:48 | SUCCESS  | üéâ –í—Å–µ —Ñ–∞–π–ª—ã cogs —É—Å–ø–µ—à–Ω–æ –∑–∞–≥—Ä—É–∂–µ–Ω—ã!
2025-11-18 17:46:52 | SUCCESS  | ü§ñ –ë–æ—Ç `Void Sentinel#5662` —É—Å–ø–µ—à–Ω–æ –∑–∞–ø—É—â–µ–Ω (ID: 1230464176745480254)
2025-11-18 17:46:52 | INFO     | üõ° –°–µ—Ä–≤–µ—Ä: Legion Of The Damned | ID: 828749346505490503 | –£—á–∞—Å—Ç–Ω–∏–∫–æ–≤: 9
2025-11-18 17:46:52 | INFO     | üõ° –°–µ—Ä–≤–µ—Ä: Space_Marine 2RU | ID: 1118852004786225192 | –£—á–∞—Å—Ç–Ω–∏–∫–æ–≤: 280
2025-11-18 17:46:52 | INFO     | üõ° –°–µ—Ä–≤–µ—Ä: winie's server | ID: 1335265286198263848 | –£—á–∞—Å—Ç–Ω–∏–∫–æ–≤: 56
2025-11-18 17:46:52 | INFO     | üõ° –°–µ—Ä–≤–µ—Ä: –°–µ—Ä–≤–µ—Ä –∫–æ—Ä–∏—Å—Ç—É–≤–∞—á–∞ kraken_5491 | ID: 1411475618343686187 | –£—á–∞—Å—Ç–Ω–∏–∫–æ–≤: 4
2025-11-18 17:46:52 | SUCCESS  | –ö–æ–º–∞–Ω–¥—ã —É—Å–ø–µ—à–Ω–æ —Å–∏–Ω—Ö—Ä–æ–Ω–∏–∑–∏—Ä–æ–≤–∞–Ω—ã
2025-11-18 17:53:42 | INFO     | HTTP Request: GET https://jqphrrikzkntcyzsrbrc.supabase.co/rest/v1/active_duels?select=%2A "HTTP/2 200 OK"
2025-11-18 17:53:43 | INFO     | HTTP Request: GET https://jqphrrikzkntcyzsrbrc.supabase.co/rest/v1/duel_stats?select=%2A "HTTP/2 200 OK"
2025-11-18 17:53:43 | INFO     | ‚úÖ –î–∞–Ω–Ω—ã–µ –∏–∑ Supabase –∑–∞–≥—Ä—É–∂–µ–Ω—ã
2025-11-18 17:53:47 | SUCCESS  | üéâ –í—Å–µ —Ñ–∞–π–ª—ã cogs —É—Å–ø–µ—à–Ω–æ –∑–∞–≥—Ä—É–∂–µ–Ω—ã!
2025-11-18 17:53:50 | SUCCESS  | ü§ñ –ë–æ—Ç `Void Sentinel#5662` —É—Å–ø–µ—à–Ω–æ –∑–∞–ø—É—â–µ–Ω (ID: 1230464176745480254)
2025-11-18 17:53:50 | INFO     | üõ° –°–µ—Ä–≤–µ—Ä: Legion Of The Damned | ID: 828749346505490503 | –£—á–∞—Å—Ç–Ω–∏–∫–æ–≤: 9
2025-11-18 17:53:50 | INFO     | üõ° –°–µ—Ä–≤–µ—Ä: Space_Marine 2RU | ID: 1118852004786225192 | –£—á–∞—Å—Ç–Ω–∏–∫–æ–≤: 280
2025-11-18 17:53:50 | INFO     | üõ° –°–µ—Ä–≤–µ—Ä: winie's server | ID: 1335265286198263848 | –£—á–∞—Å—Ç–Ω–∏–∫–æ–≤: 56
2025-11-18 17:53:50 | INFO     | üõ° –°–µ—Ä–≤–µ—Ä: –°–µ—Ä–≤–µ—Ä –∫–æ—Ä–∏—Å—Ç—É–≤–∞—á–∞ kraken_5491 | ID: 1411475618343686187 | –£—á–∞—Å—Ç–Ω–∏–∫–æ–≤: 4
2025-11-18 17:53:50 | SUCCESS  | –ö–æ–º–∞–Ω–¥—ã —É—Å–ø–µ—à–Ω–æ —Å–∏–Ω—Ö—Ä–æ–Ω–∏–∑–∏—Ä–æ–≤–∞–Ω—ã
2025-11-18 17:54:16 | WARNING  | üõë –ó–∞–ø—É—Å–∫ –æ—Å—Ç–∞–Ω–æ–≤–ª–µ–Ω –≤—Ä—É—á–Ω—É—é.
2025-11-18 17:54:25 | WARNING  | üõë –ó–∞–ø—É—Å–∫ –æ—Å—Ç–∞–Ω–æ–≤–ª–µ–Ω –≤—Ä—É—á–Ω—É—é.
2025-11-18 17:54:40 | INFO     | HTTP Request: GET https://jqphrrikzkntcyzsrbrc.supabase.co/rest/v1/active_duels?select=%2A "HTTP/2 200 OK"
2025-11-18 17:54:40 | INFO     | HTTP Request: GET https://jqphrrikzkntcyzsrbrc.supabase.co/rest/v1/duel_stats?select=%2A "HTTP/2 200 OK"
2025-11-18 17:54:40 | INFO     | ‚úÖ –î–∞–Ω–Ω—ã–µ –∏–∑ Supabase –∑–∞–≥—Ä—É–∂–µ–Ω—ã
2025-11-18 17:54:43 | SUCCESS  | üéâ –í—Å–µ —Ñ–∞–π–ª—ã cogs —É—Å–ø–µ—à–Ω–æ –∑–∞–≥—Ä—É–∂–µ–Ω—ã!
2025-11-18 17:54:46 | SUCCESS  | ü§ñ –ë–æ—Ç `Void Sentinel#5662` —É—Å–ø–µ—à–Ω–æ –∑–∞–ø—É—â–µ–Ω (ID: 1230464176745480254)
2025-11-18 17:54:46 | INFO     | üõ° –°–µ—Ä–≤–µ—Ä: Legion Of The Damned | ID: 828749346505490503 | –£—á–∞—Å—Ç–Ω–∏–∫–æ–≤: 9
2025-11-18 17:54:46 | INFO     | üõ° –°–µ—Ä–≤–µ—Ä: Space_Marine 2RU | ID: 1118852004786225192 | –£—á–∞—Å—Ç–Ω–∏–∫–æ–≤: 280
2025-11-18 17:54:46 | INFO     | üõ° –°–µ—Ä–≤–µ—Ä: winie's server | ID: 1335265286198263848 | –£—á–∞—Å—Ç–Ω–∏–∫–æ–≤: 56
2025-11-18 17:54:46 | INFO     | üõ° –°–µ—Ä–≤–µ—Ä: –°–µ—Ä–≤–µ—Ä –∫–æ—Ä–∏—Å—Ç—É–≤–∞—á–∞ kraken_5491 | ID: 1411475618343686187 | –£—á–∞—Å—Ç–Ω–∏–∫–æ–≤: 4
2025-11-18 17:55:20 | SUCCESS  | –ö–æ–º–∞–Ω–¥—ã —É—Å–ø–µ—à–Ω–æ —Å–∏–Ω—Ö—Ä–æ–Ω–∏–∑–∏—Ä–æ–≤–∞–Ω—ã
2025-11-18 18:14:23 | WARNING  | üõë –ó–∞–ø—É—Å–∫ –æ—Å—Ç–∞–Ω–æ–≤–ª–µ–Ω –≤—Ä—É—á–Ω—É—é.
2025-11-18 18:18:35 | INFO     | HTTP Request: GET https://jqphrrikzkntcyzsrbrc.supabase.co/rest/v1/active_duels?select=%2A "HTTP/2 200 OK"
2025-11-18 18:18:35 | INFO     | HTTP Request: GET https://jqphrrikzkntcyzsrbrc.supabase.co/rest/v1/duel_stats?select=%2A "HTTP/2 200 OK"
2025-11-18 18:18:35 | INFO     | ‚úÖ –î–∞–Ω–Ω—ã–µ –∏–∑ Supabase –∑–∞–≥—Ä—É–∂–µ–Ω—ã
2025-11-18 18:18:38 | SUCCESS  | üéâ –í—Å–µ —Ñ–∞–π–ª—ã cogs —É—Å–ø–µ—à–Ω–æ –∑–∞–≥—Ä—É–∂–µ–Ω—ã!
2025-11-18 18:18:41 | SUCCESS  | ü§ñ –ë–æ—Ç `Void Sentinel#5662` —É—Å–ø–µ—à–Ω–æ –∑–∞–ø—É—â–µ–Ω (ID: 1230464176745480254)
2025-11-18 18:18:41 | INFO     | üõ° –°–µ—Ä–≤–µ—Ä: Legion Of The Damned | ID: 828749346505490503 | –£—á–∞—Å—Ç–Ω–∏–∫–æ–≤: 9
2025-11-18 18:18:41 | INFO     | üõ° –°–µ—Ä–≤–µ—Ä: Space_Marine 2RU | ID: 1118852004786225192 | –£—á–∞—Å—Ç–Ω–∏–∫–æ–≤: 280
2025-11-18 18:18:41 | INFO     | üõ° –°–µ—Ä–≤–µ—Ä: winie's server | ID: 1335265286198263848 | –£—á–∞—Å—Ç–Ω–∏–∫–æ–≤: 56
2025-11-18 18:18:41 | INFO     | üõ° –°–µ—Ä–≤–µ—Ä: –°–µ—Ä–≤–µ—Ä –∫–æ—Ä–∏—Å—Ç—É–≤–∞—á–∞ kraken_5491 | ID: 1411475618343686187 | –£—á–∞—Å—Ç–Ω–∏–∫–æ–≤: 4
2025-11-18 18:18:42 | SUCCESS  | –ö–æ–º–∞–Ω–¥—ã —É—Å–ø–µ—à–Ω–æ —Å–∏–Ω—Ö—Ä–æ–Ω–∏–∑–∏—Ä–æ–≤–∞–Ω—ã
2025-11-18 18:22:29 | WARNING  | üõë –ó–∞–ø—É—Å–∫ –æ—Å—Ç–∞–Ω–æ–≤–ª–µ–Ω –≤—Ä—É—á–Ω—É—é.
2025-11-18 18:22:45 | INFO     | HTTP Request: GET https://jqphrrikzkntcyzsrbrc.supabase.co/rest/v1/active_duels?select=%2A "HTTP/2 200 OK"
2025-11-18 18:22:45 | INFO     | HTTP Request: GET https://jqphrrikzkntcyzsrbrc.supabase.co/rest/v1/duel_stats?select=%2A "HTTP/2 200 OK"
2025-11-18 18:22:45 | INFO     | ‚úÖ –î–∞–Ω–Ω—ã–µ –∏–∑ Supabase –∑–∞–≥—Ä—É–∂–µ–Ω—ã
2025-11-18 18:22:48 | SUCCESS  | üéâ –í—Å–µ —Ñ–∞–π–ª—ã cogs —É—Å–ø–µ—à–Ω–æ –∑–∞–≥—Ä—É–∂–µ–Ω—ã!
2025-11-18 18:22:51 | SUCCESS  | ü§ñ –ë–æ—Ç `Void Sentinel#5662` —É—Å–ø–µ—à–Ω–æ –∑–∞–ø—É—â–µ–Ω (ID: 1230464176745480254)
2025-11-18 18:22:51 | INFO     | üõ° –°–µ—Ä–≤–µ—Ä: Legion Of The Damned | ID: 828749346505490503 | –£—á–∞—Å—Ç–Ω–∏–∫–æ–≤: 9
2025-11-18 18:22:51 | INFO     | üõ° –°–µ—Ä–≤–µ—Ä: Space_Marine 2RU | ID: 1118852004786225192 | –£—á–∞—Å—Ç–Ω–∏–∫–æ–≤: 280
2025-11-18 18:22:51 | INFO     | üõ° –°–µ—Ä–≤–µ—Ä: winie's server | ID: 1335265286198263848 | –£—á–∞—Å—Ç–Ω–∏–∫–æ–≤: 56
2025-11-18 18:22:51 | INFO     | üõ° –°–µ—Ä–≤–µ—Ä: –°–µ—Ä–≤–µ—Ä –∫–æ—Ä–∏—Å—Ç—É–≤–∞—á–∞ kraken_5491 | ID: 1411475618343686187 | –£—á–∞—Å—Ç–Ω–∏–∫–æ–≤: 4
2025-11-18 18:22:51 | SUCCESS  | –ö–æ–º–∞–Ω–¥—ã —É—Å–ø–µ—à–Ω–æ —Å–∏–Ω—Ö—Ä–æ–Ω–∏–∑–∏—Ä–æ–≤–∞–Ω—ã
2025-11-18 18:24:49 | WARNING  | üõë –ó–∞–ø—É—Å–∫ –æ—Å—Ç–∞–Ω–æ–≤–ª–µ–Ω –≤—Ä—É—á–Ω—É—é.
2025-11-18 18:25:08 | INFO     | HTTP Request: GET https://jqphrrikzkntcyzsrbrc.supabase.co/rest/v1/active_duels?select=%2A "HTTP/2 200 OK"
2025-11-18 18:25:08 | INFO     | HTTP Request: GET https://jqphrrikzkntcyzsrbrc.supabase.co/rest/v1/duel_stats?select=%2A "HTTP/2 200 OK"
2025-11-18 18:25:08 | INFO     | ‚úÖ –î–∞–Ω–Ω—ã–µ –∏–∑ Supabase –∑–∞–≥—Ä—É–∂–µ–Ω—ã
2025-11-18 18:25:11 | SUCCESS  | üéâ –í—Å–µ —Ñ–∞–π–ª—ã cogs —É—Å–ø–µ—à–Ω–æ –∑–∞–≥—Ä—É–∂–µ–Ω—ã!
2025-11-18 18:25:15 | SUCCESS  | ü§ñ –ë–æ—Ç `Void Sentinel#5662` —É—Å–ø–µ—à–Ω–æ –∑–∞–ø—É—â–µ–Ω (ID: 1230464176745480254)
2025-11-18 18:25:15 | INFO     | üõ° –°–µ—Ä–≤–µ—Ä: Legion Of The Damned | ID: 828749346505490503 | –£—á–∞—Å—Ç–Ω–∏–∫–æ–≤: 9
2025-11-18 18:25:15 | INFO     | üõ° –°–µ—Ä–≤–µ—Ä: Space_Marine 2RU | ID: 1118852004786225192 | –£—á–∞—Å—Ç–Ω–∏–∫–æ–≤: 280
2025-11-18 18:25:15 | INFO     | üõ° –°–µ—Ä–≤–µ—Ä: winie's server | ID: 1335265286198263848 | –£—á–∞—Å—Ç–Ω–∏–∫–æ–≤: 56
2025-11-18 18:25:15 | INFO     | üõ° –°–µ—Ä–≤–µ—Ä: –°–µ—Ä–≤–µ—Ä –∫–æ—Ä–∏—Å—Ç—É–≤–∞—á–∞ kraken_5491 | ID: 1411475618343686187 | –£—á–∞—Å—Ç–Ω–∏–∫–æ–≤: 4
2025-11-18 18:25:16 | SUCCESS  | –ö–æ–º–∞–Ω–¥—ã —É—Å–ø–µ—à–Ω–æ —Å–∏–Ω—Ö—Ä–æ–Ω–∏–∑–∏—Ä–æ–≤–∞–Ω—ã
2025-11-18 18:34:13 | ERROR    | Task exception was never retrieved
future: <Task finished name='Task-42' coro=<Music.player_loop() done, defined at C:\Users\KLegi\Desktop\Void-Sentinel-develop\cogs\music.py:247> exception=ClientException('Not connected to voice.')>
Traceback (most recent call last):
  File "C:\Users\KLegi\Desktop\Void-Sentinel-develop\cogs\music.py", line 263, in player_loop
    vc.play(source, after=after_play)
    ~~~~~~~^^^^^^^^^^^^^^^^^^^^^^^^^^
  File "C:\Users\KLegi\AppData\Local\Packages\PythonSoftwareFoundation.Python.3.13_qbz5n2kfra8p0\LocalCache\local-packages\Python313\site-packages\discord\voice_client.py", line 497, in play
    raise ClientException('Not connected to voice.')
discord.errors.ClientException: Not connected to voice.
2025-11-18 18:34:19 | WARNING  | üõë –ó–∞–ø—É—Å–∫ –æ—Å—Ç–∞–Ω–æ–≤–ª–µ–Ω –≤—Ä—É—á–Ω—É—é.
2025-11-18 18:36:29 | INFO     | HTTP Request: GET https://jqphrrikzkntcyzsrbrc.supabase.co/rest/v1/active_duels?select=%2A "HTTP/2 200 OK"
2025-11-18 18:36:30 | INFO     | HTTP Request: GET https://jqphrrikzkntcyzsrbrc.supabase.co/rest/v1/duel_stats?select=%2A "HTTP/2 200 OK"
2025-11-18 18:36:30 | INFO     | ‚úÖ –î–∞–Ω–Ω—ã–µ –∏–∑ Supabase –∑–∞–≥—Ä—É–∂–µ–Ω—ã
2025-11-18 18:36:33 | SUCCESS  | üéâ –í—Å–µ —Ñ–∞–π–ª—ã cogs —É—Å–ø–µ—à–Ω–æ –∑–∞–≥—Ä—É–∂–µ–Ω—ã!
2025-11-18 18:36:37 | SUCCESS  | ü§ñ –ë–æ—Ç `Void Sentinel#5662` —É—Å–ø–µ—à–Ω–æ –∑–∞–ø—É—â–µ–Ω (ID: 1230464176745480254)
2025-11-18 18:36:37 | INFO     | üõ° –°–µ—Ä–≤–µ—Ä: Legion Of The Damned | ID: 828749346505490503 | –£—á–∞—Å—Ç–Ω–∏–∫–æ–≤: 9
2025-11-18 18:36:37 | INFO     | üõ° –°–µ—Ä–≤–µ—Ä: Space_Marine 2RU | ID: 1118852004786225192 | –£—á–∞—Å—Ç–Ω–∏–∫–æ–≤: 280
2025-11-18 18:36:37 | INFO     | üõ° –°–µ—Ä–≤–µ—Ä: winie's server | ID: 1335265286198263848 | –£—á–∞—Å—Ç–Ω–∏–∫–æ–≤: 56
2025-11-18 18:36:37 | INFO     | üõ° –°–µ—Ä–≤–µ—Ä: –°–µ—Ä–≤–µ—Ä –∫–æ—Ä–∏—Å—Ç—É–≤–∞—á–∞ kraken_5491 | ID: 1411475618343686187 | –£—á–∞—Å—Ç–Ω–∏–∫–æ–≤: 4
2025-11-18 18:36:37 | SUCCESS  | –ö–æ–º–∞–Ω–¥—ã —É—Å–ø–µ—à–Ω–æ —Å–∏–Ω—Ö—Ä–æ–Ω–∏–∑–∏—Ä–æ–≤–∞–Ω—ã
2025-11-18 18:42:05 | WARNING  | üõë –ó–∞–ø—É—Å–∫ –æ—Å—Ç–∞–Ω–æ–≤–ª–µ–Ω –≤—Ä—É—á–Ω—É—é.
2025-11-18 21:14:20 | INFO     | HTTP Request: GET https://jqphrrikzkntcyzsrbrc.supabase.co/rest/v1/active_duels?select=%2A "HTTP/2 200 OK"
2025-11-18 21:14:21 | INFO     | HTTP Request: GET https://jqphrrikzkntcyzsrbrc.supabase.co/rest/v1/duel_stats?select=%2A "HTTP/2 200 OK"
2025-11-18 21:14:21 | INFO     | ‚úÖ –î–∞–Ω–Ω—ã–µ –∏–∑ Supabase –∑–∞–≥—Ä—É–∂–µ–Ω—ã
2025-11-18 21:14:23 | SUCCESS  | üéâ –í—Å–µ —Ñ–∞–π–ª—ã cogs —É—Å–ø–µ—à–Ω–æ –∑–∞–≥—Ä—É–∂–µ–Ω—ã!
2025-11-18 21:14:27 | SUCCESS  | ü§ñ –ë–æ—Ç `Void Sentinel#5662` —É—Å–ø–µ—à–Ω–æ –∑–∞–ø—É—â–µ–Ω (ID: 1230464176745480254)
2025-11-18 21:14:27 | INFO     | üõ° –°–µ—Ä–≤–µ—Ä: Legion Of The Damned | ID: 828749346505490503 | –£—á–∞—Å—Ç–Ω–∏–∫–æ–≤: 9
2025-11-18 21:14:27 | INFO     | üõ° –°–µ—Ä–≤–µ—Ä: Space_Marine 2RU | ID: 1118852004786225192 | –£—á–∞—Å—Ç–Ω–∏–∫–æ–≤: 280
2025-11-18 21:14:27 | INFO     | üõ° –°–µ—Ä–≤–µ—Ä: winie's server | ID: 1335265286198263848 | –£—á–∞—Å—Ç–Ω–∏–∫–æ–≤: 56
2025-11-18 21:14:27 | INFO     | üõ° –°–µ—Ä–≤–µ—Ä: –°–µ—Ä–≤–µ—Ä –∫–æ—Ä–∏—Å—Ç—É–≤–∞—á–∞ kraken_5491 | ID: 1411475618343686187 | –£—á–∞—Å—Ç–Ω–∏–∫–æ–≤: 4
2025-11-18 21:14:27 | SUCCESS  | –ö–æ–º–∞–Ω–¥—ã —É—Å–ø–µ—à–Ω–æ —Å–∏–Ω—Ö—Ä–æ–Ω–∏–∑–∏—Ä–æ–≤–∞–Ω—ã
2025-11-18 21:26:05 | WARNING  | üõë –ó–∞–ø—É—Å–∫ –æ—Å—Ç–∞–Ω–æ–≤–ª–µ–Ω –≤—Ä—É—á–Ω—É—é.
2025-11-18 21:26:56 | INFO     | HTTP Request: GET https://jqphrrikzkntcyzsrbrc.supabase.co/rest/v1/active_duels?select=%2A "HTTP/2 200 OK"
2025-11-18 21:26:56 | INFO     | HTTP Request: GET https://jqphrrikzkntcyzsrbrc.supabase.co/rest/v1/duel_stats?select=%2A "HTTP/2 200 OK"
2025-11-18 21:26:56 | INFO     | ‚úÖ –î–∞–Ω–Ω—ã–µ –∏–∑ Supabase –∑–∞–≥—Ä—É–∂–µ–Ω—ã
2025-11-18 21:26:59 | SUCCESS  | üéâ –í—Å–µ —Ñ–∞–π–ª—ã cogs —É—Å–ø–µ—à–Ω–æ –∑–∞–≥—Ä—É–∂–µ–Ω—ã!
2025-11-18 21:27:02 | SUCCESS  | ü§ñ –ë–æ—Ç `Void Sentinel#5662` —É—Å–ø–µ—à–Ω–æ –∑–∞–ø—É—â–µ–Ω (ID: 1230464176745480254)
2025-11-18 21:27:02 | INFO     | üõ° –°–µ—Ä–≤–µ—Ä: Legion Of The Damned | ID: 828749346505490503 | –£—á–∞—Å—Ç–Ω–∏–∫–æ–≤: 9
2025-11-18 21:27:02 | INFO     | üõ° –°–µ—Ä–≤–µ—Ä: Space_Marine 2RU | ID: 1118852004786225192 | –£—á–∞—Å—Ç–Ω–∏–∫–æ–≤: 280
2025-11-18 21:27:02 | INFO     | üõ° –°–µ—Ä–≤–µ—Ä: winie's server | ID: 1335265286198263848 | –£—á–∞—Å—Ç–Ω–∏–∫–æ–≤: 56
2025-11-18 21:27:02 | INFO     | üõ° –°–µ—Ä–≤–µ—Ä: –°–µ—Ä–≤–µ—Ä –∫–æ—Ä–∏—Å—Ç—É–≤–∞—á–∞ kraken_5491 | ID: 1411475618343686187 | –£—á–∞—Å—Ç–Ω–∏–∫–æ–≤: 4
2025-11-18 21:27:02 | SUCCESS  | –ö–æ–º–∞–Ω–¥—ã —É—Å–ø–µ—à–Ω–æ —Å–∏–Ω—Ö—Ä–æ–Ω–∏–∑–∏—Ä–æ–≤–∞–Ω—ã
2025-11-18 21:30:49 | WARNING  | üõë –ó–∞–ø—É—Å–∫ –æ—Å—Ç–∞–Ω–æ–≤–ª–µ–Ω –≤—Ä—É—á–Ω—É—é.
2025-11-18 21:35:57 | INFO     | HTTP Request: GET https://jqphrrikzkntcyzsrbrc.supabase.co/rest/v1/active_duels?select=%2A "HTTP/2 200 OK"
2025-11-18 21:35:57 | INFO     | HTTP Request: GET https://jqphrrikzkntcyzsrbrc.supabase.co/rest/v1/duel_stats?select=%2A "HTTP/2 200 OK"
2025-11-18 21:35:57 | INFO     | ‚úÖ –î–∞–Ω–Ω—ã–µ –∏–∑ Supabase –∑–∞–≥—Ä—É–∂–µ–Ω—ã
2025-11-18 21:36:00 | CRITICAL | ‚ùå –û—à–∏–±–∫–∏ –ø—Ä–∏ –∑–∞–≥—Ä—É–∑–∫–µ –º–æ–¥—É–ª–µ–π: cogs.music
2025-11-18 21:36:00 | ERROR    | 
--- –û—à–∏–±–∫–∞ –≤ `cogs.music` ---
Traceback (most recent call last):
  File "C:\Users\KLegi\AppData\Local\Packages\PythonSoftwareFoundation.Python.3.13_qbz5n2kfra8p0\LocalCache\local-packages\Python313\site-packages\discord\ext\commands\bot.py", line 962, in _load_from_module_spec
    spec.loader.exec_module(lib)  # type: ignore
    ~~~~~~~~~~~~~~~~~~~~~~~^^^^^
  File "<frozen importlib._bootstrap_external>", line 1027, in exec_module
  File "<frozen importlib._bootstrap>", line 488, in _call_with_frames_removed
  File "C:\Users\KLegi\Desktop\Void-Sentinel-develop\cogs\music.py", line 111, in <module>
    class Music(commands.Cog):
    ...<240 lines>...
                await self.update_queue_embed(guild_id)
  File "C:\Users\KLegi\Desktop\Void-Sentinel-develop\cogs\music.py", line 300, in Music
    @app_commands.autocomplete(–∑–∞–ø—Ä–æ—Å)
                               ^^^^^^
NameError: name '–∑–∞–ø—Ä–æ—Å' is not defined

The above exception was the direct cause of the following exception:

Traceback (most recent call last):
  File "C:\Users\KLegi\Desktop\Void-Sentinel-develop\main.py", line 48, in load_cogs
    await bot.load_extension(cog)
  File "C:\Users\KLegi\AppData\Local\Packages\PythonSoftwareFoundation.Python.3.13_qbz5n2kfra8p0\LocalCache\local-packages\Python313\site-packages\discord\ext\commands\bot.py", line 1040, in load_extension
    await self._load_from_module_spec(spec, name)
  File "C:\Users\KLegi\AppData\Local\Packages\PythonSoftwareFoundation.Python.3.13_qbz5n2kfra8p0\LocalCache\local-packages\Python313\site-packages\discord\ext\commands\bot.py", line 965, in _load_from_module_spec
    raise errors.ExtensionFailed(key, e) from e
discord.ext.commands.errors.ExtensionFailed: Extension 'cogs.music' raised an error: NameError: name '–∑–∞–ø—Ä–æ—Å' is not defined

--- –ö–æ–Ω–µ—Ü –æ—à–∏–±–∫–∏ ---
2025-11-18 21:36:04 | SUCCESS  | ü§ñ –ë–æ—Ç `Void Sentinel#5662` —É—Å–ø–µ—à–Ω–æ –∑–∞–ø—É—â–µ–Ω (ID: 1230464176745480254)
2025-11-18 21:36:04 | INFO     | üõ° –°–µ—Ä–≤–µ—Ä: Legion Of The Damned | ID: 828749346505490503 | –£—á–∞—Å—Ç–Ω–∏–∫–æ–≤: 9
2025-11-18 21:36:04 | INFO     | üõ° –°–µ—Ä–≤–µ—Ä: Space_Marine 2RU | ID: 1118852004786225192 | –£—á–∞—Å—Ç–Ω–∏–∫–æ–≤: 280
2025-11-18 21:36:04 | INFO     | üõ° –°–µ—Ä–≤–µ—Ä: winie's server | ID: 1335265286198263848 | –£—á–∞—Å—Ç–Ω–∏–∫–æ–≤: 56
2025-11-18 21:36:04 | INFO     | üõ° –°–µ—Ä–≤–µ—Ä: –°–µ—Ä–≤–µ—Ä –∫–æ—Ä–∏—Å—Ç—É–≤–∞—á–∞ kraken_5491 | ID: 1411475618343686187 | –£—á–∞—Å—Ç–Ω–∏–∫–æ–≤: 4
2025-11-18 21:36:04 | SUCCESS  | –ö–æ–º–∞–Ω–¥—ã —É—Å–ø–µ—à–Ω–æ —Å–∏–Ω—Ö—Ä–æ–Ω–∏–∑–∏—Ä–æ–≤–∞–Ω—ã
2025-11-18 21:36:14 | WARNING  | üõë –ó–∞–ø—É—Å–∫ –æ—Å—Ç–∞–Ω–æ–≤–ª–µ–Ω –≤—Ä—É—á–Ω—É—é.
2025-11-18 21:39:02 | INFO     | HTTP Request: GET https://jqphrrikzkntcyzsrbrc.supabase.co/rest/v1/active_duels?select=%2A "HTTP/2 200 OK"
2025-11-18 21:39:02 | INFO     | HTTP Request: GET https://jqphrrikzkntcyzsrbrc.supabase.co/rest/v1/duel_stats?select=%2A "HTTP/2 200 OK"
2025-11-18 21:39:02 | INFO     | ‚úÖ –î–∞–Ω–Ω—ã–µ –∏–∑ Supabase –∑–∞–≥—Ä—É–∂–µ–Ω—ã
2025-11-18 21:39:05 | SUCCESS  | üéâ –í—Å–µ —Ñ–∞–π–ª—ã cogs —É—Å–ø–µ—à–Ω–æ –∑–∞–≥—Ä—É–∂–µ–Ω—ã!
2025-11-18 21:39:08 | SUCCESS  | ü§ñ –ë–æ—Ç `Void Sentinel#5662` —É—Å–ø–µ—à–Ω–æ –∑–∞–ø—É—â–µ–Ω (ID: 1230464176745480254)
2025-11-18 21:39:08 | INFO     | üõ° –°–µ—Ä–≤–µ—Ä: Legion Of The Damned | ID: 828749346505490503 | –£—á–∞—Å—Ç–Ω–∏–∫–æ–≤: 9
2025-11-18 21:39:08 | INFO     | üõ° –°–µ—Ä–≤–µ—Ä: Space_Marine 2RU | ID: 1118852004786225192 | –£—á–∞—Å—Ç–Ω–∏–∫–æ–≤: 280
2025-11-18 21:39:08 | INFO     | üõ° –°–µ—Ä–≤–µ—Ä: winie's server | ID: 1335265286198263848 | –£—á–∞—Å—Ç–Ω–∏–∫–æ–≤: 56
2025-11-18 21:39:08 | INFO     | üõ° –°–µ—Ä–≤–µ—Ä: –°–µ—Ä–≤–µ—Ä –∫–æ—Ä–∏—Å—Ç—É–≤–∞—á–∞ kraken_5491 | ID: 1411475618343686187 | –£—á–∞—Å—Ç–Ω–∏–∫–æ–≤: 4
2025-11-18 21:39:09 | SUCCESS  | –ö–æ–º–∞–Ω–¥—ã —É—Å–ø–µ—à–Ω–æ —Å–∏–Ω—Ö—Ä–æ–Ω–∏–∑–∏—Ä–æ–≤–∞–Ω—ã
2025-11-18 21:41:11 | WARNING  | üõë –ó–∞–ø—É—Å–∫ –æ—Å—Ç–∞–Ω–æ–≤–ª–µ–Ω –≤—Ä—É—á–Ω—É—é.
2025-11-18 21:45:27 | INFO     | HTTP Request: GET https://jqphrrikzkntcyzsrbrc.supabase.co/rest/v1/active_duels?select=%2A "HTTP/2 200 OK"
2025-11-18 21:45:27 | INFO     | HTTP Request: GET https://jqphrrikzkntcyzsrbrc.supabase.co/rest/v1/duel_stats?select=%2A "HTTP/2 200 OK"
2025-11-18 21:45:27 | INFO     | ‚úÖ –î–∞–Ω–Ω—ã–µ –∏–∑ Supabase –∑–∞–≥—Ä—É–∂–µ–Ω—ã
2025-11-18 21:45:29 | SUCCESS  | üéâ –í—Å–µ —Ñ–∞–π–ª—ã cogs —É—Å–ø–µ—à–Ω–æ –∑–∞–≥—Ä—É–∂–µ–Ω—ã!
2025-11-18 21:45:33 | SUCCESS  | ü§ñ –ë–æ—Ç `Void Sentinel#5662` —É—Å–ø–µ—à–Ω–æ –∑–∞–ø—É—â–µ–Ω (ID: 1230464176745480254)
2025-11-18 21:45:33 | INFO     | üõ° –°–µ—Ä–≤–µ—Ä: Legion Of The Damned | ID: 828749346505490503 | –£—á–∞—Å—Ç–Ω–∏–∫–æ–≤: 9
2025-11-18 21:45:33 | INFO     | üõ° –°–µ—Ä–≤–µ—Ä: Space_Marine 2RU | ID: 1118852004786225192 | –£—á–∞—Å—Ç–Ω–∏–∫–æ–≤: 280
2025-11-18 21:45:33 | INFO     | üõ° –°–µ—Ä–≤–µ—Ä: winie's server | ID: 1335265286198263848 | –£—á–∞—Å—Ç–Ω–∏–∫–æ–≤: 56
2025-11-18 21:45:33 | INFO     | üõ° –°–µ—Ä–≤–µ—Ä: –°–µ—Ä–≤–µ—Ä –∫–æ—Ä–∏—Å—Ç—É–≤–∞—á–∞ kraken_5491 | ID: 1411475618343686187 | –£—á–∞—Å—Ç–Ω–∏–∫–æ–≤: 4
2025-11-18 21:45:34 | SUCCESS  | –ö–æ–º–∞–Ω–¥—ã —É—Å–ø–µ—à–Ω–æ —Å–∏–Ω—Ö—Ä–æ–Ω–∏–∑–∏—Ä–æ–≤–∞–Ω—ã
2025-11-18 21:46:57 | WARNING  | üõë –ó–∞–ø—É—Å–∫ –æ—Å—Ç–∞–Ω–æ–≤–ª–µ–Ω –≤—Ä—É—á–Ω—É—é.
2025-11-18 21:50:49 | INFO     | HTTP Request: GET https://jqphrrikzkntcyzsrbrc.supabase.co/rest/v1/active_duels?select=%2A "HTTP/2 200 OK"
2025-11-18 21:50:49 | INFO     | HTTP Request: GET https://jqphrrikzkntcyzsrbrc.supabase.co/rest/v1/duel_stats?select=%2A "HTTP/2 200 OK"
2025-11-18 21:50:49 | INFO     | ‚úÖ –î–∞–Ω–Ω—ã–µ –∏–∑ Supabase –∑–∞–≥—Ä—É–∂–µ–Ω—ã
2025-11-18 21:50:52 | SUCCESS  | üéâ –í—Å–µ —Ñ–∞–π–ª—ã cogs —É—Å–ø–µ—à–Ω–æ –∑–∞–≥—Ä—É–∂–µ–Ω—ã!
2025-11-18 21:50:56 | SUCCESS  | ü§ñ –ë–æ—Ç `Void Sentinel#5662` —É—Å–ø–µ—à–Ω–æ –∑–∞–ø—É—â–µ–Ω (ID: 1230464176745480254)
2025-11-18 21:50:56 | INFO     | üõ° –°–µ—Ä–≤–µ—Ä: Legion Of The Damned | ID: 828749346505490503 | –£—á–∞—Å—Ç–Ω–∏–∫–æ–≤: 9
2025-11-18 21:50:56 | INFO     | üõ° –°–µ—Ä–≤–µ—Ä: Space_Marine 2RU | ID: 1118852004786225192 | –£—á–∞—Å—Ç–Ω–∏–∫–æ–≤: 280
2025-11-18 21:50:56 | INFO     | üõ° –°–µ—Ä–≤–µ—Ä: winie's server | ID: 1335265286198263848 | –£—á–∞—Å—Ç–Ω–∏–∫–æ–≤: 56
2025-11-18 21:50:56 | INFO     | üõ° –°–µ—Ä–≤–µ—Ä: –°–µ—Ä–≤–µ—Ä –∫–æ—Ä–∏—Å—Ç—É–≤–∞—á–∞ kraken_5491 | ID: 1411475618343686187 | –£—á–∞—Å—Ç–Ω–∏–∫–æ–≤: 4
2025-11-18 21:50:56 | SUCCESS  | –ö–æ–º–∞–Ω–¥—ã —É—Å–ø–µ—à–Ω–æ —Å–∏–Ω—Ö—Ä–æ–Ω–∏–∑–∏—Ä–æ–≤–∞–Ω—ã
2025-11-18 21:53:49 | WARNING  | üõë –ó–∞–ø—É—Å–∫ –æ—Å—Ç–∞–Ω–æ–≤–ª–µ–Ω –≤—Ä—É—á–Ω—É—é.
2025-11-18 21:54:01 | INFO     | HTTP Request: GET https://jqphrrikzkntcyzsrbrc.supabase.co/rest/v1/active_duels?select=%2A "HTTP/2 200 OK"
2025-11-18 21:54:01 | INFO     | HTTP Request: GET https://jqphrrikzkntcyzsrbrc.supabase.co/rest/v1/duel_stats?select=%2A "HTTP/2 200 OK"
2025-11-18 21:54:01 | INFO     | ‚úÖ –î–∞–Ω–Ω—ã–µ –∏–∑ Supabase –∑–∞–≥—Ä—É–∂–µ–Ω—ã
2025-11-18 21:54:04 | SUCCESS  | üéâ –í—Å–µ —Ñ–∞–π–ª—ã cogs —É—Å–ø–µ—à–Ω–æ –∑–∞–≥—Ä—É–∂–µ–Ω—ã!
2025-11-18 21:54:08 | SUCCESS  | ü§ñ –ë–æ—Ç `Void Sentinel#5662` —É—Å–ø–µ—à–Ω–æ –∑–∞–ø—É—â–µ–Ω (ID: 1230464176745480254)
2025-11-18 21:54:08 | INFO     | üõ° –°–µ—Ä–≤–µ—Ä: Legion Of The Damned | ID: 828749346505490503 | –£—á–∞—Å—Ç–Ω–∏–∫–æ–≤: 9
2025-11-18 21:54:08 | INFO     | üõ° –°–µ—Ä–≤–µ—Ä: Space_Marine 2RU | ID: 1118852004786225192 | –£—á–∞—Å—Ç–Ω–∏–∫–æ–≤: 280
2025-11-18 21:54:08 | INFO     | üõ° –°–µ—Ä–≤–µ—Ä: winie's server | ID: 1335265286198263848 | –£—á–∞—Å—Ç–Ω–∏–∫–æ–≤: 56
2025-11-18 21:54:08 | INFO     | üõ° –°–µ—Ä–≤–µ—Ä: –°–µ—Ä–≤–µ—Ä –∫–æ—Ä–∏—Å—Ç—É–≤–∞—á–∞ kraken_5491 | ID: 1411475618343686187 | –£—á–∞—Å—Ç–Ω–∏–∫–æ–≤: 4
2025-11-18 21:54:08 | SUCCESS  | –ö–æ–º–∞–Ω–¥—ã —É—Å–ø–µ—à–Ω–æ —Å–∏–Ω—Ö—Ä–æ–Ω–∏–∑–∏—Ä–æ–≤–∞–Ω—ã
2025-11-18 21:54:35 | WARNING  | üõë –ó–∞–ø—É—Å–∫ –æ—Å—Ç–∞–Ω–æ–≤–ª–µ–Ω –≤—Ä—É—á–Ω—É—é.
2025-11-18 21:54:52 | INFO     | HTTP Request: GET https://jqphrrikzkntcyzsrbrc.supabase.co/rest/v1/active_duels?select=%2A "HTTP/2 200 OK"
2025-11-18 21:54:52 | INFO     | HTTP Request: GET https://jqphrrikzkntcyzsrbrc.supabase.co/rest/v1/duel_stats?select=%2A "HTTP/2 200 OK"
2025-11-18 21:54:52 | INFO     | ‚úÖ –î–∞–Ω–Ω—ã–µ –∏–∑ Supabase –∑–∞–≥—Ä—É–∂–µ–Ω—ã
2025-11-18 21:54:55 | SUCCESS  | üéâ –í—Å–µ —Ñ–∞–π–ª—ã cogs —É—Å–ø–µ—à–Ω–æ –∑–∞–≥—Ä—É–∂–µ–Ω—ã!
2025-11-18 21:54:58 | SUCCESS  | ü§ñ –ë–æ—Ç `Void Sentinel#5662` —É—Å–ø–µ—à–Ω–æ –∑–∞–ø—É—â–µ–Ω (ID: 1230464176745480254)
2025-11-18 21:54:58 | INFO     | üõ° –°–µ—Ä–≤–µ—Ä: Legion Of The Damned | ID: 828749346505490503 | –£—á–∞—Å—Ç–Ω–∏–∫–æ–≤: 9
2025-11-18 21:54:58 | INFO     | üõ° –°–µ—Ä–≤–µ—Ä: Space_Marine 2RU | ID: 1118852004786225192 | –£—á–∞—Å—Ç–Ω–∏–∫–æ–≤: 280
2025-11-18 21:54:58 | INFO     | üõ° –°–µ—Ä–≤–µ—Ä: winie's server | ID: 1335265286198263848 | –£—á–∞—Å—Ç–Ω–∏–∫–æ–≤: 56
2025-11-18 21:54:58 | INFO     | üõ° –°–µ—Ä–≤–µ—Ä: –°–µ—Ä–≤–µ—Ä –∫–æ—Ä–∏—Å—Ç—É–≤–∞—á–∞ kraken_5491 | ID: 1411475618343686187 | –£—á–∞—Å—Ç–Ω–∏–∫–æ–≤: 4
2025-11-18 21:55:42 | SUCCESS  | –ö–æ–º–∞–Ω–¥—ã —É—Å–ø–µ—à–Ω–æ —Å–∏–Ω—Ö—Ä–æ–Ω–∏–∑–∏—Ä–æ–≤–∞–Ω—ã
2025-11-18 21:56:47 | WARNING  | üõë –ó–∞–ø—É—Å–∫ –æ—Å—Ç–∞–Ω–æ–≤–ª–µ–Ω –≤—Ä—É—á–Ω—É—é.
2025-11-18 22:03:44 | INFO     | HTTP Request: GET https://jqphrrikzkntcyzsrbrc.supabase.co/rest/v1/active_duels?select=%2A "HTTP/2 200 OK"
2025-11-18 22:03:44 | INFO     | HTTP Request: GET https://jqphrrikzkntcyzsrbrc.supabase.co/rest/v1/duel_stats?select=%2A "HTTP/2 200 OK"
2025-11-18 22:03:44 | INFO     | ‚úÖ –î–∞–Ω–Ω—ã–µ –∏–∑ Supabase –∑–∞–≥—Ä—É–∂–µ–Ω—ã
2025-11-18 22:03:46 | SUCCESS  | üéâ –í—Å–µ —Ñ–∞–π–ª—ã cogs —É—Å–ø–µ—à–Ω–æ –∑–∞–≥—Ä—É–∂–µ–Ω—ã!
2025-11-18 22:03:50 | SUCCESS  | ü§ñ –ë–æ—Ç `Void Sentinel#5662` —É—Å–ø–µ—à–Ω–æ –∑–∞–ø—É—â–µ–Ω (ID: 1230464176745480254)
2025-11-18 22:03:50 | INFO     | üõ° –°–µ—Ä–≤–µ—Ä: Legion Of The Damned | ID: 828749346505490503 | –£—á–∞—Å—Ç–Ω–∏–∫–æ–≤: 9
2025-11-18 22:03:50 | INFO     | üõ° –°–µ—Ä–≤–µ—Ä: Space_Marine 2RU | ID: 1118852004786225192 | –£—á–∞—Å—Ç–Ω–∏–∫–æ–≤: 280
2025-11-18 22:03:50 | INFO     | üõ° –°–µ—Ä–≤–µ—Ä: winie's server | ID: 1335265286198263848 | –£—á–∞—Å—Ç–Ω–∏–∫–æ–≤: 56
2025-11-18 22:03:50 | INFO     | üõ° –°–µ—Ä–≤–µ—Ä: –°–µ—Ä–≤–µ—Ä –∫–æ—Ä–∏—Å—Ç—É–≤–∞—á–∞ kraken_5491 | ID: 1411475618343686187 | –£—á–∞—Å—Ç–Ω–∏–∫–æ–≤: 4
2025-11-18 22:03:50 | SUCCESS  | –ö–æ–º–∞–Ω–¥—ã —É—Å–ø–µ—à–Ω–æ —Å–∏–Ω—Ö—Ä–æ–Ω–∏–∑–∏—Ä–æ–≤–∞–Ω—ã
2025-11-18 22:07:40 | WARNING  | üõë –ó–∞–ø—É—Å–∫ –æ—Å—Ç–∞–Ω–æ–≤–ª–µ–Ω –≤—Ä—É—á–Ω—É—é.
2025-11-18 22:07:55 | INFO     | HTTP Request: GET https://jqphrrikzkntcyzsrbrc.supabase.co/rest/v1/active_duels?select=%2A "HTTP/2 200 OK"
2025-11-18 22:07:56 | INFO     | HTTP Request: GET https://jqphrrikzkntcyzsrbrc.supabase.co/rest/v1/duel_stats?select=%2A "HTTP/2 200 OK"
2025-11-18 22:07:56 | INFO     | ‚úÖ –î–∞–Ω–Ω—ã–µ –∏–∑ Supabase –∑–∞–≥—Ä—É–∂–µ–Ω—ã
2025-11-18 22:07:58 | SUCCESS  | üéâ –í—Å–µ —Ñ–∞–π–ª—ã cogs —É—Å–ø–µ—à–Ω–æ –∑–∞–≥—Ä—É–∂–µ–Ω—ã!
2025-11-18 22:08:01 | SUCCESS  | ü§ñ –ë–æ—Ç `Void Sentinel#5662` —É—Å–ø–µ—à–Ω–æ –∑–∞–ø—É—â–µ–Ω (ID: 1230464176745480254)
2025-11-18 22:08:01 | INFO     | üõ° –°–µ—Ä–≤–µ—Ä: Legion Of The Damned | ID: 828749346505490503 | –£—á–∞—Å—Ç–Ω–∏–∫–æ–≤: 9
2025-11-18 22:08:01 | INFO     | üõ° –°–µ—Ä–≤–µ—Ä: Space_Marine 2RU | ID: 1118852004786225192 | –£—á–∞—Å—Ç–Ω–∏–∫–æ–≤: 280
2025-11-18 22:08:01 | INFO     | üõ° –°–µ—Ä–≤–µ—Ä: winie's server | ID: 1335265286198263848 | –£—á–∞—Å—Ç–Ω–∏–∫–æ–≤: 56
2025-11-18 22:08:01 | INFO     | üõ° –°–µ—Ä–≤–µ—Ä: –°–µ—Ä–≤–µ—Ä –∫–æ—Ä–∏—Å—Ç—É–≤–∞—á–∞ kraken_5491 | ID: 1411475618343686187 | –£—á–∞—Å—Ç–Ω–∏–∫–æ–≤: 4
2025-11-18 22:08:02 | SUCCESS  | –ö–æ–º–∞–Ω–¥—ã —É—Å–ø–µ—à–Ω–æ —Å–∏–Ω—Ö—Ä–æ–Ω–∏–∑–∏—Ä–æ–≤–∞–Ω—ã
2025-11-18 22:09:57 | WARNING  | üõë –ó–∞–ø—É—Å–∫ –æ—Å—Ç–∞–Ω–æ–≤–ª–µ–Ω –≤—Ä—É—á–Ω—É—é.
2025-11-18 22:12:18 | INFO     | HTTP Request: GET https://jqphrrikzkntcyzsrbrc.supabase.co/rest/v1/active_duels?select=%2A "HTTP/2 200 OK"
2025-11-18 22:12:18 | INFO     | HTTP Request: GET https://jqphrrikzkntcyzsrbrc.supabase.co/rest/v1/duel_stats?select=%2A "HTTP/2 200 OK"
2025-11-18 22:12:18 | INFO     | ‚úÖ –î–∞–Ω–Ω—ã–µ –∏–∑ Supabase –∑–∞–≥—Ä—É–∂–µ–Ω—ã
2025-11-18 22:12:21 | SUCCESS  | üéâ –í—Å–µ —Ñ–∞–π–ª—ã cogs —É—Å–ø–µ—à–Ω–æ –∑–∞–≥—Ä—É–∂–µ–Ω—ã!
2025-11-18 22:12:24 | SUCCESS  | ü§ñ –ë–æ—Ç `Void Sentinel#5662` —É—Å–ø–µ—à–Ω–æ –∑–∞–ø—É—â–µ–Ω (ID: 1230464176745480254)
2025-11-18 22:12:24 | INFO     | üõ° –°–µ—Ä–≤–µ—Ä: Legion Of The Damned | ID: 828749346505490503 | –£—á–∞—Å—Ç–Ω–∏–∫–æ–≤: 9
2025-11-18 22:12:24 | INFO     | üõ° –°–µ—Ä–≤–µ—Ä: Space_Marine 2RU | ID: 1118852004786225192 | –£—á–∞—Å—Ç–Ω–∏–∫–æ–≤: 280
2025-11-18 22:12:24 | INFO     | üõ° –°–µ—Ä–≤–µ—Ä: winie's server | ID: 1335265286198263848 | –£—á–∞—Å—Ç–Ω–∏–∫–æ–≤: 56
2025-11-18 22:12:24 | INFO     | üõ° –°–µ—Ä–≤–µ—Ä: –°–µ—Ä–≤–µ—Ä –∫–æ—Ä–∏—Å—Ç—É–≤–∞—á–∞ kraken_5491 | ID: 1411475618343686187 | –£—á–∞—Å—Ç–Ω–∏–∫–æ–≤: 4
2025-11-18 22:12:24 | SUCCESS  | –ö–æ–º–∞–Ω–¥—ã —É—Å–ø–µ—à–Ω–æ —Å–∏–Ω—Ö—Ä–æ–Ω–∏–∑–∏—Ä–æ–≤–∞–Ω—ã
2025-11-18 22:13:34 | WARNING  | üõë –ó–∞–ø—É—Å–∫ –æ—Å—Ç–∞–Ω–æ–≤–ª–µ–Ω –≤—Ä—É—á–Ω—É—é.
2025-11-18 22:14:52 | INFO     | HTTP Request: GET https://jqphrrikzkntcyzsrbrc.supabase.co/rest/v1/active_duels?select=%2A "HTTP/2 200 OK"
2025-11-18 22:14:52 | INFO     | HTTP Request: GET https://jqphrrikzkntcyzsrbrc.supabase.co/rest/v1/duel_stats?select=%2A "HTTP/2 200 OK"
2025-11-18 22:14:52 | INFO     | ‚úÖ –î–∞–Ω–Ω—ã–µ –∏–∑ Supabase –∑–∞–≥—Ä—É–∂–µ–Ω—ã
2025-11-18 22:14:55 | SUCCESS  | üéâ –í—Å–µ —Ñ–∞–π–ª—ã cogs —É—Å–ø–µ—à–Ω–æ –∑–∞–≥—Ä—É–∂–µ–Ω—ã!
2025-11-18 22:14:58 | SUCCESS  | ü§ñ –ë–æ—Ç `Void Sentinel#5662` —É—Å–ø–µ—à–Ω–æ –∑–∞–ø—É—â–µ–Ω (ID: 1230464176745480254)
2025-11-18 22:14:58 | INFO     | üõ° –°–µ—Ä–≤–µ—Ä: Legion Of The Damned | ID: 828749346505490503 | –£—á–∞—Å—Ç–Ω–∏–∫–æ–≤: 9
2025-11-18 22:14:58 | INFO     | üõ° –°–µ—Ä–≤–µ—Ä: Space_Marine 2RU | ID: 1118852004786225192 | –£—á–∞—Å—Ç–Ω–∏–∫–æ–≤: 280
2025-11-18 22:14:58 | INFO     | üõ° –°–µ—Ä–≤–µ—Ä: winie's server | ID: 1335265286198263848 | –£—á–∞—Å—Ç–Ω–∏–∫–æ–≤: 56
2025-11-18 22:14:58 | INFO     | üõ° –°–µ—Ä–≤–µ—Ä: –°–µ—Ä–≤–µ—Ä –∫–æ—Ä–∏—Å—Ç—É–≤–∞—á–∞ kraken_5491 | ID: 1411475618343686187 | –£—á–∞—Å—Ç–Ω–∏–∫–æ–≤: 4
2025-11-18 22:14:58 | SUCCESS  | –ö–æ–º–∞–Ω–¥—ã —É—Å–ø–µ—à–Ω–æ —Å–∏–Ω—Ö—Ä–æ–Ω–∏–∑–∏—Ä–æ–≤–∞–Ω—ã
2025-11-18 22:17:14 | WARNING  | üõë –ó–∞–ø—É—Å–∫ –æ—Å—Ç–∞–Ω–æ–≤–ª–µ–Ω –≤—Ä—É—á–Ω—É—é.
2025-11-18 22:17:50 | INFO     | HTTP Request: GET https://jqphrrikzkntcyzsrbrc.supabase.co/rest/v1/active_duels?select=%2A "HTTP/2 200 OK"
2025-11-18 22:17:50 | INFO     | HTTP Request: GET https://jqphrrikzkntcyzsrbrc.supabase.co/rest/v1/duel_stats?select=%2A "HTTP/2 200 OK"
2025-11-18 22:17:50 | INFO     | ‚úÖ –î–∞–Ω–Ω—ã–µ –∏–∑ Supabase –∑–∞–≥—Ä—É–∂–µ–Ω—ã
2025-11-18 22:17:54 | SUCCESS  | üéâ –í—Å–µ —Ñ–∞–π–ª—ã cogs —É—Å–ø–µ—à–Ω–æ –∑–∞–≥—Ä—É–∂–µ–Ω—ã!
2025-11-18 22:17:57 | SUCCESS  | ü§ñ –ë–æ—Ç `Void Sentinel#5662` —É—Å–ø–µ—à–Ω–æ –∑–∞–ø—É—â–µ–Ω (ID: 1230464176745480254)
2025-11-18 22:17:57 | INFO     | üõ° –°–µ—Ä–≤–µ—Ä: Legion Of The Damned | ID: 828749346505490503 | –£—á–∞—Å—Ç–Ω–∏–∫–æ–≤: 9
2025-11-18 22:17:57 | INFO     | üõ° –°–µ—Ä–≤–µ—Ä: Space_Marine 2RU | ID: 1118852004786225192 | –£—á–∞—Å—Ç–Ω–∏–∫–æ–≤: 280
2025-11-18 22:17:57 | INFO     | üõ° –°–µ—Ä–≤–µ—Ä: winie's server | ID: 1335265286198263848 | –£—á–∞—Å—Ç–Ω–∏–∫–æ–≤: 56
2025-11-18 22:17:57 | INFO     | üõ° –°–µ—Ä–≤–µ—Ä: –°–µ—Ä–≤–µ—Ä –∫–æ—Ä–∏—Å—Ç—É–≤–∞—á–∞ kraken_5491 | ID: 1411475618343686187 | –£—á–∞—Å—Ç–Ω–∏–∫–æ–≤: 4
2025-11-18 22:17:58 | SUCCESS  | –ö–æ–º–∞–Ω–¥—ã —É—Å–ø–µ—à–Ω–æ —Å–∏–Ω—Ö—Ä–æ–Ω–∏–∑–∏—Ä–æ–≤–∞–Ω—ã
2025-11-18 22:19:13 | WARNING  | üõë –ó–∞–ø—É—Å–∫ –æ—Å—Ç–∞–Ω–æ–≤–ª–µ–Ω –≤—Ä—É—á–Ω—É—é.
2025-11-18 22:21:58 | INFO     | HTTP Request: GET https://jqphrrikzkntcyzsrbrc.supabase.co/rest/v1/active_duels?select=%2A "HTTP/2 200 OK"
2025-11-18 22:21:58 | INFO     | HTTP Request: GET https://jqphrrikzkntcyzsrbrc.supabase.co/rest/v1/duel_stats?select=%2A "HTTP/2 200 OK"
2025-11-18 22:21:58 | INFO     | ‚úÖ –î–∞–Ω–Ω—ã–µ –∏–∑ Supabase –∑–∞–≥—Ä—É–∂–µ–Ω—ã
2025-11-18 22:22:01 | SUCCESS  | üéâ –í—Å–µ —Ñ–∞–π–ª—ã cogs —É—Å–ø–µ—à–Ω–æ –∑–∞–≥—Ä—É–∂–µ–Ω—ã!
2025-11-18 22:22:04 | SUCCESS  | ü§ñ –ë–æ—Ç `Void Sentinel#5662` —É—Å–ø–µ—à–Ω–æ –∑–∞–ø—É—â–µ–Ω (ID: 1230464176745480254)
2025-11-18 22:22:04 | INFO     | üõ° –°–µ—Ä–≤–µ—Ä: Legion Of The Damned | ID: 828749346505490503 | –£—á–∞—Å—Ç–Ω–∏–∫–æ–≤: 9
2025-11-18 22:22:04 | INFO     | üõ° –°–µ—Ä–≤–µ—Ä: Space_Marine 2RU | ID: 1118852004786225192 | –£—á–∞—Å—Ç–Ω–∏–∫–æ–≤: 280
2025-11-18 22:22:04 | INFO     | üõ° –°–µ—Ä–≤–µ—Ä: winie's server | ID: 1335265286198263848 | –£—á–∞—Å—Ç–Ω–∏–∫–æ–≤: 56
2025-11-18 22:22:04 | INFO     | üõ° –°–µ—Ä–≤–µ—Ä: –°–µ—Ä–≤–µ—Ä –∫–æ—Ä–∏—Å—Ç—É–≤–∞—á–∞ kraken_5491 | ID: 1411475618343686187 | –£—á–∞—Å—Ç–Ω–∏–∫–æ–≤: 4
2025-11-18 22:22:05 | SUCCESS  | –ö–æ–º–∞–Ω–¥—ã —É—Å–ø–µ—à–Ω–æ —Å–∏–Ω—Ö—Ä–æ–Ω–∏–∑–∏—Ä–æ–≤–∞–Ω—ã
2025-11-18 22:22:57 | WARNING  | üõë –ó–∞–ø—É—Å–∫ –æ—Å—Ç–∞–Ω–æ–≤–ª–µ–Ω –≤—Ä—É—á–Ω—É—é.
2025-11-18 22:24:09 | INFO     | HTTP Request: GET https://jqphrrikzkntcyzsrbrc.supabase.co/rest/v1/active_duels?select=%2A "HTTP/2 200 OK"
2025-11-18 22:24:09 | INFO     | HTTP Request: GET https://jqphrrikzkntcyzsrbrc.supabase.co/rest/v1/duel_stats?select=%2A "HTTP/2 200 OK"
2025-11-18 22:24:09 | INFO     | ‚úÖ –î–∞–Ω–Ω—ã–µ –∏–∑ Supabase –∑–∞–≥—Ä—É–∂–µ–Ω—ã
2025-11-18 22:24:12 | SUCCESS  | üéâ –í—Å–µ —Ñ–∞–π–ª—ã cogs —É—Å–ø–µ—à–Ω–æ –∑–∞–≥—Ä—É–∂–µ–Ω—ã!
2025-11-18 22:24:15 | SUCCESS  | ü§ñ –ë–æ—Ç `Void Sentinel#5662` —É—Å–ø–µ—à–Ω–æ –∑–∞–ø—É—â–µ–Ω (ID: 1230464176745480254)
2025-11-18 22:24:15 | INFO     | üõ° –°–µ—Ä–≤–µ—Ä: Legion Of The Damned | ID: 828749346505490503 | –£—á–∞—Å—Ç–Ω–∏–∫–æ–≤: 9
2025-11-18 22:24:15 | INFO     | üõ° –°–µ—Ä–≤–µ—Ä: Space_Marine 2RU | ID: 1118852004786225192 | –£—á–∞—Å—Ç–Ω–∏–∫–æ–≤: 280
2025-11-18 22:24:15 | INFO     | üõ° –°–µ—Ä–≤–µ—Ä: winie's server | ID: 1335265286198263848 | –£—á–∞—Å—Ç–Ω–∏–∫–æ–≤: 56
2025-11-18 22:24:15 | INFO     | üõ° –°–µ—Ä–≤–µ—Ä: –°–µ—Ä–≤–µ—Ä –∫–æ—Ä–∏—Å—Ç—É–≤–∞—á–∞ kraken_5491 | ID: 1411475618343686187 | –£—á–∞—Å—Ç–Ω–∏–∫–æ–≤: 4
2025-11-18 22:24:15 | SUCCESS  | –ö–æ–º–∞–Ω–¥—ã —É—Å–ø–µ—à–Ω–æ —Å–∏–Ω—Ö—Ä–æ–Ω–∏–∑–∏—Ä–æ–≤–∞–Ω—ã
2025-11-18 22:26:03 | WARNING  | üõë –ó–∞–ø—É—Å–∫ –æ—Å—Ç–∞–Ω–æ–≤–ª–µ–Ω –≤—Ä—É—á–Ω—É—é.
2025-11-18 22:29:00 | INFO     | HTTP Request: GET https://jqphrrikzkntcyzsrbrc.supabase.co/rest/v1/active_duels?select=%2A "HTTP/2 200 OK"
2025-11-18 22:29:00 | INFO     | HTTP Request: GET https://jqphrrikzkntcyzsrbrc.supabase.co/rest/v1/duel_stats?select=%2A "HTTP/2 200 OK"
2025-11-18 22:29:00 | INFO     | ‚úÖ –î–∞–Ω–Ω—ã–µ –∏–∑ Supabase –∑–∞–≥—Ä—É–∂–µ–Ω—ã
2025-11-18 22:29:02 | SUCCESS  | üéâ –í—Å–µ —Ñ–∞–π–ª—ã cogs —É—Å–ø–µ—à–Ω–æ –∑–∞–≥—Ä—É–∂–µ–Ω—ã!
2025-11-18 22:29:06 | SUCCESS  | ü§ñ –ë–æ—Ç `Void Sentinel#5662` —É—Å–ø–µ—à–Ω–æ –∑–∞–ø—É—â–µ–Ω (ID: 1230464176745480254)
2025-11-18 22:29:06 | INFO     | üõ° –°–µ—Ä–≤–µ—Ä: Legion Of The Damned | ID: 828749346505490503 | –£—á–∞—Å—Ç–Ω–∏–∫–æ–≤: 9
2025-11-18 22:29:06 | INFO     | üõ° –°–µ—Ä–≤–µ—Ä: Space_Marine 2RU | ID: 1118852004786225192 | –£—á–∞—Å—Ç–Ω–∏–∫–æ–≤: 280
2025-11-18 22:29:06 | INFO     | üõ° –°–µ—Ä–≤–µ—Ä: winie's server | ID: 1335265286198263848 | –£—á–∞—Å—Ç–Ω–∏–∫–æ–≤: 56
2025-11-18 22:29:06 | INFO     | üõ° –°–µ—Ä–≤–µ—Ä: –°–µ—Ä–≤–µ—Ä –∫–æ—Ä–∏—Å—Ç—É–≤–∞—á–∞ kraken_5491 | ID: 1411475618343686187 | –£—á–∞—Å—Ç–Ω–∏–∫–æ–≤: 4
2025-11-18 22:29:06 | SUCCESS  | –ö–æ–º–∞–Ω–¥—ã —É—Å–ø–µ—à–Ω–æ —Å–∏–Ω—Ö—Ä–æ–Ω–∏–∑–∏—Ä–æ–≤–∞–Ω—ã
2025-11-18 22:29:52 | WARNING  | üõë –ó–∞–ø—É—Å–∫ –æ—Å—Ç–∞–Ω–æ–≤–ª–µ–Ω –≤—Ä—É—á–Ω—É—é.
2025-11-18 22:47:10 | INFO     | HTTP Request: GET https://jqphrrikzkntcyzsrbrc.supabase.co/rest/v1/active_duels?select=%2A "HTTP/2 200 OK"
2025-11-18 22:47:10 | INFO     | HTTP Request: GET https://jqphrrikzkntcyzsrbrc.supabase.co/rest/v1/duel_stats?select=%2A "HTTP/2 200 OK"
2025-11-18 22:47:10 | INFO     | ‚úÖ –î–∞–Ω–Ω—ã–µ –∏–∑ Supabase –∑–∞–≥—Ä—É–∂–µ–Ω—ã
2025-11-18 22:47:14 | CRITICAL | ‚ùå –û—à–∏–±–∫–∏ –ø—Ä–∏ –∑–∞–≥—Ä—É–∑–∫–µ –º–æ–¥—É–ª–µ–π: cogs.stalcraft.py
2025-11-18 22:47:14 | ERROR    | 
--- –û—à–∏–±–∫–∞ –≤ `cogs.stalcraft.py` ---
Traceback (most recent call last):
  File "<frozen importlib.util>", line 93, in find_spec
AttributeError: module 'cogs.stalcraft' has no attribute '__path__'. Did you mean: '__name__'?

The above exception was the direct cause of the following exception:

Traceback (most recent call last):
  File "C:\Users\KLegi\Desktop\Void-Sentinel-develop\main.py", line 49, in load_cogs
    await bot.load_extension(cog)
  File "C:\Users\KLegi\AppData\Local\Packages\PythonSoftwareFoundation.Python.3.13_qbz5n2kfra8p0\LocalCache\local-packages\Python313\site-packages\discord\ext\commands\bot.py", line 1036, in load_extension
    spec = importlib.util.find_spec(name)
  File "<frozen importlib.util>", line 95, in find_spec
ModuleNotFoundError: __path__ attribute not found on 'cogs.stalcraft' while trying to find 'cogs.stalcraft.py'

--- –ö–æ–Ω–µ—Ü –æ—à–∏–±–∫–∏ ---
2025-11-18 22:47:18 | SUCCESS  | ü§ñ –ë–æ—Ç `Void Sentinel#5662` —É—Å–ø–µ—à–Ω–æ –∑–∞–ø—É—â–µ–Ω (ID: 1230464176745480254)
2025-11-18 22:47:18 | INFO     | üõ° –°–µ—Ä–≤–µ—Ä: Legion Of The Damned | ID: 828749346505490503 | –£—á–∞—Å—Ç–Ω–∏–∫–æ–≤: 9
2025-11-18 22:47:18 | INFO     | üõ° –°–µ—Ä–≤–µ—Ä: Space_Marine 2RU | ID: 1118852004786225192 | –£—á–∞—Å—Ç–Ω–∏–∫–æ–≤: 280
2025-11-18 22:47:18 | INFO     | üõ° –°–µ—Ä–≤–µ—Ä: winie's server | ID: 1335265286198263848 | –£—á–∞—Å—Ç–Ω–∏–∫–æ–≤: 56
2025-11-18 22:47:18 | INFO     | üõ° –°–µ—Ä–≤–µ—Ä: –°–µ—Ä–≤–µ—Ä –∫–æ—Ä–∏—Å—Ç—É–≤–∞—á–∞ kraken_5491 | ID: 1411475618343686187 | –£—á–∞—Å—Ç–Ω–∏–∫–æ–≤: 4
2025-11-18 22:47:18 | SUCCESS  | –ö–æ–º–∞–Ω–¥—ã —É—Å–ø–µ—à–Ω–æ —Å–∏–Ω—Ö—Ä–æ–Ω–∏–∑–∏—Ä–æ–≤–∞–Ω—ã
2025-11-18 22:47:20 | WARNING  | üõë –ó–∞–ø—É—Å–∫ –æ—Å—Ç–∞–Ω–æ–≤–ª–µ–Ω –≤—Ä—É—á–Ω—É—é.
2025-11-18 22:49:07 | INFO     | HTTP Request: GET https://jqphrrikzkntcyzsrbrc.supabase.co/rest/v1/active_duels?select=%2A "HTTP/2 200 OK"
2025-11-18 22:49:07 | INFO     | HTTP Request: GET https://jqphrrikzkntcyzsrbrc.supabase.co/rest/v1/duel_stats?select=%2A "HTTP/2 200 OK"
2025-11-18 22:49:07 | INFO     | ‚úÖ –î–∞–Ω–Ω—ã–µ –∏–∑ Supabase –∑–∞–≥—Ä—É–∂–µ–Ω—ã
2025-11-18 22:49:10 | CRITICAL | ‚ùå –û—à–∏–±–∫–∏ –ø—Ä–∏ –∑–∞–≥—Ä—É–∑–∫–µ –º–æ–¥—É–ª–µ–π: cogs.stalcraft.py
2025-11-18 22:49:10 | ERROR    | 
--- –û—à–∏–±–∫–∞ –≤ `cogs.stalcraft.py` ---
Traceback (most recent call last):
  File "<frozen importlib.util>", line 93, in find_spec
AttributeError: module 'cogs.stalcraft' has no attribute '__path__'. Did you mean: '__name__'?

The above exception was the direct cause of the following exception:

Traceback (most recent call last):
  File "C:\Users\KLegi\Desktop\Void-Sentinel-develop\main.py", line 49, in load_cogs
    await bot.load_extension(cog)
  File "C:\Users\KLegi\AppData\Local\Packages\PythonSoftwareFoundation.Python.3.13_qbz5n2kfra8p0\LocalCache\local-packages\Python313\site-packages\discord\ext\commands\bot.py", line 1036, in load_extension
    spec = importlib.util.find_spec(name)
  File "<frozen importlib.util>", line 95, in find_spec
ModuleNotFoundError: __path__ attribute not found on 'cogs.stalcraft' while trying to find 'cogs.stalcraft.py'

--- –ö–æ–Ω–µ—Ü –æ—à–∏–±–∫–∏ ---
2025-11-18 22:49:12 | WARNING  | üõë –ó–∞–ø—É—Å–∫ –æ—Å—Ç–∞–Ω–æ–≤–ª–µ–Ω –≤—Ä—É—á–Ω—É—é.
2025-11-18 22:49:12 | ERROR    | Unclosed client session
client_session: <aiohttp.client.ClientSession object at 0x000002D50E0CD2B0>
2025-11-18 22:50:11 | INFO     | HTTP Request: GET https://jqphrrikzkntcyzsrbrc.supabase.co/rest/v1/active_duels?select=%2A "HTTP/2 200 OK"
2025-11-18 22:50:12 | INFO     | HTTP Request: GET https://jqphrrikzkntcyzsrbrc.supabase.co/rest/v1/duel_stats?select=%2A "HTTP/2 200 OK"
2025-11-18 22:50:12 | INFO     | ‚úÖ –î–∞–Ω–Ω—ã–µ –∏–∑ Supabase –∑–∞–≥—Ä—É–∂–µ–Ω—ã
2025-11-18 22:50:15 | CRITICAL | ‚ùå –û—à–∏–±–∫–∏ –ø—Ä–∏ –∑–∞–≥—Ä—É–∑–∫–µ –º–æ–¥—É–ª–µ–π: cogs.stalcraft.py
2025-11-18 22:50:15 | ERROR    | 
--- –û—à–∏–±–∫–∞ –≤ `cogs.stalcraft.py` ---
Traceback (most recent call last):
  File "<frozen importlib.util>", line 93, in find_spec
AttributeError: module 'cogs.stalcraft' has no attribute '__path__'. Did you mean: '__name__'?

The above exception was the direct cause of the following exception:

Traceback (most recent call last):
  File "C:\Users\KLegi\Desktop\Void-Sentinel-develop\main.py", line 49, in load_cogs
    await bot.load_extension(cog)
  File "C:\Users\KLegi\AppData\Local\Packages\PythonSoftwareFoundation.Python.3.13_qbz5n2kfra8p0\LocalCache\local-packages\Python313\site-packages\discord\ext\commands\bot.py", line 1036, in load_extension
    spec = importlib.util.find_spec(name)
  File "<frozen importlib.util>", line 95, in find_spec
ModuleNotFoundError: __path__ attribute not found on 'cogs.stalcraft' while trying to find 'cogs.stalcraft.py'

--- –ö–æ–Ω–µ—Ü –æ—à–∏–±–∫–∏ ---
2025-11-18 22:50:19 | SUCCESS  | ü§ñ –ë–æ—Ç `Void Sentinel#5662` —É—Å–ø–µ—à–Ω–æ –∑–∞–ø—É—â–µ–Ω (ID: 1230464176745480254)
2025-11-18 22:50:19 | INFO     | üõ° –°–µ—Ä–≤–µ—Ä: Legion Of The Damned | ID: 828749346505490503 | –£—á–∞—Å—Ç–Ω–∏–∫–æ–≤: 9
2025-11-18 22:50:19 | INFO     | üõ° –°–µ—Ä–≤–µ—Ä: Space_Marine 2RU | ID: 1118852004786225192 | –£—á–∞—Å—Ç–Ω–∏–∫–æ–≤: 280
2025-11-18 22:50:19 | INFO     | üõ° –°–µ—Ä–≤–µ—Ä: winie's server | ID: 1335265286198263848 | –£—á–∞—Å—Ç–Ω–∏–∫–æ–≤: 56
2025-11-18 22:50:19 | INFO     | üõ° –°–µ—Ä–≤–µ—Ä: –°–µ—Ä–≤–µ—Ä –∫–æ—Ä–∏—Å—Ç—É–≤–∞—á–∞ kraken_5491 | ID: 1411475618343686187 | –£—á–∞—Å—Ç–Ω–∏–∫–æ–≤: 4
2025-11-18 22:50:19 | SUCCESS  | –ö–æ–º–∞–Ω–¥—ã —É—Å–ø–µ—à–Ω–æ —Å–∏–Ω—Ö—Ä–æ–Ω–∏–∑–∏—Ä–æ–≤–∞–Ω—ã
2025-11-18 22:50:20 | WARNING  | üõë –ó–∞–ø—É—Å–∫ –æ—Å—Ç–∞–Ω–æ–≤–ª–µ–Ω –≤—Ä—É—á–Ω—É—é.
2025-11-18 22:51:09 | INFO     | HTTP Request: GET https://jqphrrikzkntcyzsrbrc.supabase.co/rest/v1/active_duels?select=%2A "HTTP/2 200 OK"
2025-11-18 22:51:09 | INFO     | HTTP Request: GET https://jqphrrikzkntcyzsrbrc.supabase.co/rest/v1/duel_stats?select=%2A "HTTP/2 200 OK"
2025-11-18 22:51:09 | INFO     | ‚úÖ –î–∞–Ω–Ω—ã–µ –∏–∑ Supabase –∑–∞–≥—Ä—É–∂–µ–Ω—ã
2025-11-18 22:51:13 | CRITICAL | ‚ùå –û—à–∏–±–∫–∏ –ø—Ä–∏ –∑–∞–≥—Ä—É–∑–∫–µ –º–æ–¥—É–ª–µ–π: cogs.stalcraft.py
2025-11-18 22:51:13 | ERROR    | 
--- –û—à–∏–±–∫–∞ –≤ `cogs.stalcraft.py` ---
Traceback (most recent call last):
  File "<frozen importlib.util>", line 93, in find_spec
AttributeError: module 'cogs.stalcraft' has no attribute '__path__'. Did you mean: '__name__'?

The above exception was the direct cause of the following exception:

Traceback (most recent call last):
  File "C:\Users\KLegi\Desktop\Void-Sentinel-develop\main.py", line 49, in load_cogs
    await bot.load_extension(cog)
  File "C:\Users\KLegi\AppData\Local\Packages\PythonSoftwareFoundation.Python.3.13_qbz5n2kfra8p0\LocalCache\local-packages\Python313\site-packages\discord\ext\commands\bot.py", line 1036, in load_extension
    spec = importlib.util.find_spec(name)
  File "<frozen importlib.util>", line 95, in find_spec
ModuleNotFoundError: __path__ attribute not found on 'cogs.stalcraft' while trying to find 'cogs.stalcraft.py'

--- –ö–æ–Ω–µ—Ü –æ—à–∏–±–∫–∏ ---
2025-11-18 22:51:16 | SUCCESS  | ü§ñ –ë–æ—Ç `Void Sentinel#5662` —É—Å–ø–µ—à–Ω–æ –∑–∞–ø—É—â–µ–Ω (ID: 1230464176745480254)
2025-11-18 22:51:16 | INFO     | üõ° –°–µ—Ä–≤–µ—Ä: Legion Of The Damned | ID: 828749346505490503 | –£—á–∞—Å—Ç–Ω–∏–∫–æ–≤: 9
2025-11-18 22:51:16 | INFO     | üõ° –°–µ—Ä–≤–µ—Ä: Space_Marine 2RU | ID: 1118852004786225192 | –£—á–∞—Å—Ç–Ω–∏–∫–æ–≤: 280
2025-11-18 22:51:16 | INFO     | üõ° –°–µ—Ä–≤–µ—Ä: winie's server | ID: 1335265286198263848 | –£—á–∞—Å—Ç–Ω–∏–∫–æ–≤: 56
2025-11-18 22:51:16 | INFO     | üõ° –°–µ—Ä–≤–µ—Ä: –°–µ—Ä–≤–µ—Ä –∫–æ—Ä–∏—Å—Ç—É–≤–∞—á–∞ kraken_5491 | ID: 1411475618343686187 | –£—á–∞—Å—Ç–Ω–∏–∫–æ–≤: 4
2025-11-18 22:51:17 | WARNING  | üõë –ó–∞–ø—É—Å–∫ –æ—Å—Ç–∞–Ω–æ–≤–ª–µ–Ω –≤—Ä—É—á–Ω—É—é.
2025-11-18 22:56:03 | INFO     | HTTP Request: GET https://jqphrrikzkntcyzsrbrc.supabase.co/rest/v1/active_duels?select=%2A "HTTP/2 200 OK"
2025-11-18 22:56:03 | INFO     | HTTP Request: GET https://jqphrrikzkntcyzsrbrc.supabase.co/rest/v1/duel_stats?select=%2A "HTTP/2 200 OK"
2025-11-18 22:56:03 | INFO     | ‚úÖ –î–∞–Ω–Ω—ã–µ –∏–∑ Supabase –∑–∞–≥—Ä—É–∂–µ–Ω—ã
2025-11-18 22:56:06 | CRITICAL | ‚ùå –û—à–∏–±–∫–∏ –ø—Ä–∏ –∑–∞–≥—Ä—É–∑–∫–µ –º–æ–¥—É–ª–µ–π: cogs.stalcraft
2025-11-18 22:56:06 | ERROR    | 
--- –û—à–∏–±–∫–∞ –≤ `cogs.stalcraft` ---
Traceback (most recent call last):
  File "C:\Users\KLegi\AppData\Local\Packages\PythonSoftwareFoundation.Python.3.13_qbz5n2kfra8p0\LocalCache\local-packages\Python313\site-packages\discord\ext\commands\bot.py", line 974, in _load_from_module_spec
    await setup(self)
  File "C:\Users\KLegi\Desktop\Void-Sentinel-develop\cogs\stalcraft.py", line 67, in setup
    await bot.tree.sync(guild=discord.Object(id=GUILD_ID))
  File "C:\Users\KLegi\AppData\Local\Packages\PythonSoftwareFoundation.Python.3.13_qbz5n2kfra8p0\LocalCache\local-packages\Python313\site-packages\discord\app_commands\tree.py", line 1104, in sync
    raise MissingApplicationID
discord.errors.MissingApplicationID: Client does not have an application_id set. Either the function was called before on_ready was called or application_id was not passed to the Client constructor.

The above exception was the direct cause of the following exception:

Traceback (most recent call last):
  File "C:\Users\KLegi\Desktop\Void-Sentinel-develop\main.py", line 49, in load_cogs
    await bot.load_extension(cog)
  File "C:\Users\KLegi\AppData\Local\Packages\PythonSoftwareFoundation.Python.3.13_qbz5n2kfra8p0\LocalCache\local-packages\Python313\site-packages\discord\ext\commands\bot.py", line 1040, in load_extension
    await self._load_from_module_spec(spec, name)
  File "C:\Users\KLegi\AppData\Local\Packages\PythonSoftwareFoundation.Python.3.13_qbz5n2kfra8p0\LocalCache\local-packages\Python313\site-packages\discord\ext\commands\bot.py", line 979, in _load_from_module_spec
    raise errors.ExtensionFailed(key, e) from e
discord.ext.commands.errors.ExtensionFailed: Extension 'cogs.stalcraft' raised an error: MissingApplicationID: Client does not have an application_id set. Either the function was called before on_ready was called or application_id was not passed to the Client constructor.

--- –ö–æ–Ω–µ—Ü –æ—à–∏–±–∫–∏ ---
2025-11-18 22:56:10 | SUCCESS  | ü§ñ –ë–æ—Ç `Void Sentinel#5662` —É—Å–ø–µ—à–Ω–æ –∑–∞–ø—É—â–µ–Ω (ID: 1230464176745480254)
2025-11-18 22:56:10 | INFO     | üõ° –°–µ—Ä–≤–µ—Ä: Legion Of The Damned | ID: 828749346505490503 | –£—á–∞—Å—Ç–Ω–∏–∫–æ–≤: 9
2025-11-18 22:56:10 | INFO     | üõ° –°–µ—Ä–≤–µ—Ä: Space_Marine 2RU | ID: 1118852004786225192 | –£—á–∞—Å—Ç–Ω–∏–∫–æ–≤: 280
2025-11-18 22:56:10 | INFO     | üõ° –°–µ—Ä–≤–µ—Ä: winie's server | ID: 1335265286198263848 | –£—á–∞—Å—Ç–Ω–∏–∫–æ–≤: 56
2025-11-18 22:56:10 | INFO     | üõ° –°–µ—Ä–≤–µ—Ä: –°–µ—Ä–≤–µ—Ä –∫–æ—Ä–∏—Å—Ç—É–≤–∞—á–∞ kraken_5491 | ID: 1411475618343686187 | –£—á–∞—Å—Ç–Ω–∏–∫–æ–≤: 4
2025-11-18 22:56:10 | SUCCESS  | –ö–æ–º–∞–Ω–¥—ã —É—Å–ø–µ—à–Ω–æ —Å–∏–Ω—Ö—Ä–æ–Ω–∏–∑–∏—Ä–æ–≤–∞–Ω—ã
2025-11-18 22:56:13 | WARNING  | üõë –ó–∞–ø—É—Å–∫ –æ—Å—Ç–∞–Ω–æ–≤–ª–µ–Ω –≤—Ä—É—á–Ω—É—é.
2025-11-18 22:57:28 | INFO     | HTTP Request: GET https://jqphrrikzkntcyzsrbrc.supabase.co/rest/v1/active_duels?select=%2A "HTTP/2 200 OK"
2025-11-18 22:57:28 | INFO     | HTTP Request: GET https://jqphrrikzkntcyzsrbrc.supabase.co/rest/v1/duel_stats?select=%2A "HTTP/2 200 OK"
2025-11-18 22:57:28 | INFO     | ‚úÖ –î–∞–Ω–Ω—ã–µ –∏–∑ Supabase –∑–∞–≥—Ä—É–∂–µ–Ω—ã
2025-11-18 22:57:31 | SUCCESS  | üéâ –í—Å–µ —Ñ–∞–π–ª—ã cogs —É—Å–ø–µ—à–Ω–æ –∑–∞–≥—Ä—É–∂–µ–Ω—ã!
2025-11-18 22:57:34 | SUCCESS  | ü§ñ –ë–æ—Ç `Void Sentinel#5662` —É—Å–ø–µ—à–Ω–æ –∑–∞–ø—É—â–µ–Ω (ID: 1230464176745480254)
2025-11-18 22:57:34 | INFO     | üõ° –°–µ—Ä–≤–µ—Ä: Legion Of The Damned | ID: 828749346505490503 | –£—á–∞—Å—Ç–Ω–∏–∫–æ–≤: 9
2025-11-18 22:57:34 | INFO     | üõ° –°–µ—Ä–≤–µ—Ä: Space_Marine 2RU | ID: 1118852004786225192 | –£—á–∞—Å—Ç–Ω–∏–∫–æ–≤: 280
2025-11-18 22:57:34 | INFO     | üõ° –°–µ—Ä–≤–µ—Ä: winie's server | ID: 1335265286198263848 | –£—á–∞—Å—Ç–Ω–∏–∫–æ–≤: 56
2025-11-18 22:57:34 | INFO     | üõ° –°–µ—Ä–≤–µ—Ä: –°–µ—Ä–≤–µ—Ä –∫–æ—Ä–∏—Å—Ç—É–≤–∞—á–∞ kraken_5491 | ID: 1411475618343686187 | –£—á–∞—Å—Ç–Ω–∏–∫–æ–≤: 4
2025-11-18 22:57:35 | SUCCESS  | –ö–æ–º–∞–Ω–¥—ã —É—Å–ø–µ—à–Ω–æ —Å–∏–Ω—Ö—Ä–æ–Ω–∏–∑–∏—Ä–æ–≤–∞–Ω—ã
2025-11-18 23:02:38 | WARNING  | üõë –ó–∞–ø—É—Å–∫ –æ—Å—Ç–∞–Ω–æ–≤–ª–µ–Ω –≤—Ä—É—á–Ω—É—é.
2025-11-18 23:02:53 | INFO     | HTTP Request: GET https://jqphrrikzkntcyzsrbrc.supabase.co/rest/v1/active_duels?select=%2A "HTTP/2 200 OK"
2025-11-18 23:02:53 | INFO     | HTTP Request: GET https://jqphrrikzkntcyzsrbrc.supabase.co/rest/v1/duel_stats?select=%2A "HTTP/2 200 OK"
2025-11-18 23:02:53 | INFO     | ‚úÖ –î–∞–Ω–Ω—ã–µ –∏–∑ Supabase –∑–∞–≥—Ä—É–∂–µ–Ω—ã
2025-11-18 23:02:56 | SUCCESS  | üéâ –í—Å–µ —Ñ–∞–π–ª—ã cogs —É—Å–ø–µ—à–Ω–æ –∑–∞–≥—Ä—É–∂–µ–Ω—ã!
2025-11-18 23:02:59 | SUCCESS  | ü§ñ –ë–æ—Ç `Void Sentinel#5662` —É—Å–ø–µ—à–Ω–æ –∑–∞–ø—É—â–µ–Ω (ID: 1230464176745480254)
2025-11-18 23:02:59 | INFO     | üõ° –°–µ—Ä–≤–µ—Ä: Legion Of The Damned | ID: 828749346505490503 | –£—á–∞—Å—Ç–Ω–∏–∫–æ–≤: 9
2025-11-18 23:02:59 | INFO     | üõ° –°–µ—Ä–≤–µ—Ä: Space_Marine 2RU | ID: 1118852004786225192 | –£—á–∞—Å—Ç–Ω–∏–∫–æ–≤: 280
2025-11-18 23:02:59 | INFO     | üõ° –°–µ—Ä–≤–µ—Ä: winie's server | ID: 1335265286198263848 | –£—á–∞—Å—Ç–Ω–∏–∫–æ–≤: 56
2025-11-18 23:02:59 | INFO     | üõ° –°–µ—Ä–≤–µ—Ä: –°–µ—Ä–≤–µ—Ä –∫–æ—Ä–∏—Å—Ç—É–≤–∞—á–∞ kraken_5491 | ID: 1411475618343686187 | –£—á–∞—Å—Ç–Ω–∏–∫–æ–≤: 4
2025-11-18 23:03:00 | SUCCESS  | –ö–æ–º–∞–Ω–¥—ã —É—Å–ø–µ—à–Ω–æ —Å–∏–Ω—Ö—Ä–æ–Ω–∏–∑–∏—Ä–æ–≤–∞–Ω—ã
2025-11-18 23:04:50 | WARNING  | üõë –ó–∞–ø—É—Å–∫ –æ—Å—Ç–∞–Ω–æ–≤–ª–µ–Ω –≤—Ä—É—á–Ω—É—é.
2025-11-18 23:06:35 | INFO     | HTTP Request: GET https://jqphrrikzkntcyzsrbrc.supabase.co/rest/v1/active_duels?select=%2A "HTTP/2 200 OK"
2025-11-18 23:06:35 | INFO     | HTTP Request: GET https://jqphrrikzkntcyzsrbrc.supabase.co/rest/v1/duel_stats?select=%2A "HTTP/2 200 OK"
2025-11-18 23:06:35 | INFO     | ‚úÖ –î–∞–Ω–Ω—ã–µ –∏–∑ Supabase –∑–∞–≥—Ä—É–∂–µ–Ω—ã
2025-11-18 23:06:38 | CRITICAL | ‚ùå –û—à–∏–±–∫–∏ –ø—Ä–∏ –∑–∞–≥—Ä—É–∑–∫–µ –º–æ–¥—É–ª–µ–π: cogs.stalcraft
2025-11-18 23:06:38 | ERROR    | 
--- –û—à–∏–±–∫–∞ –≤ `cogs.stalcraft` ---
Traceback (most recent call last):
  File "C:\Users\KLegi\AppData\Local\Packages\PythonSoftwareFoundation.Python.3.13_qbz5n2kfra8p0\LocalCache\local-packages\Python313\site-packages\discord\ext\commands\bot.py", line 974, in _load_from_module_spec
    await setup(self)
  File "C:\Users\KLegi\Desktop\Void-Sentinel-develop\cogs\stalcraft.py", line 70, in setup
    await bot.tree.sync(guild=discord.Object(id=GUILD_ID))
  File "C:\Users\KLegi\AppData\Local\Packages\PythonSoftwareFoundation.Python.3.13_qbz5n2kfra8p0\LocalCache\local-packages\Python313\site-packages\discord\app_commands\tree.py", line 1104, in sync
    raise MissingApplicationID
discord.errors.MissingApplicationID: Client does not have an application_id set. Either the function was called before on_ready was called or application_id was not passed to the Client constructor.

The above exception was the direct cause of the following exception:

Traceback (most recent call last):
  File "C:\Users\KLegi\Desktop\Void-Sentinel-develop\main.py", line 49, in load_cogs
    await bot.load_extension(cog)
  File "C:\Users\KLegi\AppData\Local\Packages\PythonSoftwareFoundation.Python.3.13_qbz5n2kfra8p0\LocalCache\local-packages\Python313\site-packages\discord\ext\commands\bot.py", line 1040, in load_extension
    await self._load_from_module_spec(spec, name)
  File "C:\Users\KLegi\AppData\Local\Packages\PythonSoftwareFoundation.Python.3.13_qbz5n2kfra8p0\LocalCache\local-packages\Python313\site-packages\discord\ext\commands\bot.py", line 979, in _load_from_module_spec
    raise errors.ExtensionFailed(key, e) from e
discord.ext.commands.errors.ExtensionFailed: Extension 'cogs.stalcraft' raised an error: MissingApplicationID: Client does not have an application_id set. Either the function was called before on_ready was called or application_id was not passed to the Client constructor.

--- –ö–æ–Ω–µ—Ü –æ—à–∏–±–∫–∏ ---
2025-11-18 23:06:42 | SUCCESS  | ü§ñ –ë–æ—Ç `Void Sentinel#5662` —É—Å–ø–µ—à–Ω–æ –∑–∞–ø—É—â–µ–Ω (ID: 1230464176745480254)
2025-11-18 23:06:42 | INFO     | üõ° –°–µ—Ä–≤–µ—Ä: Legion Of The Damned | ID: 828749346505490503 | –£—á–∞—Å—Ç–Ω–∏–∫–æ–≤: 9
2025-11-18 23:06:42 | INFO     | üõ° –°–µ—Ä–≤–µ—Ä: Space_Marine 2RU | ID: 1118852004786225192 | –£—á–∞—Å—Ç–Ω–∏–∫–æ–≤: 280
2025-11-18 23:06:42 | INFO     | üõ° –°–µ—Ä–≤–µ—Ä: winie's server | ID: 1335265286198263848 | –£—á–∞—Å—Ç–Ω–∏–∫–æ–≤: 56
2025-11-18 23:06:42 | INFO     | üõ° –°–µ—Ä–≤–µ—Ä: –°–µ—Ä–≤–µ—Ä –∫–æ—Ä–∏—Å—Ç—É–≤–∞—á–∞ kraken_5491 | ID: 1411475618343686187 | –£—á–∞—Å—Ç–Ω–∏–∫–æ–≤: 4
2025-11-18 23:06:42 | SUCCESS  | –ö–æ–º–∞–Ω–¥—ã —É—Å–ø–µ—à–Ω–æ —Å–∏–Ω—Ö—Ä–æ–Ω–∏–∑–∏—Ä–æ–≤–∞–Ω—ã
2025-11-18 23:06:46 | WARNING  | üõë –ó–∞–ø—É—Å–∫ –æ—Å—Ç–∞–Ω–æ–≤–ª–µ–Ω –≤—Ä—É—á–Ω—É—é.
2025-11-18 23:07:31 | INFO     | HTTP Request: GET https://jqphrrikzkntcyzsrbrc.supabase.co/rest/v1/active_duels?select=%2A "HTTP/2 200 OK"
2025-11-18 23:07:31 | INFO     | HTTP Request: GET https://jqphrrikzkntcyzsrbrc.supabase.co/rest/v1/duel_stats?select=%2A "HTTP/2 200 OK"
2025-11-18 23:07:31 | INFO     | ‚úÖ –î–∞–Ω–Ω—ã–µ –∏–∑ Supabase –∑–∞–≥—Ä—É–∂–µ–Ω—ã
2025-11-18 23:07:35 | SUCCESS  | üéâ –í—Å–µ —Ñ–∞–π–ª—ã cogs —É—Å–ø–µ—à–Ω–æ –∑–∞–≥—Ä—É–∂–µ–Ω—ã!
2025-11-18 23:07:38 | SUCCESS  | ü§ñ –ë–æ—Ç `Void Sentinel#5662` —É—Å–ø–µ—à–Ω–æ –∑–∞–ø—É—â–µ–Ω (ID: 1230464176745480254)
2025-11-18 23:07:38 | INFO     | üõ° –°–µ—Ä–≤–µ—Ä: Legion Of The Damned | ID: 828749346505490503 | –£—á–∞—Å—Ç–Ω–∏–∫–æ–≤: 9
2025-11-18 23:07:38 | INFO     | üõ° –°–µ—Ä–≤–µ—Ä: Space_Marine 2RU | ID: 1118852004786225192 | –£—á–∞—Å—Ç–Ω–∏–∫–æ–≤: 280
2025-11-18 23:07:38 | INFO     | üõ° –°–µ—Ä–≤–µ—Ä: winie's server | ID: 1335265286198263848 | –£—á–∞—Å—Ç–Ω–∏–∫–æ–≤: 56
2025-11-18 23:07:38 | INFO     | üõ° –°–µ—Ä–≤–µ—Ä: –°–µ—Ä–≤–µ—Ä –∫–æ—Ä–∏—Å—Ç—É–≤–∞—á–∞ kraken_5491 | ID: 1411475618343686187 | –£—á–∞—Å—Ç–Ω–∏–∫–æ–≤: 4
2025-11-18 23:08:12 | SUCCESS  | –ö–æ–º–∞–Ω–¥—ã —É—Å–ø–µ—à–Ω–æ —Å–∏–Ω—Ö—Ä–æ–Ω–∏–∑–∏—Ä–æ–≤–∞–Ω—ã
2025-11-18 23:08:34 | WARNING  | üõë –ó–∞–ø—É—Å–∫ –æ—Å—Ç–∞–Ω–æ–≤–ª–µ–Ω –≤—Ä—É—á–Ω—É—é.
2025-11-18 23:09:14 | INFO     | HTTP Request: GET https://jqphrrikzkntcyzsrbrc.supabase.co/rest/v1/active_duels?select=%2A "HTTP/2 200 OK"
2025-11-18 23:09:15 | INFO     | HTTP Request: GET https://jqphrrikzkntcyzsrbrc.supabase.co/rest/v1/duel_stats?select=%2A "HTTP/2 200 OK"
2025-11-18 23:09:15 | INFO     | ‚úÖ –î–∞–Ω–Ω—ã–µ –∏–∑ Supabase –∑–∞–≥—Ä—É–∂–µ–Ω—ã
2025-11-18 23:09:17 | SUCCESS  | üéâ –í—Å–µ —Ñ–∞–π–ª—ã cogs —É—Å–ø–µ—à–Ω–æ –∑–∞–≥—Ä—É–∂–µ–Ω—ã!
2025-11-18 23:09:21 | SUCCESS  | ü§ñ –ë–æ—Ç `Void Sentinel#5662` —É—Å–ø–µ—à–Ω–æ –∑–∞–ø—É—â–µ–Ω (ID: 1230464176745480254)
2025-11-18 23:09:21 | INFO     | üõ° –°–µ—Ä–≤–µ—Ä: Legion Of The Damned | ID: 828749346505490503 | –£—á–∞—Å—Ç–Ω–∏–∫–æ–≤: 9
2025-11-18 23:09:21 | INFO     | üõ° –°–µ—Ä–≤–µ—Ä: Space_Marine 2RU | ID: 1118852004786225192 | –£—á–∞—Å—Ç–Ω–∏–∫–æ–≤: 280
2025-11-18 23:09:21 | INFO     | üõ° –°–µ—Ä–≤–µ—Ä: winie's server | ID: 1335265286198263848 | –£—á–∞—Å—Ç–Ω–∏–∫–æ–≤: 56
2025-11-18 23:09:21 | INFO     | üõ° –°–µ—Ä–≤–µ—Ä: –°–µ—Ä–≤–µ—Ä –∫–æ—Ä–∏—Å—Ç—É–≤–∞—á–∞ kraken_5491 | ID: 1411475618343686187 | –£—á–∞—Å—Ç–Ω–∏–∫–æ–≤: 4
2025-11-18 23:09:21 | SUCCESS  | –ö–æ–º–∞–Ω–¥—ã —É—Å–ø–µ—à–Ω–æ —Å–∏–Ω—Ö—Ä–æ–Ω–∏–∑–∏—Ä–æ–≤–∞–Ω—ã
2025-11-18 23:10:32 | WARNING  | üõë –ó–∞–ø—É—Å–∫ –æ—Å—Ç–∞–Ω–æ–≤–ª–µ–Ω –≤—Ä—É—á–Ω—É—é.
2025-11-18 23:14:20 | INFO     | HTTP Request: GET https://jqphrrikzkntcyzsrbrc.supabase.co/rest/v1/active_duels?select=%2A "HTTP/2 200 OK"
2025-11-18 23:14:20 | INFO     | HTTP Request: GET https://jqphrrikzkntcyzsrbrc.supabase.co/rest/v1/duel_stats?select=%2A "HTTP/2 200 OK"
2025-11-18 23:14:20 | INFO     | ‚úÖ –î–∞–Ω–Ω—ã–µ –∏–∑ Supabase –∑–∞–≥—Ä—É–∂–µ–Ω—ã
2025-11-18 23:14:24 | SUCCESS  | üéâ –í—Å–µ —Ñ–∞–π–ª—ã cogs —É—Å–ø–µ—à–Ω–æ –∑–∞–≥—Ä—É–∂–µ–Ω—ã!
2025-11-18 23:14:27 | SUCCESS  | ü§ñ –ë–æ—Ç `Void Sentinel#5662` —É—Å–ø–µ—à–Ω–æ –∑–∞–ø—É—â–µ–Ω (ID: 1230464176745480254)
2025-11-18 23:14:27 | INFO     | üõ° –°–µ—Ä–≤–µ—Ä: Legion Of The Damned | ID: 828749346505490503 | –£—á–∞—Å—Ç–Ω–∏–∫–æ–≤: 9
2025-11-18 23:14:27 | INFO     | üõ° –°–µ—Ä–≤–µ—Ä: Space_Marine 2RU | ID: 1118852004786225192 | –£—á–∞—Å—Ç–Ω–∏–∫–æ–≤: 280
2025-11-18 23:14:27 | INFO     | üõ° –°–µ—Ä–≤–µ—Ä: winie's server | ID: 1335265286198263848 | –£—á–∞—Å—Ç–Ω–∏–∫–æ–≤: 56
2025-11-18 23:14:27 | INFO     | üõ° –°–µ—Ä–≤–µ—Ä: –°–µ—Ä–≤–µ—Ä –∫–æ—Ä–∏—Å—Ç—É–≤–∞—á–∞ kraken_5491 | ID: 1411475618343686187 | –£—á–∞—Å—Ç–Ω–∏–∫–æ–≤: 4
2025-11-18 23:14:28 | SUCCESS  | –ö–æ–º–∞–Ω–¥—ã —É—Å–ø–µ—à–Ω–æ —Å–∏–Ω—Ö—Ä–æ–Ω–∏–∑–∏—Ä–æ–≤–∞–Ω—ã
2025-11-18 23:19:15 | INFO     | HTTP Request: GET https://jqphrrikzkntcyzsrbrc.supabase.co/rest/v1/active_duels?select=%2A "HTTP/2 200 OK"
2025-11-18 23:19:16 | INFO     | HTTP Request: GET https://jqphrrikzkntcyzsrbrc.supabase.co/rest/v1/duel_stats?select=%2A "HTTP/2 200 OK"
2025-11-18 23:19:16 | INFO     | ‚úÖ –î–∞–Ω–Ω—ã–µ –∏–∑ Supabase –∑–∞–≥—Ä—É–∂–µ–Ω—ã
2025-11-18 23:19:20 | WARNING  | üõë –ó–∞–ø—É—Å–∫ –æ—Å—Ç–∞–Ω–æ–≤–ª–µ–Ω –≤—Ä—É—á–Ω—É—é.
2025-11-18 23:19:20 | SUCCESS  | üéâ –í—Å–µ —Ñ–∞–π–ª—ã cogs —É—Å–ø–µ—à–Ω–æ –∑–∞–≥—Ä—É–∂–µ–Ω—ã!
2025-11-18 23:19:24 | SUCCESS  | ü§ñ –ë–æ—Ç `Void Sentinel#5662` —É—Å–ø–µ—à–Ω–æ –∑–∞–ø—É—â–µ–Ω (ID: 1230464176745480254)
2025-11-18 23:19:24 | INFO     | üõ° –°–µ—Ä–≤–µ—Ä: Legion Of The Damned | ID: 828749346505490503 | –£—á–∞—Å—Ç–Ω–∏–∫–æ–≤: 9
2025-11-18 23:19:24 | INFO     | üõ° –°–µ—Ä–≤–µ—Ä: Space_Marine 2RU | ID: 1118852004786225192 | –£—á–∞—Å—Ç–Ω–∏–∫–æ–≤: 280
2025-11-18 23:19:24 | INFO     | üõ° –°–µ—Ä–≤–µ—Ä: winie's server | ID: 1335265286198263848 | –£—á–∞—Å—Ç–Ω–∏–∫–æ–≤: 56
2025-11-18 23:19:24 | INFO     | üõ° –°–µ—Ä–≤–µ—Ä: –°–µ—Ä–≤–µ—Ä –∫–æ—Ä–∏—Å—Ç—É–≤–∞—á–∞ kraken_5491 | ID: 1411475618343686187 | –£—á–∞—Å—Ç–Ω–∏–∫–æ–≤: 4
2025-11-18 23:19:24 | SUCCESS  | –ö–æ–º–∞–Ω–¥—ã —É—Å–ø–µ—à–Ω–æ —Å–∏–Ω—Ö—Ä–æ–Ω–∏–∑–∏—Ä–æ–≤–∞–Ω—ã
2025-11-18 23:23:03 | WARNING  | üõë –ó–∞–ø—É—Å–∫ –æ—Å—Ç–∞–Ω–æ–≤–ª–µ–Ω –≤—Ä—É—á–Ω—É—é.
2025-11-18 23:23:14 | INFO     | HTTP Request: GET https://jqphrrikzkntcyzsrbrc.supabase.co/rest/v1/active_duels?select=%2A "HTTP/2 200 OK"
2025-11-18 23:23:14 | INFO     | HTTP Request: GET https://jqphrrikzkntcyzsrbrc.supabase.co/rest/v1/duel_stats?select=%2A "HTTP/2 200 OK"
2025-11-18 23:23:14 | INFO     | ‚úÖ –î–∞–Ω–Ω—ã–µ –∏–∑ Supabase –∑–∞–≥—Ä—É–∂–µ–Ω—ã
2025-11-18 23:23:17 | SUCCESS  | üéâ –í—Å–µ —Ñ–∞–π–ª—ã cogs —É—Å–ø–µ—à–Ω–æ –∑–∞–≥—Ä—É–∂–µ–Ω—ã!
2025-11-18 23:23:20 | SUCCESS  | ü§ñ –ë–æ—Ç `Void Sentinel#5662` —É—Å–ø–µ—à–Ω–æ –∑–∞–ø—É—â–µ–Ω (ID: 1230464176745480254)
2025-11-18 23:23:21 | INFO     | üõ° –°–µ—Ä–≤–µ—Ä: Legion Of The Damned | ID: 828749346505490503 | –£—á–∞—Å—Ç–Ω–∏–∫–æ–≤: 9
2025-11-18 23:23:21 | INFO     | üõ° –°–µ—Ä–≤–µ—Ä: Space_Marine 2RU | ID: 1118852004786225192 | –£—á–∞—Å—Ç–Ω–∏–∫–æ–≤: 280
2025-11-18 23:23:21 | INFO     | üõ° –°–µ—Ä–≤–µ—Ä: winie's server | ID: 1335265286198263848 | –£—á–∞—Å—Ç–Ω–∏–∫–æ–≤: 56
2025-11-18 23:23:21 | INFO     | üõ° –°–µ—Ä–≤–µ—Ä: –°–µ—Ä–≤–µ—Ä –∫–æ—Ä–∏—Å—Ç—É–≤–∞—á–∞ kraken_5491 | ID: 1411475618343686187 | –£—á–∞—Å—Ç–Ω–∏–∫–æ–≤: 4
2025-11-18 23:23:21 | SUCCESS  | –ö–æ–º–∞–Ω–¥—ã —É—Å–ø–µ—à–Ω–æ —Å–∏–Ω—Ö—Ä–æ–Ω–∏–∑–∏—Ä–æ–≤–∞–Ω—ã
2025-11-18 23:23:48 | WARNING  | üõë –ó–∞–ø—É—Å–∫ –æ—Å—Ç–∞–Ω–æ–≤–ª–µ–Ω –≤—Ä—É—á–Ω—É—é.
